# JRE version: OpenJDK Runtime Environment (8.0_302-b08) (build 1.8.0_302-b08)
# Java VM: OpenJDK 64-Bit Server VM (25.302-b08 mixed mode windows-amd64 compressed oops)
Heap:
 PSYoungGen      total 178688K, used 136209K [0x00000000d5580000, 0x00000000e1580000, 0x0000000100000000)
  eden space 166400K, 81% used [0x00000000d5580000,0x00000000dda84738,0x00000000df800000)
  from space 12288K, 0% used [0x00000000e0480000,0x00000000e0480000,0x00000000e1080000)
  to   space 12800K, 0% used [0x00000000df800000,0x00000000df800000,0x00000000e0480000)
 ParOldGen       total 54272K, used 15039K [0x0000000080000000, 0x0000000083500000, 0x00000000d5580000)
  object space 54272K, 27% used [0x0000000080000000,0x0000000080eafd50,0x0000000083500000)
 Metaspace       used 38298K, capacity 40022K, committed 40320K, reserved 1083392K
  class space    used 5392K, capacity 5715K, committed 5760K, reserved 1048576K
GC Heap History (10 events):
Event: 4.740 GC heap before
{Heap before GC invocations=8 (full 0):
 PSYoungGen      total 69120K, used 17229K [0x00000000d5580000, 0x00000000de280000, 0x0000000100000000)
  eden space 62464K, 16% used [0x00000000d5580000,0x00000000d5fd5c00,0x00000000d9280000)
  from space 6656K, 99% used [0x00000000d9280000,0x00000000d98fd8d0,0x00000000d9900000)
  to   space 9728K, 0% used [0x00000000dd900000,0x00000000dd900000,0x00000000de280000)
 ParOldGen       total 42496K, used 8253K [0x0000000080000000, 0x0000000082980000, 0x00000000d5580000)
  object space 42496K, 19% used [0x0000000080000000,0x000000008080f5f0,0x0000000082980000)
 Metaspace       used 20553K, capacity 21192K, committed 21296K, reserved 1067008K
  class space    used 2937K, capacity 3108K, committed 3200K, reserved 1048576K
Event: 4.751 GC heap after
Heap after GC invocations=8 (full 0):
 PSYoungGen      total 133632K, used 4431K [0x00000000d5580000, 0x00000000de180000, 0x0000000100000000)
  eden space 124928K, 0% used [0x00000000d5580000,0x00000000d5580000,0x00000000dcf80000)
  from space 8704K, 50% used [0x00000000dd900000,0x00000000ddd53fb0,0x00000000de180000)
  to   space 9216K, 0% used [0x00000000dcf80000,0x00000000dcf80000,0x00000000dd880000)
 ParOldGen       total 42496K, used 8773K [0x0000000080000000, 0x0000000082980000, 0x00000000d5580000)
  object space 42496K, 20% used [0x0000000080000000,0x00000000808915f0,0x0000000082980000)
 Metaspace       used 20553K, capacity 21192K, committed 21296K, reserved 1067008K
  class space    used 2937K, capacity 3108K, committed 3200K, reserved 1048576K
}
Event: 4.751 GC heap before
{Heap before GC invocations=9 (full 1):
 PSYoungGen      total 133632K, used 4431K [0x00000000d5580000, 0x00000000de180000, 0x0000000100000000)
  eden space 124928K, 0% used [0x00000000d5580000,0x00000000d5580000,0x00000000dcf80000)
  from space 8704K, 50% used [0x00000000dd900000,0x00000000ddd53fb0,0x00000000de180000)
  to   space 9216K, 0% used [0x00000000dcf80000,0x00000000dcf80000,0x00000000dd880000)
 ParOldGen       total 42496K, used 8773K [0x0000000080000000, 0x0000000082980000, 0x00000000d5580000)
  object space 42496K, 20% used [0x0000000080000000,0x00000000808915f0,0x0000000082980000)
 Metaspace       used 20553K, capacity 21192K, committed 21296K, reserved 1067008K
  class space    used 2937K, capacity 3108K, committed 3200K, reserved 1048576K
Event: 4.830 GC heap after
Heap after GC invocations=9 (full 1):
 PSYoungGen      total 133632K, used 0K [0x00000000d5580000, 0x00000000de180000, 0x0000000100000000)
  eden space 124928K, 0% used [0x00000000d5580000,0x00000000d5580000,0x00000000dcf80000)
  from space 8704K, 0% used [0x00000000dd900000,0x00000000dd900000,0x00000000de180000)
  to   space 9216K, 0% used [0x00000000dcf80000,0x00000000dcf80000,0x00000000dd880000)
 ParOldGen       total 35328K, used 9075K [0x0000000080000000, 0x0000000082280000, 0x00000000d5580000)
  object space 35328K, 25% used [0x0000000080000000,0x00000000808dce10,0x0000000082280000)
 Metaspace       used 20553K, capacity 21192K, committed 21296K, reserved 1067008K
  class space    used 2937K, capacity 3108K, committed 3200K, reserved 1048576K
}
Event: 8.632 GC heap before
{Heap before GC invocations=10 (full 1):
 PSYoungGen      total 133632K, used 124928K [0x00000000d5580000, 0x00000000de180000, 0x0000000100000000)
  eden space 124928K, 100% used [0x00000000d5580000,0x00000000dcf80000,0x00000000dcf80000)
  from space 8704K, 0% used [0x00000000dd900000,0x00000000dd900000,0x00000000de180000)
  to   space 9216K, 0% used [0x00000000dcf80000,0x00000000dcf80000,0x00000000dd880000)
 ParOldGen       total 35328K, used 9075K [0x0000000080000000, 0x0000000082280000, 0x00000000d5580000)
  object space 35328K, 25% used [0x0000000080000000,0x00000000808dce10,0x0000000082280000)
 Metaspace       used 32763K, capacity 33700K, committed 33792K, reserved 1079296K
  class space    used 4566K, capacity 4782K, committed 4864K, reserved 1048576K
Event: 8.652 GC heap after
Heap after GC invocations=10 (full 1):
 PSYoungGen      total 134144K, used 9187K [0x00000000d5580000, 0x00000000e1080000, 0x0000000100000000)
  eden space 124928K, 0% used [0x00000000d5580000,0x00000000d5580000,0x00000000dcf80000)
  from space 9216K, 99% used [0x00000000dcf80000,0x00000000dd878f20,0x00000000dd880000)
  to   space 12288K, 0% used [0x00000000e0480000,0x00000000e0480000,0x00000000e1080000)
 ParOldGen       total 35328K, used 13970K [0x0000000080000000, 0x0000000082280000, 0x00000000d5580000)
  object space 35328K, 39% used [0x0000000080000000,0x0000000080da4b98,0x0000000082280000)
 Metaspace       used 32763K, capacity 33700K, committed 33792K, reserved 1079296K
  class space    used 4566K, capacity 4782K, committed 4864K, reserved 1048576K
}
Event: 9.073 GC heap before
{Heap before GC invocations=11 (full 1):
 PSYoungGen      total 134144K, used 50216K [0x00000000d5580000, 0x00000000e1080000, 0x0000000100000000)
  eden space 124928K, 32% used [0x00000000d5580000,0x00000000d7d912b0,0x00000000dcf80000)
  from space 9216K, 99% used [0x00000000dcf80000,0x00000000dd878f20,0x00000000dd880000)
  to   space 12288K, 0% used [0x00000000e0480000,0x00000000e0480000,0x00000000e1080000)
 ParOldGen       total 35328K, used 13970K [0x0000000080000000, 0x0000000082280000, 0x00000000d5580000)
  object space 35328K, 39% used [0x0000000080000000,0x0000000080da4b98,0x0000000082280000)
 Metaspace       used 34298K, capacity 35444K, committed 35496K, reserved 1079296K
  class space    used 4831K, capacity 5097K, committed 5120K, reserved 1048576K
Event: 9.090 GC heap after
Heap after GC invocations=11 (full 1):
 PSYoungGen      total 178688K, used 8615K [0x00000000d5580000, 0x00000000e1580000, 0x0000000100000000)
  eden space 166400K, 0% used [0x00000000d5580000,0x00000000d5580000,0x00000000df800000)
  from space 12288K, 70% used [0x00000000e0480000,0x00000000e0ce9df8,0x00000000e1080000)
  to   space 12800K, 0% used [0x00000000df800000,0x00000000df800000,0x00000000e0480000)
 ParOldGen       total 35328K, used 13978K [0x0000000080000000, 0x0000000082280000, 0x00000000d5580000)
  object space 35328K, 39% used [0x0000000080000000,0x0000000080da6b98,0x0000000082280000)
 Metaspace       used 34298K, capacity 35444K, committed 35496K, reserved 1079296K
  class space    used 4831K, capacity 5097K, committed 5120K, reserved 1048576K
}
Event: 9.090 GC heap before
{Heap before GC invocations=12 (full 2):
 PSYoungGen      total 178688K, used 8615K [0x00000000d5580000, 0x00000000e1580000, 0x0000000100000000)
  eden space 166400K, 0% used [0x00000000d5580000,0x00000000d5580000,0x00000000df800000)
  from space 12288K, 70% used [0x00000000e0480000,0x00000000e0ce9df8,0x00000000e1080000)
  to   space 12800K, 0% used [0x00000000df800000,0x00000000df800000,0x00000000e0480000)
 ParOldGen       total 35328K, used 13978K [0x0000000080000000, 0x0000000082280000, 0x00000000d5580000)
  object space 35328K, 39% used [0x0000000080000000,0x0000000080da6b98,0x0000000082280000)
 Metaspace       used 34298K, capacity 35444K, committed 35496K, reserved 1079296K
  class space    used 4831K, capacity 5097K, committed 5120K, reserved 1048576K
Event: 9.255 GC heap after
Heap after GC invocations=12 (full 2):
 PSYoungGen      total 178688K, used 0K [0x00000000d5580000, 0x00000000e1580000, 0x0000000100000000)
  eden space 166400K, 0% used [0x00000000d5580000,0x00000000d5580000,0x00000000df800000)
  from space 12288K, 0% used [0x00000000e0480000,0x00000000e0480000,0x00000000e1080000)
  to   space 12800K, 0% used [0x00000000df800000,0x00000000df800000,0x00000000e0480000)
 ParOldGen       total 54272K, used 15039K [0x0000000080000000, 0x0000000083500000, 0x00000000d5580000)
  object space 54272K, 27% used [0x0000000080000000,0x0000000080eafd50,0x0000000083500000)
 Metaspace       used 34298K, capacity 35444K, committed 35496K, reserved 1079296K
  class space    used 4831K, capacity 5097K, committed 5120K, reserved 1048576K
}

