# JRE version: OpenJDK Runtime Environment (8.0_302-b08) (build 1.8.0_302-b08)
# Java VM: OpenJDK 64-Bit Server VM (25.302-b08 mixed mode windows-amd64 compressed oops)
Heap:
 PSYoungGen      total 127488K, used 25312K [0x00000000d5580000, 0x00000000e0280000, 0x0000000100000000)
  eden space 117760K, 15% used [0x00000000d5580000,0x00000000d67a2da8,0x00000000dc880000)
  from space 9728K, 69% used [0x00000000dc880000,0x00000000dcf152f8,0x00000000dd200000)
  to   space 10240K, 0% used [0x00000000df880000,0x00000000df880000,0x00000000e0280000)
 ParOldGen       total 49152K, used 14494K [0x0000000080000000, 0x0000000083000000, 0x00000000d5580000)
  object space 49152K, 29% used [0x0000000080000000,0x0000000080e27940,0x0000000083000000)
 Metaspace       used 38372K, capacity 40006K, committed 40064K, reserved 1083392K
  class space    used 5388K, capacity 5711K, committed 5760K, reserved 1048576K
GC Heap History (10 events):
Event: 9.706 GC heap before
{Heap before GC invocations=11 (full 1):
 PSYoungGen      total 68096K, used 61440K [0x00000000d5580000, 0x00000000dc480000, 0x0000000100000000)
  eden space 61440K, 100% used [0x00000000d5580000,0x00000000d9180000,0x00000000d9180000)
  from space 6656K, 0% used [0x00000000d9180000,0x00000000d9180000,0x00000000d9800000)
  to   space 7680K, 0% used [0x00000000dbd00000,0x00000000dbd00000,0x00000000dc480000)
 ParOldGen       total 33280K, used 9813K [0x0000000080000000, 0x0000000082080000, 0x00000000d5580000)
  object space 33280K, 29% used [0x0000000080000000,0x00000000809956d8,0x0000000082080000)
 Metaspace       used 28054K, capacity 28850K, committed 29056K, reserved 1075200K
  class space    used 3947K, capacity 4191K, committed 4224K, reserved 1048576K
Event: 9.720 GC heap after
Heap after GC invocations=11 (full 1):
 PSYoungGen      total 92672K, used 7651K [0x00000000d5580000, 0x00000000dc480000, 0x0000000100000000)
  eden space 84992K, 0% used [0x00000000d5580000,0x00000000d5580000,0x00000000da880000)
  from space 7680K, 99% used [0x00000000dbd00000,0x00000000dc478d40,0x00000000dc480000)
  to   space 8704K, 0% used [0x00000000db380000,0x00000000db380000,0x00000000dbc00000)
 ParOldGen       total 33280K, used 9926K [0x0000000080000000, 0x0000000082080000, 0x00000000d5580000)
  object space 33280K, 29% used [0x0000000080000000,0x00000000809b1be0,0x0000000082080000)
 Metaspace       used 28054K, capacity 28850K, committed 29056K, reserved 1075200K
  class space    used 3947K, capacity 4191K, committed 4224K, reserved 1048576K
}
Event: 11.384 GC heap before
{Heap before GC invocations=12 (full 1):
 PSYoungGen      total 92672K, used 92643K [0x00000000d5580000, 0x00000000dc480000, 0x0000000100000000)
  eden space 84992K, 100% used [0x00000000d5580000,0x00000000da880000,0x00000000da880000)
  from space 7680K, 99% used [0x00000000dbd00000,0x00000000dc478d40,0x00000000dc480000)
  to   space 8704K, 0% used [0x00000000db380000,0x00000000db380000,0x00000000dbc00000)
 ParOldGen       total 33280K, used 9926K [0x0000000080000000, 0x0000000082080000, 0x00000000d5580000)
  object space 33280K, 29% used [0x0000000080000000,0x00000000809b1be0,0x0000000082080000)
 Metaspace       used 33610K, capacity 34642K, committed 34944K, reserved 1079296K
  class space    used 4705K, capacity 4922K, committed 4992K, reserved 1048576K
Event: 11.409 GC heap after
Heap after GC invocations=12 (full 1):
 PSYoungGen      total 104960K, used 8016K [0x00000000d5580000, 0x00000000ddb80000, 0x0000000100000000)
  eden space 96256K, 0% used [0x00000000d5580000,0x00000000d5580000,0x00000000db380000)
  from space 8704K, 92% used [0x00000000db380000,0x00000000dbb540f8,0x00000000dbc00000)
  to   space 9728K, 0% used [0x00000000dd200000,0x00000000dd200000,0x00000000ddb80000)
 ParOldGen       total 33280K, used 12932K [0x0000000080000000, 0x0000000082080000, 0x00000000d5580000)
  object space 33280K, 38% used [0x0000000080000000,0x0000000080ca11d0,0x0000000082080000)
 Metaspace       used 33610K, capacity 34642K, committed 34944K, reserved 1079296K
  class space    used 4705K, capacity 4922K, committed 4992K, reserved 1048576K
}
Event: 11.592 GC heap before
{Heap before GC invocations=13 (full 1):
 PSYoungGen      total 104960K, used 24041K [0x00000000d5580000, 0x00000000ddb80000, 0x0000000100000000)
  eden space 96256K, 16% used [0x00000000d5580000,0x00000000d6526438,0x00000000db380000)
  from space 8704K, 92% used [0x00000000db380000,0x00000000dbb540f8,0x00000000dbc00000)
  to   space 9728K, 0% used [0x00000000dd200000,0x00000000dd200000,0x00000000ddb80000)
 ParOldGen       total 33280K, used 12932K [0x0000000080000000, 0x0000000082080000, 0x00000000d5580000)
  object space 33280K, 38% used [0x0000000080000000,0x0000000080ca11d0,0x0000000082080000)
 Metaspace       used 34320K, capacity 35444K, committed 35496K, reserved 1079296K
  class space    used 4831K, capacity 5097K, committed 5120K, reserved 1048576K
Event: 11.600 GC heap after
Heap after GC invocations=13 (full 1):
 PSYoungGen      total 127488K, used 1088K [0x00000000d5580000, 0x00000000df000000, 0x0000000100000000)
  eden space 117760K, 0% used [0x00000000d5580000,0x00000000d5580000,0x00000000dc880000)
  from space 9728K, 11% used [0x00000000dd200000,0x00000000dd310000,0x00000000ddb80000)
  to   space 9728K, 0% used [0x00000000dc880000,0x00000000dc880000,0x00000000dd200000)
 ParOldGen       total 33280K, used 16876K [0x0000000080000000, 0x0000000082080000, 0x00000000d5580000)
  object space 33280K, 50% used [0x0000000080000000,0x000000008107b0f0,0x0000000082080000)
 Metaspace       used 34320K, capacity 35444K, committed 35496K, reserved 1079296K
  class space    used 4831K, capacity 5097K, committed 5120K, reserved 1048576K
}
Event: 11.600 GC heap before
{Heap before GC invocations=14 (full 2):
 PSYoungGen      total 127488K, used 1088K [0x00000000d5580000, 0x00000000df000000, 0x0000000100000000)
  eden space 117760K, 0% used [0x00000000d5580000,0x00000000d5580000,0x00000000dc880000)
  from space 9728K, 11% used [0x00000000dd200000,0x00000000dd310000,0x00000000ddb80000)
  to   space 9728K, 0% used [0x00000000dc880000,0x00000000dc880000,0x00000000dd200000)
 ParOldGen       total 33280K, used 16876K [0x0000000080000000, 0x0000000082080000, 0x00000000d5580000)
  object space 33280K, 50% used [0x0000000080000000,0x000000008107b0f0,0x0000000082080000)
 Metaspace       used 34320K, capacity 35444K, committed 35496K, reserved 1079296K
  class space    used 4831K, capacity 5097K, committed 5120K, reserved 1048576K
Event: 11.681 GC heap after
Heap after GC invocations=14 (full 2):
 PSYoungGen      total 127488K, used 0K [0x00000000d5580000, 0x00000000df000000, 0x0000000100000000)
  eden space 117760K, 0% used [0x00000000d5580000,0x00000000d5580000,0x00000000dc880000)
  from space 9728K, 0% used [0x00000000dd200000,0x00000000dd200000,0x00000000ddb80000)
  to   space 9728K, 0% used [0x00000000dc880000,0x00000000dc880000,0x00000000dd200000)
 ParOldGen       total 49152K, used 14486K [0x0000000080000000, 0x0000000083000000, 0x00000000d5580000)
  object space 49152K, 29% used [0x0000000080000000,0x0000000080e25940,0x0000000083000000)
 Metaspace       used 34320K, capacity 35444K, committed 35496K, reserved 1079296K
  class space    used 4831K, capacity 5097K, committed 5120K, reserved 1048576K
}
Event: 13.505 GC heap before
{Heap before GC invocations=15 (full 2):
 PSYoungGen      total 127488K, used 117760K [0x00000000d5580000, 0x00000000df000000, 0x0000000100000000)
  eden space 117760K, 100% used [0x00000000d5580000,0x00000000dc880000,0x00000000dc880000)
  from space 9728K, 0% used [0x00000000dd200000,0x00000000dd200000,0x00000000ddb80000)
  to   space 9728K, 0% used [0x00000000dc880000,0x00000000dc880000,0x00000000dd200000)
 ParOldGen       total 49152K, used 14486K [0x0000000080000000, 0x0000000083000000, 0x00000000d5580000)
  object space 49152K, 29% used [0x0000000080000000,0x0000000080e25940,0x0000000083000000)
 Metaspace       used 37099K, capacity 38630K, committed 38784K, reserved 1083392K
  class space    used 5198K, capacity 5504K, committed 5504K, reserved 1048576K
Event: 13.531 GC heap after
Heap after GC invocations=15 (full 2):
 PSYoungGen      total 127488K, used 6740K [0x00000000d5580000, 0x00000000e0280000, 0x0000000100000000)
  eden space 117760K, 0% used [0x00000000d5580000,0x00000000d5580000,0x00000000dc880000)
  from space 9728K, 69% used [0x00000000dc880000,0x00000000dcf152f8,0x00000000dd200000)
  to   space 10240K, 0% used [0x00000000df880000,0x00000000df880000,0x00000000e0280000)
 ParOldGen       total 49152K, used 14494K [0x0000000080000000, 0x0000000083000000, 0x00000000d5580000)
  object space 49152K, 29% used [0x0000000080000000,0x0000000080e27940,0x0000000083000000)
 Metaspace       used 37099K, capacity 38630K, committed 38784K, reserved 1083392K
  class space    used 5198K, capacity 5504K, committed 5504K, reserved 1048576K
}

