# JRE version: OpenJDK Runtime Environment (8.0_302-b08) (build 1.8.0_302-b08)
# Java VM: OpenJDK 64-Bit Server VM (25.302-b08 mixed mode windows-amd64 compressed oops)
Heap:
 PSYoungGen      total 212992K, used 18625K [0x00000000d5580000, 0x00000000e4200000, 0x0000000100000000)
  eden space 196096K, 1% used [0x00000000d5580000,0x00000000d57aa338,0x00000000e1500000)
  from space 16896K, 97% used [0x00000000e3180000,0x00000000e4186120,0x00000000e4200000)
  to   space 19968K, 0% used [0x00000000e1b00000,0x00000000e1b00000,0x00000000e2e80000)
 ParOldGen       total 87552K, used 37462K [0x0000000080000000, 0x0000000085580000, 0x00000000d5580000)
  object space 87552K, 42% used [0x0000000080000000,0x00000000824959f8,0x0000000085580000)
 Metaspace       used 66390K, capacity 69090K, committed 69376K, reserved 1107968K
  class space    used 9323K, capacity 9877K, committed 9984K, reserved 1048576K
GC Heap History (10 events):
Event: 7.500 GC heap before
{Heap before GC invocations=15 (full 2):
 PSYoungGen      total 129024K, used 119296K [0x00000000d5580000, 0x00000000df000000, 0x0000000100000000)
  eden space 119296K, 100% used [0x00000000d5580000,0x00000000dca00000,0x00000000dca00000)
  from space 9728K, 0% used [0x00000000dd380000,0x00000000dd380000,0x00000000ddd00000)
  to   space 9728K, 0% used [0x00000000dca00000,0x00000000dca00000,0x00000000dd380000)
 ParOldGen       total 50176K, used 14531K [0x0000000080000000, 0x0000000083100000, 0x00000000d5580000)
  object space 50176K, 28% used [0x0000000080000000,0x0000000080e30ff8,0x0000000083100000)
 Metaspace       used 37051K, capacity 38586K, committed 38912K, reserved 1083392K
  class space    used 5200K, capacity 5508K, committed 5632K, reserved 1048576K
Event: 7.531 GC heap after
Heap after GC invocations=15 (full 2):
 PSYoungGen      total 129024K, used 6908K [0x00000000d5580000, 0x00000000e0380000, 0x0000000100000000)
  eden space 119296K, 0% used [0x00000000d5580000,0x00000000d5580000,0x00000000dca00000)
  from space 9728K, 71% used [0x00000000dca00000,0x00000000dd0bf230,0x00000000dd380000)
  to   space 10240K, 0% used [0x00000000df980000,0x00000000df980000,0x00000000e0380000)
 ParOldGen       total 50176K, used 14539K [0x0000000080000000, 0x0000000083100000, 0x00000000d5580000)
  object space 50176K, 28% used [0x0000000080000000,0x0000000080e32ff8,0x0000000083100000)
 Metaspace       used 37051K, capacity 38586K, committed 38912K, reserved 1083392K
  class space    used 5200K, capacity 5508K, committed 5632K, reserved 1048576K
}
Event: 10.640 GC heap before
{Heap before GC invocations=16 (full 2):
 PSYoungGen      total 129024K, used 126204K [0x00000000d5580000, 0x00000000e0380000, 0x0000000100000000)
  eden space 119296K, 100% used [0x00000000d5580000,0x00000000dca00000,0x00000000dca00000)
  from space 9728K, 71% used [0x00000000dca00000,0x00000000dd0bf230,0x00000000dd380000)
  to   space 10240K, 0% used [0x00000000df980000,0x00000000df980000,0x00000000e0380000)
 ParOldGen       total 50176K, used 14539K [0x0000000080000000, 0x0000000083100000, 0x00000000d5580000)
  object space 50176K, 28% used [0x0000000080000000,0x0000000080e32ff8,0x0000000083100000)
 Metaspace       used 48937K, capacity 50890K, committed 51200K, reserved 1093632K
  class space    used 6707K, capacity 7091K, committed 7168K, reserved 1048576K
Event: 10.859 GC heap after
Heap after GC invocations=16 (full 2):
 PSYoungGen      total 162304K, used 10235K [0x00000000d5580000, 0x00000000e1480000, 0x0000000100000000)
  eden space 152064K, 0% used [0x00000000d5580000,0x00000000d5580000,0x00000000dea00000)
  from space 10240K, 99% used [0x00000000df980000,0x00000000e037ec40,0x00000000e0380000)
  to   space 15872K, 0% used [0x00000000dea00000,0x00000000dea00000,0x00000000df980000)
 ParOldGen       total 50176K, used 25549K [0x0000000080000000, 0x0000000083100000, 0x00000000d5580000)
  object space 50176K, 50% used [0x0000000080000000,0x00000000818f36f0,0x0000000083100000)
 Metaspace       used 48937K, capacity 50890K, committed 51200K, reserved 1093632K
  class space    used 6707K, capacity 7091K, committed 7168K, reserved 1048576K
}
Event: 13.856 GC heap before
{Heap before GC invocations=17 (full 2):
 PSYoungGen      total 162304K, used 136544K [0x00000000d5580000, 0x00000000e1480000, 0x0000000100000000)
  eden space 152064K, 83% used [0x00000000d5580000,0x00000000dd0d9538,0x00000000dea00000)
  from space 10240K, 99% used [0x00000000df980000,0x00000000e037ec40,0x00000000e0380000)
  to   space 15872K, 0% used [0x00000000dea00000,0x00000000dea00000,0x00000000df980000)
 ParOldGen       total 50176K, used 25549K [0x0000000080000000, 0x0000000083100000, 0x00000000d5580000)
  object space 50176K, 50% used [0x0000000080000000,0x00000000818f36f0,0x0000000083100000)
 Metaspace       used 56909K, capacity 59100K, committed 59160K, reserved 1099776K
  class space    used 7816K, capacity 8273K, committed 8320K, reserved 1048576K
Event: 13.936 GC heap after
Heap after GC invocations=17 (full 2):
 PSYoungGen      total 167936K, used 14093K [0x00000000d5580000, 0x00000000e4280000, 0x0000000100000000)
  eden space 152064K, 0% used [0x00000000d5580000,0x00000000d5580000,0x00000000dea00000)
  from space 15872K, 88% used [0x00000000dea00000,0x00000000df7c3408,0x00000000df980000)
  to   space 17408K, 0% used [0x00000000e3180000,0x00000000e3180000,0x00000000e4280000)
 ParOldGen       total 50176K, used 32284K [0x0000000080000000, 0x0000000083100000, 0x00000000d5580000)
  object space 50176K, 64% used [0x0000000080000000,0x0000000081f870c0,0x0000000083100000)
 Metaspace       used 56909K, capacity 59100K, committed 59160K, reserved 1099776K
  class space    used 7816K, capacity 8273K, committed 8320K, reserved 1048576K
}
Event: 13.936 GC heap before
{Heap before GC invocations=18 (full 3):
 PSYoungGen      total 167936K, used 14093K [0x00000000d5580000, 0x00000000e4280000, 0x0000000100000000)
  eden space 152064K, 0% used [0x00000000d5580000,0x00000000d5580000,0x00000000dea00000)
  from space 15872K, 88% used [0x00000000dea00000,0x00000000df7c3408,0x00000000df980000)
  to   space 17408K, 0% used [0x00000000e3180000,0x00000000e3180000,0x00000000e4280000)
 ParOldGen       total 50176K, used 32284K [0x0000000080000000, 0x0000000083100000, 0x00000000d5580000)
  object space 50176K, 64% used [0x0000000080000000,0x0000000081f870c0,0x0000000083100000)
 Metaspace       used 56909K, capacity 59100K, committed 59160K, reserved 1099776K
  class space    used 7816K, capacity 8273K, committed 8320K, reserved 1048576K
Event: 14.354 GC heap after
Heap after GC invocations=18 (full 3):
 PSYoungGen      total 167936K, used 0K [0x00000000d5580000, 0x00000000e4280000, 0x0000000100000000)
  eden space 152064K, 0% used [0x00000000d5580000,0x00000000d5580000,0x00000000dea00000)
  from space 15872K, 0% used [0x00000000dea00000,0x00000000dea00000,0x00000000df980000)
  to   space 17408K, 0% used [0x00000000e3180000,0x00000000e3180000,0x00000000e4280000)
 ParOldGen       total 87552K, used 37454K [0x0000000080000000, 0x0000000085580000, 0x00000000d5580000)
  object space 87552K, 42% used [0x0000000080000000,0x00000000824939f8,0x0000000085580000)
 Metaspace       used 56888K, capacity 59028K, committed 59160K, reserved 1099776K
  class space    used 7810K, capacity 8261K, committed 8320K, reserved 1048576K
}
Event: 17.742 GC heap before
{Heap before GC invocations=19 (full 3):
 PSYoungGen      total 167936K, used 152064K [0x00000000d5580000, 0x00000000e4280000, 0x0000000100000000)
  eden space 152064K, 100% used [0x00000000d5580000,0x00000000dea00000,0x00000000dea00000)
  from space 15872K, 0% used [0x00000000dea00000,0x00000000dea00000,0x00000000df980000)
  to   space 17408K, 0% used [0x00000000e3180000,0x00000000e3180000,0x00000000e4280000)
 ParOldGen       total 87552K, used 37454K [0x0000000080000000, 0x0000000085580000, 0x00000000d5580000)
  object space 87552K, 42% used [0x0000000080000000,0x00000000824939f8,0x0000000085580000)
 Metaspace       used 66234K, capacity 68874K, committed 68992K, reserved 1107968K
  class space    used 9294K, capacity 9833K, committed 9856K, reserved 1048576K
Event: 17.788 GC heap after
Heap after GC invocations=19 (full 3):
 PSYoungGen      total 212992K, used 16408K [0x00000000d5580000, 0x00000000e4200000, 0x0000000100000000)
  eden space 196096K, 0% used [0x00000000d5580000,0x00000000d5580000,0x00000000e1500000)
  from space 16896K, 97% used [0x00000000e3180000,0x00000000e4186120,0x00000000e4200000)
  to   space 19968K, 0% used [0x00000000e1b00000,0x00000000e1b00000,0x00000000e2e80000)
 ParOldGen       total 87552K, used 37462K [0x0000000080000000, 0x0000000085580000, 0x00000000d5580000)
  object space 87552K, 42% used [0x0000000080000000,0x00000000824959f8,0x0000000085580000)
 Metaspace       used 66234K, capacity 68874K, committed 68992K, reserved 1107968K
  class space    used 9294K, capacity 9833K, committed 9856K, reserved 1048576K
}

