# JRE version: OpenJDK Runtime Environment (8.0_302-b08) (build 1.8.0_302-b08)
# Java VM: OpenJDK 64-Bit Server VM (25.302-b08 mixed mode windows-amd64 compressed oops)
Heap:
 PSYoungGen      total 107008K, used 37843K [0x00000000d5580000, 0x00000000dd680000, 0x0000000100000000)
  eden space 101376K, 31% used [0x00000000d5580000,0x00000000d74fcc40,0x00000000db880000)
  from space 5632K, 99% used [0x00000000dd100000,0x00000000dd678010,0x00000000dd680000)
  to   space 11776K, 0% used [0x00000000dbf80000,0x00000000dbf80000,0x00000000dcb00000)
 ParOldGen       total 60928K, used 35523K [0x0000000080000000, 0x0000000083b80000, 0x00000000d5580000)
  object space 60928K, 58% used [0x0000000080000000,0x00000000822b0ec0,0x0000000083b80000)
 Metaspace       used 54239K, capacity 56356K, committed 56448K, reserved 1097728K
  class space    used 7358K, capacity 7777K, committed 7808K, reserved 1048576K
GC Heap History (10 events):
Event: 8.354 GC heap before
{Heap before GC invocations=10 (full 1):
 PSYoungGen      total 94208K, used 50448K [0x00000000d5580000, 0x00000000dc000000, 0x0000000100000000)
  eden space 83968K, 49% used [0x00000000d5580000,0x00000000d7de0898,0x00000000da780000)
  from space 10240K, 88% used [0x00000000db280000,0x00000000dbb63af8,0x00000000dbc80000)
  to   space 11264K, 0% used [0x00000000da780000,0x00000000da780000,0x00000000db280000)
 ParOldGen       total 42496K, used 11615K [0x0000000080000000, 0x0000000082980000, 0x00000000d5580000)
  object space 42496K, 27% used [0x0000000080000000,0x0000000080b57e00,0x0000000082980000)
 Metaspace       used 34291K, capacity 35444K, committed 35496K, reserved 1079296K
  class space    used 4829K, capacity 5097K, committed 5120K, reserved 1048576K
Event: 8.377 GC heap after
Heap after GC invocations=10 (full 1):
 PSYoungGen      total 95232K, used 8677K [0x00000000d5580000, 0x00000000ddd00000, 0x0000000100000000)
  eden space 83968K, 0% used [0x00000000d5580000,0x00000000d5580000,0x00000000da780000)
  from space 11264K, 77% used [0x00000000da780000,0x00000000daff94b0,0x00000000db280000)
  to   space 12288K, 0% used [0x00000000dd100000,0x00000000dd100000,0x00000000ddd00000)
 ParOldGen       total 42496K, used 11623K [0x0000000080000000, 0x0000000082980000, 0x00000000d5580000)
  object space 42496K, 27% used [0x0000000080000000,0x0000000080b59e00,0x0000000082980000)
 Metaspace       used 34291K, capacity 35444K, committed 35496K, reserved 1079296K
  class space    used 4829K, capacity 5097K, committed 5120K, reserved 1048576K
}
Event: 8.377 GC heap before
{Heap before GC invocations=11 (full 2):
 PSYoungGen      total 95232K, used 8677K [0x00000000d5580000, 0x00000000ddd00000, 0x0000000100000000)
  eden space 83968K, 0% used [0x00000000d5580000,0x00000000d5580000,0x00000000da780000)
  from space 11264K, 77% used [0x00000000da780000,0x00000000daff94b0,0x00000000db280000)
  to   space 12288K, 0% used [0x00000000dd100000,0x00000000dd100000,0x00000000ddd00000)
 ParOldGen       total 42496K, used 11623K [0x0000000080000000, 0x0000000082980000, 0x00000000d5580000)
  object space 42496K, 27% used [0x0000000080000000,0x0000000080b59e00,0x0000000082980000)
 Metaspace       used 34291K, capacity 35444K, committed 35496K, reserved 1079296K
  class space    used 4829K, capacity 5097K, committed 5120K, reserved 1048576K
Event: 8.523 GC heap after
Heap after GC invocations=11 (full 2):
 PSYoungGen      total 95232K, used 0K [0x00000000d5580000, 0x00000000ddd00000, 0x0000000100000000)
  eden space 83968K, 0% used [0x00000000d5580000,0x00000000d5580000,0x00000000da780000)
  from space 11264K, 0% used [0x00000000da780000,0x00000000da780000,0x00000000db280000)
  to   space 12288K, 0% used [0x00000000dd100000,0x00000000dd100000,0x00000000ddd00000)
 ParOldGen       total 60928K, used 15054K [0x0000000080000000, 0x0000000083b80000, 0x00000000d5580000)
  object space 60928K, 24% used [0x0000000080000000,0x0000000080eb38a0,0x0000000083b80000)
 Metaspace       used 34291K, capacity 35444K, committed 35496K, reserved 1079296K
  class space    used 4829K, capacity 5097K, committed 5120K, reserved 1048576K
}
Event: 9.897 GC heap before
{Heap before GC invocations=12 (full 2):
 PSYoungGen      total 95232K, used 83968K [0x00000000d5580000, 0x00000000ddd00000, 0x0000000100000000)
  eden space 83968K, 100% used [0x00000000d5580000,0x00000000da780000,0x00000000da780000)
  from space 11264K, 0% used [0x00000000da780000,0x00000000da780000,0x00000000db280000)
  to   space 12288K, 0% used [0x00000000dd100000,0x00000000dd100000,0x00000000ddd00000)
 ParOldGen       total 60928K, used 15054K [0x0000000080000000, 0x0000000083b80000, 0x00000000d5580000)
  object space 60928K, 24% used [0x0000000080000000,0x0000000080eb38a0,0x0000000083b80000)
 Metaspace       used 36637K, capacity 38080K, committed 38272K, reserved 1081344K
  class space    used 5134K, capacity 5431K, committed 5504K, reserved 1048576K
Event: 9.905 GC heap after
Heap after GC invocations=12 (full 2):
 PSYoungGen      total 107008K, used 5534K [0x00000000d5580000, 0x00000000dd680000, 0x0000000100000000)
  eden space 101376K, 0% used [0x00000000d5580000,0x00000000d5580000,0x00000000db880000)
  from space 5632K, 98% used [0x00000000dd100000,0x00000000dd6679e0,0x00000000dd680000)
  to   space 11776K, 0% used [0x00000000dbf80000,0x00000000dbf80000,0x00000000dcb00000)
 ParOldGen       total 60928K, used 15062K [0x0000000080000000, 0x0000000083b80000, 0x00000000d5580000)
  object space 60928K, 24% used [0x0000000080000000,0x0000000080eb58a0,0x0000000083b80000)
 Metaspace       used 36637K, capacity 38080K, committed 38272K, reserved 1081344K
  class space    used 5134K, capacity 5431K, committed 5504K, reserved 1048576K
}
Event: 12.630 GC heap before
{Heap before GC invocations=13 (full 2):
 PSYoungGen      total 107008K, used 106910K [0x00000000d5580000, 0x00000000dd680000, 0x0000000100000000)
  eden space 101376K, 100% used [0x00000000d5580000,0x00000000db880000,0x00000000db880000)
  from space 5632K, 98% used [0x00000000dd100000,0x00000000dd6679e0,0x00000000dd680000)
  to   space 11776K, 0% used [0x00000000dbf80000,0x00000000dbf80000,0x00000000dcb00000)
 ParOldGen       total 60928K, used 15062K [0x0000000080000000, 0x0000000083b80000, 0x00000000d5580000)
  object space 60928K, 24% used [0x0000000080000000,0x0000000080eb58a0,0x0000000083b80000)
 Metaspace       used 46419K, capacity 48294K, committed 48512K, reserved 1091584K
  class space    used 6399K, capacity 6781K, committed 6784K, reserved 1048576K
Event: 12.661 GC heap after
Heap after GC invocations=13 (full 2):
 PSYoungGen      total 113152K, used 11747K [0x00000000d5580000, 0x00000000dd680000, 0x0000000100000000)
  eden space 101376K, 0% used [0x00000000d5580000,0x00000000d5580000,0x00000000db880000)
  from space 11776K, 99% used [0x00000000dbf80000,0x00000000dcaf8fc8,0x00000000dcb00000)
  to   space 5632K, 0% used [0x00000000dd100000,0x00000000dd100000,0x00000000dd680000)
 ParOldGen       total 60928K, used 19724K [0x0000000080000000, 0x0000000083b80000, 0x00000000d5580000)
  object space 60928K, 32% used [0x0000000080000000,0x0000000081343380,0x0000000083b80000)
 Metaspace       used 46419K, capacity 48294K, committed 48512K, reserved 1091584K
  class space    used 6399K, capacity 6781K, committed 6784K, reserved 1048576K
}
Event: 14.955 GC heap before
{Heap before GC invocations=14 (full 2):
 PSYoungGen      total 113152K, used 113123K [0x00000000d5580000, 0x00000000dd680000, 0x0000000100000000)
  eden space 101376K, 100% used [0x00000000d5580000,0x00000000db880000,0x00000000db880000)
  from space 11776K, 99% used [0x00000000dbf80000,0x00000000dcaf8fc8,0x00000000dcb00000)
  to   space 5632K, 0% used [0x00000000dd100000,0x00000000dd100000,0x00000000dd680000)
 ParOldGen       total 60928K, used 19724K [0x0000000080000000, 0x0000000083b80000, 0x00000000d5580000)
  object space 60928K, 32% used [0x0000000080000000,0x0000000081343380,0x0000000083b80000)
 Metaspace       used 53784K, capacity 55840K, committed 55936K, reserved 1097728K
  class space    used 7308K, capacity 7729K, committed 7808K, reserved 1048576K
Event: 14.985 GC heap after
Heap after GC invocations=14 (full 2):
 PSYoungGen      total 107008K, used 5600K [0x00000000d5580000, 0x00000000dd680000, 0x0000000100000000)
  eden space 101376K, 0% used [0x00000000d5580000,0x00000000d5580000,0x00000000db880000)
  from space 5632K, 99% used [0x00000000dd100000,0x00000000dd678010,0x00000000dd680000)
  to   space 11776K, 0% used [0x00000000dbf80000,0x00000000dbf80000,0x00000000dcb00000)
 ParOldGen       total 60928K, used 35523K [0x0000000080000000, 0x0000000083b80000, 0x00000000d5580000)
  object space 60928K, 58% used [0x0000000080000000,0x00000000822b0ec0,0x0000000083b80000)
 Metaspace       used 53784K, capacity 55840K, committed 55936K, reserved 1097728K
  class space    used 7308K, capacity 7729K, committed 7808K, reserved 1048576K
}

