# JRE version: OpenJDK Runtime Environment (8.0_302-b08) (build 1.8.0_302-b08)
# Java VM: OpenJDK 64-Bit Server VM (25.302-b08 mixed mode windows-amd64 compressed oops)
Heap:
 PSYoungGen      total 114688K, used 56704K [0x00000000d5580000, 0x00000000dee00000, 0x0000000100000000)
  eden space 104960K, 48% used [0x00000000d5580000,0x00000000d871c8f0,0x00000000dbc00000)
  from space 9728K, 60% used [0x00000000dbc00000,0x00000000dc1c3710,0x00000000dc580000)
  to   space 9728K, 0% used [0x00000000de480000,0x00000000de480000,0x00000000dee00000)
 ParOldGen       total 53248K, used 14482K [0x0000000080000000, 0x0000000083400000, 0x00000000d5580000)
  object space 53248K, 27% used [0x0000000080000000,0x0000000080e24bb0,0x0000000083400000)
 Metaspace       used 41379K, capacity 43138K, committed 43264K, reserved 1087488K
  class space    used 5782K, capacity 6143K, committed 6144K, reserved 1048576K
GC Heap History (10 events):
Event: 7.453 GC heap before
{Heap before GC invocations=11 (full 1):
 PSYoungGen      total 68608K, used 62464K [0x00000000d5580000, 0x00000000dc680000, 0x0000000100000000)
  eden space 62464K, 100% used [0x00000000d5580000,0x00000000d9280000,0x00000000d9280000)
  from space 6144K, 0% used [0x00000000d9280000,0x00000000d9280000,0x00000000d9880000)
  to   space 7680K, 0% used [0x00000000dbf00000,0x00000000dbf00000,0x00000000dc680000)
 ParOldGen       total 35840K, used 9739K [0x0000000080000000, 0x0000000082300000, 0x00000000d5580000)
  object space 35840K, 27% used [0x0000000080000000,0x0000000080982c80,0x0000000082300000)
 Metaspace       used 28131K, capacity 28920K, committed 29056K, reserved 1075200K
  class space    used 3966K, capacity 4192K, committed 4224K, reserved 1048576K
Event: 7.465 GC heap after
Heap after GC invocations=11 (full 1):
 PSYoungGen      total 88576K, used 7670K [0x00000000d5580000, 0x00000000dc680000, 0x0000000100000000)
  eden space 80896K, 0% used [0x00000000d5580000,0x00000000d5580000,0x00000000da480000)
  from space 7680K, 99% used [0x00000000dbf00000,0x00000000dc67dbe0,0x00000000dc680000)
  to   space 8704K, 0% used [0x00000000db580000,0x00000000db580000,0x00000000dbe00000)
 ParOldGen       total 35840K, used 9919K [0x0000000080000000, 0x0000000082300000, 0x00000000d5580000)
  object space 35840K, 27% used [0x0000000080000000,0x00000000809afe58,0x0000000082300000)
 Metaspace       used 28131K, capacity 28920K, committed 29056K, reserved 1075200K
  class space    used 3966K, capacity 4192K, committed 4224K, reserved 1048576K
}
Event: 8.974 GC heap before
{Heap before GC invocations=12 (full 1):
 PSYoungGen      total 88576K, used 88566K [0x00000000d5580000, 0x00000000dc680000, 0x0000000100000000)
  eden space 80896K, 100% used [0x00000000d5580000,0x00000000da480000,0x00000000da480000)
  from space 7680K, 99% used [0x00000000dbf00000,0x00000000dc67dbe0,0x00000000dc680000)
  to   space 8704K, 0% used [0x00000000db580000,0x00000000db580000,0x00000000dbe00000)
 ParOldGen       total 35840K, used 9919K [0x0000000080000000, 0x0000000082300000, 0x00000000d5580000)
  object space 35840K, 27% used [0x0000000080000000,0x00000000809afe58,0x0000000082300000)
 Metaspace       used 33526K, capacity 34578K, committed 34688K, reserved 1079296K
  class space    used 4695K, capacity 4922K, committed 4992K, reserved 1048576K
Event: 8.999 GC heap after
Heap after GC invocations=12 (full 1):
 PSYoungGen      total 107008K, used 7636K [0x00000000d5580000, 0x00000000dce80000, 0x0000000100000000)
  eden space 98304K, 0% used [0x00000000d5580000,0x00000000d5580000,0x00000000db580000)
  from space 8704K, 87% used [0x00000000db580000,0x00000000dbcf51c0,0x00000000dbe00000)
  to   space 9216K, 0% used [0x00000000dc580000,0x00000000dc580000,0x00000000dce80000)
 ParOldGen       total 35840K, used 12961K [0x0000000080000000, 0x0000000082300000, 0x00000000d5580000)
  object space 35840K, 36% used [0x0000000080000000,0x0000000080ca8438,0x0000000082300000)
 Metaspace       used 33526K, capacity 34578K, committed 34688K, reserved 1079296K
  class space    used 4695K, capacity 4922K, committed 4992K, reserved 1048576K
}
Event: 9.223 GC heap before
{Heap before GC invocations=13 (full 1):
 PSYoungGen      total 107008K, used 27149K [0x00000000d5580000, 0x00000000dce80000, 0x0000000100000000)
  eden space 98304K, 19% used [0x00000000d5580000,0x00000000d688e4f0,0x00000000db580000)
  from space 8704K, 87% used [0x00000000db580000,0x00000000dbcf51c0,0x00000000dbe00000)
  to   space 9216K, 0% used [0x00000000dc580000,0x00000000dc580000,0x00000000dce80000)
 ParOldGen       total 35840K, used 12961K [0x0000000080000000, 0x0000000082300000, 0x00000000d5580000)
  object space 35840K, 36% used [0x0000000080000000,0x0000000080ca8438,0x0000000082300000)
 Metaspace       used 34304K, capacity 35444K, committed 35496K, reserved 1079296K
  class space    used 4831K, capacity 5097K, committed 5120K, reserved 1048576K
Event: 9.245 GC heap after
Heap after GC invocations=13 (full 1):
 PSYoungGen      total 114176K, used 1236K [0x00000000d5580000, 0x00000000df200000, 0x0000000100000000)
  eden space 104960K, 0% used [0x00000000d5580000,0x00000000d5580000,0x00000000dbc00000)
  from space 9216K, 13% used [0x00000000dc580000,0x00000000dc6b5158,0x00000000dce80000)
  to   space 9728K, 0% used [0x00000000dbc00000,0x00000000dbc00000,0x00000000dc580000)
 ParOldGen       total 35840K, used 16692K [0x0000000080000000, 0x0000000082300000, 0x00000000d5580000)
  object space 35840K, 46% used [0x0000000080000000,0x000000008104d368,0x0000000082300000)
 Metaspace       used 34304K, capacity 35444K, committed 35496K, reserved 1079296K
  class space    used 4831K, capacity 5097K, committed 5120K, reserved 1048576K
}
Event: 9.245 GC heap before
{Heap before GC invocations=14 (full 2):
 PSYoungGen      total 114176K, used 1236K [0x00000000d5580000, 0x00000000df200000, 0x0000000100000000)
  eden space 104960K, 0% used [0x00000000d5580000,0x00000000d5580000,0x00000000dbc00000)
  from space 9216K, 13% used [0x00000000dc580000,0x00000000dc6b5158,0x00000000dce80000)
  to   space 9728K, 0% used [0x00000000dbc00000,0x00000000dbc00000,0x00000000dc580000)
 ParOldGen       total 35840K, used 16692K [0x0000000080000000, 0x0000000082300000, 0x00000000d5580000)
  object space 35840K, 46% used [0x0000000080000000,0x000000008104d368,0x0000000082300000)
 Metaspace       used 34304K, capacity 35444K, committed 35496K, reserved 1079296K
  class space    used 4831K, capacity 5097K, committed 5120K, reserved 1048576K
Event: 9.361 GC heap after
Heap after GC invocations=14 (full 2):
 PSYoungGen      total 114176K, used 0K [0x00000000d5580000, 0x00000000df200000, 0x0000000100000000)
  eden space 104960K, 0% used [0x00000000d5580000,0x00000000d5580000,0x00000000dbc00000)
  from space 9216K, 0% used [0x00000000dc580000,0x00000000dc580000,0x00000000dce80000)
  to   space 9728K, 0% used [0x00000000dbc00000,0x00000000dbc00000,0x00000000dc580000)
 ParOldGen       total 53248K, used 14474K [0x0000000080000000, 0x0000000083400000, 0x00000000d5580000)
  object space 53248K, 27% used [0x0000000080000000,0x0000000080e22bb0,0x0000000083400000)
 Metaspace       used 34304K, capacity 35444K, committed 35496K, reserved 1079296K
  class space    used 4831K, capacity 5097K, committed 5120K, reserved 1048576K
}
Event: 11.447 GC heap before
{Heap before GC invocations=15 (full 2):
 PSYoungGen      total 114176K, used 104960K [0x00000000d5580000, 0x00000000df200000, 0x0000000100000000)
  eden space 104960K, 100% used [0x00000000d5580000,0x00000000dbc00000,0x00000000dbc00000)
  from space 9216K, 0% used [0x00000000dc580000,0x00000000dc580000,0x00000000dce80000)
  to   space 9728K, 0% used [0x00000000dbc00000,0x00000000dbc00000,0x00000000dc580000)
 ParOldGen       total 53248K, used 14474K [0x0000000080000000, 0x0000000083400000, 0x00000000d5580000)
  object space 53248K, 27% used [0x0000000080000000,0x0000000080e22bb0,0x0000000083400000)
 Metaspace       used 36793K, capacity 38248K, committed 38528K, reserved 1083392K
  class space    used 5154K, capacity 5440K, committed 5504K, reserved 1048576K
Event: 11.456 GC heap after
Heap after GC invocations=15 (full 2):
 PSYoungGen      total 114688K, used 5901K [0x00000000d5580000, 0x00000000dee00000, 0x0000000100000000)
  eden space 104960K, 0% used [0x00000000d5580000,0x00000000d5580000,0x00000000dbc00000)
  from space 9728K, 60% used [0x00000000dbc00000,0x00000000dc1c3710,0x00000000dc580000)
  to   space 9728K, 0% used [0x00000000de480000,0x00000000de480000,0x00000000dee00000)
 ParOldGen       total 53248K, used 14482K [0x0000000080000000, 0x0000000083400000, 0x00000000d5580000)
  object space 53248K, 27% used [0x0000000080000000,0x0000000080e24bb0,0x0000000083400000)
 Metaspace       used 36793K, capacity 38248K, committed 38528K, reserved 1083392K
  class space    used 5154K, capacity 5440K, committed 5504K, reserved 1048576K
}

