# JRE version: OpenJDK Runtime Environment (8.0_302-b08) (build 1.8.0_302-b08)
# Java VM: OpenJDK 64-Bit Server VM (25.302-b08 mixed mode windows-amd64 compressed oops)
Heap:
 PSYoungGen      total 248832K, used 125754K [0x00000000d5580000, 0x00000000ec400000, 0x0000000100000000)
  eden space 227840K, 55% used [0x00000000d5580000,0x00000000dd04ea48,0x00000000e3400000)
  from space 20992K, 0% used [0x00000000e3400000,0x00000000e3400000,0x00000000e4880000)
  to   space 20480K, 0% used [0x00000000eb000000,0x00000000eb000000,0x00000000ec400000)
 ParOldGen       total 48640K, used 34282K [0x0000000080000000, 0x0000000082f80000, 0x00000000d5580000)
  object space 48640K, 70% used [0x0000000080000000,0x000000008217abd8,0x0000000082f80000)
 Metaspace       used 64008K, capacity 66520K, committed 66688K, reserved 1105920K
  class space    used 8955K, capacity 9476K, committed 9600K, reserved 1048576K
GC Heap History (10 events):
Event: 12.764 GC heap before
{Heap before GC invocations=12 (full 2):
 PSYoungGen      total 185344K, used 8567K [0x00000000d5580000, 0x00000000e1980000, 0x0000000100000000)
  eden space 173056K, 0% used [0x00000000d5580000,0x00000000d5580000,0x00000000dfe80000)
  from space 12288K, 69% used [0x00000000e0b00000,0x00000000e135dde8,0x00000000e1700000)
  to   space 12800K, 0% used [0x00000000dfe80000,0x00000000dfe80000,0x00000000e0b00000)
 ParOldGen       total 32256K, used 12267K [0x0000000080000000, 0x0000000081f80000, 0x00000000d5580000)
  object space 32256K, 38% used [0x0000000080000000,0x0000000080bfaef8,0x0000000081f80000)
 Metaspace       used 34299K, capacity 35444K, committed 35496K, reserved 1079296K
  class space    used 4831K, capacity 5097K, committed 5120K, reserved 1048576K
Event: 12.825 GC heap after
Heap after GC invocations=12 (full 2):
 PSYoungGen      total 185344K, used 0K [0x00000000d5580000, 0x00000000e1980000, 0x0000000100000000)
  eden space 173056K, 0% used [0x00000000d5580000,0x00000000d5580000,0x00000000dfe80000)
  from space 12288K, 0% used [0x00000000e0b00000,0x00000000e0b00000,0x00000000e1700000)
  to   space 12800K, 0% used [0x00000000dfe80000,0x00000000dfe80000,0x00000000e0b00000)
 ParOldGen       total 48640K, used 15116K [0x0000000080000000, 0x0000000082f80000, 0x00000000d5580000)
  object space 48640K, 31% used [0x0000000080000000,0x0000000080ec3140,0x0000000082f80000)
 Metaspace       used 34299K, capacity 35444K, committed 35496K, reserved 1079296K
  class space    used 4831K, capacity 5097K, committed 5120K, reserved 1048576K
}
Event: 17.483 GC heap before
{Heap before GC invocations=13 (full 2):
 PSYoungGen      total 185344K, used 173056K [0x00000000d5580000, 0x00000000e1980000, 0x0000000100000000)
  eden space 173056K, 100% used [0x00000000d5580000,0x00000000dfe80000,0x00000000dfe80000)
  from space 12288K, 0% used [0x00000000e0b00000,0x00000000e0b00000,0x00000000e1700000)
  to   space 12800K, 0% used [0x00000000dfe80000,0x00000000dfe80000,0x00000000e0b00000)
 ParOldGen       total 48640K, used 15116K [0x0000000080000000, 0x0000000082f80000, 0x00000000d5580000)
  object space 48640K, 31% used [0x0000000080000000,0x0000000080ec3140,0x0000000082f80000)
 Metaspace       used 41234K, capacity 43022K, committed 43264K, reserved 1087488K
  class space    used 5775K, capacity 6143K, committed 6144K, reserved 1048576K
Event: 17.500 GC heap after
Heap after GC invocations=13 (full 2):
 PSYoungGen      total 185856K, used 11762K [0x00000000d5580000, 0x00000000e5680000, 0x0000000100000000)
  eden space 173056K, 0% used [0x00000000d5580000,0x00000000d5580000,0x00000000dfe80000)
  from space 12800K, 91% used [0x00000000dfe80000,0x00000000e09fcbf0,0x00000000e0b00000)
  to   space 14336K, 0% used [0x00000000e4880000,0x00000000e4880000,0x00000000e5680000)
 ParOldGen       total 48640K, used 15124K [0x0000000080000000, 0x0000000082f80000, 0x00000000d5580000)
  object space 48640K, 31% used [0x0000000080000000,0x0000000080ec5140,0x0000000082f80000)
 Metaspace       used 41234K, capacity 43022K, committed 43264K, reserved 1087488K
  class space    used 5775K, capacity 6143K, committed 6144K, reserved 1048576K
}
Event: 20.416 GC heap before
{Heap before GC invocations=14 (full 2):
 PSYoungGen      total 185856K, used 184818K [0x00000000d5580000, 0x00000000e5680000, 0x0000000100000000)
  eden space 173056K, 100% used [0x00000000d5580000,0x00000000dfe80000,0x00000000dfe80000)
  from space 12800K, 91% used [0x00000000dfe80000,0x00000000e09fcbf0,0x00000000e0b00000)
  to   space 14336K, 0% used [0x00000000e4880000,0x00000000e4880000,0x00000000e5680000)
 ParOldGen       total 48640K, used 15124K [0x0000000080000000, 0x0000000082f80000, 0x00000000d5580000)
  object space 48640K, 31% used [0x0000000080000000,0x0000000080ec5140,0x0000000082f80000)
 Metaspace       used 53914K, capacity 56054K, committed 56192K, reserved 1097728K
  class space    used 7323K, capacity 7766K, committed 7808K, reserved 1048576K
Event: 20.471 GC heap after
Heap after GC invocations=14 (full 2):
 PSYoungGen      total 242176K, used 14319K [0x00000000d5580000, 0x00000000e6480000, 0x0000000100000000)
  eden space 227840K, 0% used [0x00000000d5580000,0x00000000d5580000,0x00000000e3400000)
  from space 14336K, 99% used [0x00000000e4880000,0x00000000e567bd80,0x00000000e5680000)
  to   space 20992K, 0% used [0x00000000e3400000,0x00000000e3400000,0x00000000e4880000)
 ParOldGen       total 48640K, used 26941K [0x0000000080000000, 0x0000000082f80000, 0x00000000d5580000)
  object space 48640K, 55% used [0x0000000080000000,0x0000000081a4f520,0x0000000082f80000)
 Metaspace       used 53914K, capacity 56054K, committed 56192K, reserved 1097728K
  class space    used 7323K, capacity 7766K, committed 7808K, reserved 1048576K
}
Event: 21.043 GC heap before
{Heap before GC invocations=15 (full 2):
 PSYoungGen      total 242176K, used 44394K [0x00000000d5580000, 0x00000000e6480000, 0x0000000100000000)
  eden space 227840K, 13% used [0x00000000d5580000,0x00000000d72debe0,0x00000000e3400000)
  from space 14336K, 99% used [0x00000000e4880000,0x00000000e567bd80,0x00000000e5680000)
  to   space 20992K, 0% used [0x00000000e3400000,0x00000000e3400000,0x00000000e4880000)
 ParOldGen       total 48640K, used 26941K [0x0000000080000000, 0x0000000082f80000, 0x00000000d5580000)
  object space 48640K, 55% used [0x0000000080000000,0x0000000081a4f520,0x0000000082f80000)
 Metaspace       used 56846K, capacity 59106K, committed 59160K, reserved 1099776K
  class space    used 7809K, capacity 8272K, committed 8320K, reserved 1048576K
Event: 21.115 GC heap after
Heap after GC invocations=15 (full 2):
 PSYoungGen      total 248832K, used 4044K [0x00000000d5580000, 0x00000000ec400000, 0x0000000100000000)
  eden space 227840K, 0% used [0x00000000d5580000,0x00000000d5580000,0x00000000e3400000)
  from space 20992K, 19% used [0x00000000e3400000,0x00000000e37f3208,0x00000000e4880000)
  to   space 20480K, 0% used [0x00000000eb000000,0x00000000eb000000,0x00000000ec400000)
 ParOldGen       total 48640K, used 39075K [0x0000000080000000, 0x0000000082f80000, 0x00000000d5580000)
  object space 48640K, 80% used [0x0000000080000000,0x0000000082628f80,0x0000000082f80000)
 Metaspace       used 56846K, capacity 59106K, committed 59160K, reserved 1099776K
  class space    used 7809K, capacity 8272K, committed 8320K, reserved 1048576K
}
Event: 21.116 GC heap before
{Heap before GC invocations=16 (full 3):
 PSYoungGen      total 248832K, used 4044K [0x00000000d5580000, 0x00000000ec400000, 0x0000000100000000)
  eden space 227840K, 0% used [0x00000000d5580000,0x00000000d5580000,0x00000000e3400000)
  from space 20992K, 19% used [0x00000000e3400000,0x00000000e37f3208,0x00000000e4880000)
  to   space 20480K, 0% used [0x00000000eb000000,0x00000000eb000000,0x00000000ec400000)
 ParOldGen       total 48640K, used 39075K [0x0000000080000000, 0x0000000082f80000, 0x00000000d5580000)
  object space 48640K, 80% used [0x0000000080000000,0x0000000082628f80,0x0000000082f80000)
 Metaspace       used 56846K, capacity 59106K, committed 59160K, reserved 1099776K
  class space    used 7809K, capacity 8272K, committed 8320K, reserved 1048576K
Event: 21.719 GC heap after
Heap after GC invocations=16 (full 3):
 PSYoungGen      total 248832K, used 0K [0x00000000d5580000, 0x00000000ec400000, 0x0000000100000000)
  eden space 227840K, 0% used [0x00000000d5580000,0x00000000d5580000,0x00000000e3400000)
  from space 20992K, 0% used [0x00000000e3400000,0x00000000e3400000,0x00000000e4880000)
  to   space 20480K, 0% used [0x00000000eb000000,0x00000000eb000000,0x00000000ec400000)
 ParOldGen       total 48640K, used 34282K [0x0000000080000000, 0x0000000082f80000, 0x00000000d5580000)
  object space 48640K, 70% used [0x0000000080000000,0x000000008217abd8,0x0000000082f80000)
 Metaspace       used 56827K, capacity 59040K, committed 59160K, reserved 1099776K
  class space    used 7803K, capacity 8261K, committed 8320K, reserved 1048576K
}

