# JRE version: OpenJDK Runtime Environment (8.0_302-b08) (build 1.8.0_302-b08)
# Java VM: OpenJDK 64-Bit Server VM (25.302-b08 mixed mode windows-amd64 compressed oops)
Heap:
 PSYoungGen      total 214528K, used 49019K [0x00000000d5580000, 0x00000000e4200000, 0x0000000100000000)
  eden space 197632K, 16% used [0x00000000d5580000,0x00000000d74fc760,0x00000000e1680000)
  from space 16896K, 99% used [0x00000000e3180000,0x00000000e41e25f0,0x00000000e4200000)
  to   space 19456K, 0% used [0x00000000e1c00000,0x00000000e1c00000,0x00000000e2f00000)
 ParOldGen       total 79360K, used 36437K [0x0000000080000000, 0x0000000084d80000, 0x00000000d5580000)
  object space 79360K, 45% used [0x0000000080000000,0x00000000823956f0,0x0000000084d80000)
 Metaspace       used 67776K, capacity 70636K, committed 70784K, reserved 1110016K
  class space    used 9034K, capacity 9589K, committed 9600K, reserved 1048576K
GC Heap History (10 events):
Event: 12.336 GC heap before
{Heap before GC invocations=15 (full 2):
 PSYoungGen      total 119808K, used 109568K [0x00000000d5580000, 0x00000000df980000, 0x0000000100000000)
  eden space 109568K, 100% used [0x00000000d5580000,0x00000000dc080000,0x00000000dc080000)
  from space 10240K, 0% used [0x00000000dca80000,0x00000000dca80000,0x00000000dd480000)
  to   space 10240K, 0% used [0x00000000dc080000,0x00000000dc080000,0x00000000dca80000)
 ParOldGen       total 46080K, used 13808K [0x0000000080000000, 0x0000000082d00000, 0x00000000d5580000)
  object space 46080K, 29% used [0x0000000080000000,0x0000000080d7c250,0x0000000082d00000)
 Metaspace       used 40250K, capacity 41850K, committed 41984K, reserved 1085440K
  class space    used 5523K, capacity 5872K, committed 5888K, reserved 1048576K
Event: 12.364 GC heap after
Heap after GC invocations=15 (full 2):
 PSYoungGen      total 119808K, used 10232K [0x00000000d5580000, 0x00000000e0600000, 0x0000000100000000)
  eden space 109568K, 0% used [0x00000000d5580000,0x00000000d5580000,0x00000000dc080000)
  from space 10240K, 99% used [0x00000000dc080000,0x00000000dca7e190,0x00000000dca80000)
  to   space 12288K, 0% used [0x00000000dfa00000,0x00000000dfa00000,0x00000000e0600000)
 ParOldGen       total 46080K, used 14828K [0x0000000080000000, 0x0000000082d00000, 0x00000000d5580000)
  object space 46080K, 32% used [0x0000000080000000,0x0000000080e7b250,0x0000000082d00000)
 Metaspace       used 40250K, capacity 41850K, committed 41984K, reserved 1085440K
  class space    used 5523K, capacity 5872K, committed 5888K, reserved 1048576K
}
Event: 15.383 GC heap before
{Heap before GC invocations=16 (full 2):
 PSYoungGen      total 119808K, used 119800K [0x00000000d5580000, 0x00000000e0600000, 0x0000000100000000)
  eden space 109568K, 100% used [0x00000000d5580000,0x00000000dc080000,0x00000000dc080000)
  from space 10240K, 99% used [0x00000000dc080000,0x00000000dca7e190,0x00000000dca80000)
  to   space 12288K, 0% used [0x00000000dfa00000,0x00000000dfa00000,0x00000000e0600000)
 ParOldGen       total 46080K, used 14828K [0x0000000080000000, 0x0000000082d00000, 0x00000000d5580000)
  object space 46080K, 32% used [0x0000000080000000,0x0000000080e7b250,0x0000000082d00000)
 Metaspace       used 45969K, capacity 47934K, committed 48128K, reserved 1091584K
  class space    used 6297K, capacity 6634K, committed 6656K, reserved 1048576K
Event: 15.430 GC heap after
Heap after GC invocations=16 (full 2):
 PSYoungGen      total 163328K, used 8392K [0x00000000d5580000, 0x00000000e0400000, 0x0000000100000000)
  eden space 153088K, 0% used [0x00000000d5580000,0x00000000d5580000,0x00000000deb00000)
  from space 10240K, 81% used [0x00000000dfa00000,0x00000000e02320e0,0x00000000e0400000)
  to   space 12800K, 0% used [0x00000000deb00000,0x00000000deb00000,0x00000000df780000)
 ParOldGen       total 46080K, used 21484K [0x0000000080000000, 0x0000000082d00000, 0x00000000d5580000)
  object space 46080K, 46% used [0x0000000080000000,0x00000000814fb160,0x0000000082d00000)
 Metaspace       used 45969K, capacity 47934K, committed 48128K, reserved 1091584K
  class space    used 6297K, capacity 6634K, committed 6656K, reserved 1048576K
}
Event: 20.543 GC heap before
{Heap before GC invocations=17 (full 2):
 PSYoungGen      total 163328K, used 124459K [0x00000000d5580000, 0x00000000e0400000, 0x0000000100000000)
  eden space 153088K, 75% used [0x00000000d5580000,0x00000000dc6d8e80,0x00000000deb00000)
  from space 10240K, 81% used [0x00000000dfa00000,0x00000000e02320e0,0x00000000e0400000)
  to   space 12800K, 0% used [0x00000000deb00000,0x00000000deb00000,0x00000000df780000)
 ParOldGen       total 46080K, used 21484K [0x0000000080000000, 0x0000000082d00000, 0x00000000d5580000)
  object space 46080K, 46% used [0x0000000080000000,0x00000000814fb160,0x0000000082d00000)
 Metaspace       used 56865K, capacity 59058K, committed 59160K, reserved 1099776K
  class space    used 7613K, capacity 8015K, committed 8064K, reserved 1048576K
Event: 20.577 GC heap after
Heap after GC invocations=17 (full 2):
 PSYoungGen      total 165888K, used 12791K [0x00000000d5580000, 0x00000000e4200000, 0x0000000100000000)
  eden space 153088K, 0% used [0x00000000d5580000,0x00000000d5580000,0x00000000deb00000)
  from space 12800K, 99% used [0x00000000deb00000,0x00000000df77df78,0x00000000df780000)
  to   space 16896K, 0% used [0x00000000e3180000,0x00000000e3180000,0x00000000e4200000)
 ParOldGen       total 46080K, used 26537K [0x0000000080000000, 0x0000000082d00000, 0x00000000d5580000)
  object space 46080K, 57% used [0x0000000080000000,0x00000000819ea510,0x0000000082d00000)
 Metaspace       used 56865K, capacity 59058K, committed 59160K, reserved 1099776K
  class space    used 7613K, capacity 8015K, committed 8064K, reserved 1048576K
}
Event: 20.577 GC heap before
{Heap before GC invocations=18 (full 3):
 PSYoungGen      total 165888K, used 12791K [0x00000000d5580000, 0x00000000e4200000, 0x0000000100000000)
  eden space 153088K, 0% used [0x00000000d5580000,0x00000000d5580000,0x00000000deb00000)
  from space 12800K, 99% used [0x00000000deb00000,0x00000000df77df78,0x00000000df780000)
  to   space 16896K, 0% used [0x00000000e3180000,0x00000000e3180000,0x00000000e4200000)
 ParOldGen       total 46080K, used 26537K [0x0000000080000000, 0x0000000082d00000, 0x00000000d5580000)
  object space 46080K, 57% used [0x0000000080000000,0x00000000819ea510,0x0000000082d00000)
 Metaspace       used 56865K, capacity 59058K, committed 59160K, reserved 1099776K
  class space    used 7613K, capacity 8015K, committed 8064K, reserved 1048576K
Event: 21.181 GC heap after
Heap after GC invocations=18 (full 3):
 PSYoungGen      total 165888K, used 0K [0x00000000d5580000, 0x00000000e4200000, 0x0000000100000000)
  eden space 153088K, 0% used [0x00000000d5580000,0x00000000d5580000,0x00000000deb00000)
  from space 12800K, 0% used [0x00000000deb00000,0x00000000deb00000,0x00000000df780000)
  to   space 16896K, 0% used [0x00000000e3180000,0x00000000e3180000,0x00000000e4200000)
 ParOldGen       total 79360K, used 36429K [0x0000000080000000, 0x0000000084d80000, 0x00000000d5580000)
  object space 79360K, 45% used [0x0000000080000000,0x00000000823936f0,0x0000000084d80000)
 Metaspace       used 56816K, capacity 58952K, committed 59160K, reserved 1099776K
  class space    used 7601K, capacity 8002K, committed 8064K, reserved 1048576K
}
Event: 24.000 GC heap before
{Heap before GC invocations=19 (full 3):
 PSYoungGen      total 165888K, used 153088K [0x00000000d5580000, 0x00000000e4200000, 0x0000000100000000)
  eden space 153088K, 100% used [0x00000000d5580000,0x00000000deb00000,0x00000000deb00000)
  from space 12800K, 0% used [0x00000000deb00000,0x00000000deb00000,0x00000000df780000)
  to   space 16896K, 0% used [0x00000000e3180000,0x00000000e3180000,0x00000000e4200000)
 ParOldGen       total 79360K, used 36429K [0x0000000080000000, 0x0000000084d80000, 0x00000000d5580000)
  object space 79360K, 45% used [0x0000000080000000,0x00000000823936f0,0x0000000084d80000)
 Metaspace       used 65878K, capacity 68560K, committed 68864K, reserved 1107968K
  class space    used 8880K, capacity 9398K, committed 9472K, reserved 1048576K
Event: 24.035 GC heap after
Heap after GC invocations=19 (full 3):
 PSYoungGen      total 214528K, used 16777K [0x00000000d5580000, 0x00000000e4200000, 0x0000000100000000)
  eden space 197632K, 0% used [0x00000000d5580000,0x00000000d5580000,0x00000000e1680000)
  from space 16896K, 99% used [0x00000000e3180000,0x00000000e41e25f0,0x00000000e4200000)
  to   space 19456K, 0% used [0x00000000e1c00000,0x00000000e1c00000,0x00000000e2f00000)
 ParOldGen       total 79360K, used 36437K [0x0000000080000000, 0x0000000084d80000, 0x00000000d5580000)
  object space 79360K, 45% used [0x0000000080000000,0x00000000823956f0,0x0000000084d80000)
 Metaspace       used 65878K, capacity 68560K, committed 68864K, reserved 1107968K
  class space    used 8880K, capacity 9398K, committed 9472K, reserved 1048576K
}

