# JRE version: OpenJDK Runtime Environment (8.0_302-b08) (build 1.8.0_302-b08)
# Java VM: OpenJDK 64-Bit Server VM (25.302-b08 mixed mode windows-amd64 compressed oops)
Heap:
 PSYoungGen      total 455168K, used 166386K [0x00000000d5580000, 0x00000000f3480000, 0x0000000100000000)
  eden space 419840K, 36% used [0x00000000d5580000,0x00000000deb7bb88,0x00000000eef80000)
  from space 35328K, 36% used [0x00000000eef80000,0x00000000efc00f18,0x00000000f1200000)
  to   space 32256K, 0% used [0x00000000f1500000,0x00000000f1500000,0x00000000f3480000)
 ParOldGen       total 210432K, used 169590K [0x0000000080000000, 0x000000008cd80000, 0x00000000d5580000)
  object space 210432K, 80% used [0x0000000080000000,0x000000008a59d830,0x000000008cd80000)
 Metaspace       used 111017K, capacity 116396K, committed 116904K, reserved 1150976K
  class space    used 14626K, capacity 15627K, committed 15784K, reserved 1048576K
GC Heap History (10 events):
Event: 1640.849 GC heap before
{Heap before GC invocations=38 (full 5):
 PSYoungGen      total 361472K, used 329530K [0x00000000d5580000, 0x00000000edf00000, 0x0000000100000000)
  eden space 320000K, 100% used [0x00000000d5580000,0x00000000e8e00000,0x00000000e8e00000)
  from space 41472K, 22% used [0x00000000eb500000,0x00000000ebe4eb18,0x00000000edd80000)
  to   space 39936K, 0% used [0x00000000e8e00000,0x00000000e8e00000,0x00000000eb500000)
 ParOldGen       total 210432K, used 143545K [0x0000000080000000, 0x000000008cd80000, 0x00000000d5580000)
  object space 210432K, 68% used [0x0000000080000000,0x0000000088c2e5b8,0x000000008cd80000)
 Metaspace       used 110704K, capacity 116038K, committed 116648K, reserved 1150976K
  class space    used 14622K, capacity 15626K, committed 15784K, reserved 1048576K
Event: 1640.890 GC heap after
Heap after GC invocations=38 (full 5):
 PSYoungGen      total 359936K, used 6308K [0x00000000d5580000, 0x00000000f0a80000, 0x0000000100000000)
  eden space 320000K, 0% used [0x00000000d5580000,0x00000000d5580000,0x00000000e8e00000)
  from space 39936K, 15% used [0x00000000e8e00000,0x00000000e94290e0,0x00000000eb500000)
  to   space 38912K, 0% used [0x00000000ee480000,0x00000000ee480000,0x00000000f0a80000)
 ParOldGen       total 210432K, used 151794K [0x0000000080000000, 0x000000008cd80000, 0x00000000d5580000)
  object space 210432K, 72% used [0x0000000080000000,0x000000008943c8c0,0x000000008cd80000)
 Metaspace       used 110704K, capacity 116038K, committed 116648K, reserved 1150976K
  class space    used 14622K, capacity 15626K, committed 15784K, reserved 1048576K
}
Event: 1642.419 GC heap before
{Heap before GC invocations=39 (full 5):
 PSYoungGen      total 359936K, used 326308K [0x00000000d5580000, 0x00000000f0a80000, 0x0000000100000000)
  eden space 320000K, 100% used [0x00000000d5580000,0x00000000e8e00000,0x00000000e8e00000)
  from space 39936K, 15% used [0x00000000e8e00000,0x00000000e94290e0,0x00000000eb500000)
  to   space 38912K, 0% used [0x00000000ee480000,0x00000000ee480000,0x00000000f0a80000)
 ParOldGen       total 210432K, used 151794K [0x0000000080000000, 0x000000008cd80000, 0x00000000d5580000)
  object space 210432K, 72% used [0x0000000080000000,0x000000008943c8c0,0x000000008cd80000)
 Metaspace       used 110717K, capacity 116042K, committed 116648K, reserved 1150976K
  class space    used 14622K, capacity 15626K, committed 15784K, reserved 1048576K
Event: 1642.460 GC heap after
Heap after GC invocations=39 (full 5):
 PSYoungGen      total 404480K, used 6912K [0x00000000d5580000, 0x00000000f0780000, 0x0000000100000000)
  eden space 368640K, 0% used [0x00000000d5580000,0x00000000d5580000,0x00000000ebd80000)
  from space 35840K, 19% used [0x00000000ee480000,0x00000000eeb40090,0x00000000f0780000)
  to   space 37888K, 0% used [0x00000000ebd80000,0x00000000ebd80000,0x00000000ee280000)
 ParOldGen       total 210432K, used 156767K [0x0000000080000000, 0x000000008cd80000, 0x00000000d5580000)
  object space 210432K, 74% used [0x0000000080000000,0x0000000089917ef0,0x000000008cd80000)
 Metaspace       used 110717K, capacity 116042K, committed 116648K, reserved 1150976K
  class space    used 14622K, capacity 15626K, committed 15784K, reserved 1048576K
}
Event: 1644.630 GC heap before
{Heap before GC invocations=40 (full 5):
 PSYoungGen      total 404480K, used 375552K [0x00000000d5580000, 0x00000000f0780000, 0x0000000100000000)
  eden space 368640K, 100% used [0x00000000d5580000,0x00000000ebd80000,0x00000000ebd80000)
  from space 35840K, 19% used [0x00000000ee480000,0x00000000eeb40090,0x00000000f0780000)
  to   space 37888K, 0% used [0x00000000ebd80000,0x00000000ebd80000,0x00000000ee280000)
 ParOldGen       total 210432K, used 156767K [0x0000000080000000, 0x000000008cd80000, 0x00000000d5580000)
  object space 210432K, 74% used [0x0000000080000000,0x0000000089917ef0,0x000000008cd80000)
 Metaspace       used 110897K, capacity 116248K, committed 116648K, reserved 1150976K
  class space    used 14623K, capacity 15627K, committed 15784K, reserved 1048576K
Event: 1644.669 GC heap after
Heap after GC invocations=40 (full 5):
 PSYoungGen      total 406528K, used 6194K [0x00000000d5580000, 0x00000000f3880000, 0x0000000100000000)
  eden space 368640K, 0% used [0x00000000d5580000,0x00000000d5580000,0x00000000ebd80000)
  from space 37888K, 16% used [0x00000000ebd80000,0x00000000ec38ca80,0x00000000ee280000)
  to   space 36352K, 0% used [0x00000000f1500000,0x00000000f1500000,0x00000000f3880000)
 ParOldGen       total 210432K, used 160803K [0x0000000080000000, 0x000000008cd80000, 0x00000000d5580000)
  object space 210432K, 76% used [0x0000000080000000,0x0000000089d08ee0,0x000000008cd80000)
 Metaspace       used 110897K, capacity 116248K, committed 116648K, reserved 1150976K
  class space    used 14623K, capacity 15627K, committed 15784K, reserved 1048576K
}
Event: 1647.265 GC heap before
{Heap before GC invocations=41 (full 5):
 PSYoungGen      total 406528K, used 374834K [0x00000000d5580000, 0x00000000f3880000, 0x0000000100000000)
  eden space 368640K, 100% used [0x00000000d5580000,0x00000000ebd80000,0x00000000ebd80000)
  from space 37888K, 16% used [0x00000000ebd80000,0x00000000ec38ca80,0x00000000ee280000)
  to   space 36352K, 0% used [0x00000000f1500000,0x00000000f1500000,0x00000000f3880000)
 ParOldGen       total 210432K, used 160803K [0x0000000080000000, 0x000000008cd80000, 0x00000000d5580000)
  object space 210432K, 76% used [0x0000000080000000,0x0000000089d08ee0,0x000000008cd80000)
 Metaspace       used 110931K, capacity 116312K, committed 116904K, reserved 1150976K
  class space    used 14623K, capacity 15627K, committed 15784K, reserved 1048576K
Event: 1647.311 GC heap after
Heap after GC invocations=41 (full 5):
 PSYoungGen      total 452096K, used 4788K [0x00000000d5580000, 0x00000000f3480000, 0x0000000100000000)
  eden space 419840K, 0% used [0x00000000d5580000,0x00000000d5580000,0x00000000eef80000)
  from space 32256K, 14% used [0x00000000f1500000,0x00000000f19ad260,0x00000000f3480000)
  to   space 35328K, 0% used [0x00000000eef80000,0x00000000eef80000,0x00000000f1200000)
 ParOldGen       total 210432K, used 165536K [0x0000000080000000, 0x000000008cd80000, 0x00000000d5580000)
  object space 210432K, 78% used [0x0000000080000000,0x000000008a1a8280,0x000000008cd80000)
 Metaspace       used 110931K, capacity 116312K, committed 116904K, reserved 1150976K
  class space    used 14623K, capacity 15627K, committed 15784K, reserved 1048576K
}
Event: 1650.358 GC heap before
{Heap before GC invocations=42 (full 5):
 PSYoungGen      total 452096K, used 424628K [0x00000000d5580000, 0x00000000f3480000, 0x0000000100000000)
  eden space 419840K, 100% used [0x00000000d5580000,0x00000000eef80000,0x00000000eef80000)
  from space 32256K, 14% used [0x00000000f1500000,0x00000000f19ad260,0x00000000f3480000)
  to   space 35328K, 0% used [0x00000000eef80000,0x00000000eef80000,0x00000000f1200000)
 ParOldGen       total 210432K, used 165536K [0x0000000080000000, 0x000000008cd80000, 0x00000000d5580000)
  object space 210432K, 78% used [0x0000000080000000,0x000000008a1a8280,0x000000008cd80000)
 Metaspace       used 110978K, capacity 116316K, committed 116904K, reserved 1150976K
  class space    used 14623K, capacity 15627K, committed 15784K, reserved 1048576K
Event: 1650.403 GC heap after
Heap after GC invocations=42 (full 5):
 PSYoungGen      total 455168K, used 12803K [0x00000000d5580000, 0x00000000f3480000, 0x0000000100000000)
  eden space 419840K, 0% used [0x00000000d5580000,0x00000000d5580000,0x00000000eef80000)
  from space 35328K, 36% used [0x00000000eef80000,0x00000000efc00f18,0x00000000f1200000)
  to   space 32256K, 0% used [0x00000000f1500000,0x00000000f1500000,0x00000000f3480000)
 ParOldGen       total 210432K, used 169590K [0x0000000080000000, 0x000000008cd80000, 0x00000000d5580000)
  object space 210432K, 80% used [0x0000000080000000,0x000000008a59d830,0x000000008cd80000)
 Metaspace       used 110978K, capacity 116316K, committed 116904K, reserved 1150976K
  class space    used 14623K, capacity 15627K, committed 15784K, reserved 1048576K
}

