# JRE version: OpenJDK Runtime Environment (8.0_302-b08) (build 1.8.0_302-b08)
# Java VM: OpenJDK 64-Bit Server VM (25.302-b08 mixed mode windows-amd64 compressed oops)
Heap:
 PSYoungGen      total 140800K, used 21212K [0x00000000d5580000, 0x00000000e0880000, 0x0000000100000000)
  eden space 126464K, 16% used [0x00000000d5580000,0x00000000d6a37020,0x00000000dd100000)
  from space 14336K, 0% used [0x00000000dd100000,0x00000000dd100000,0x00000000ddf00000)
  to   space 13824K, 0% used [0x00000000dfb00000,0x00000000dfb00000,0x00000000e0880000)
 ParOldGen       total 85504K, used 34440K [0x0000000080000000, 0x0000000085380000, 0x00000000d5580000)
  object space 85504K, 40% used [0x0000000080000000,0x00000000821a2050,0x0000000085380000)
 Metaspace       used 58280K, capacity 60462K, committed 60800K, reserved 1101824K
  class space    used 8068K, capacity 8489K, committed 8576K, reserved 1048576K
GC Heap History (10 events):
Event: 16.687 GC heap before
{Heap before GC invocations=16 (full 2):
 PSYoungGen      total 77312K, used 69632K [0x00000000d5580000, 0x00000000dc900000, 0x0000000100000000)
  eden space 69632K, 100% used [0x00000000d5580000,0x00000000d9980000,0x00000000d9980000)
  from space 7680K, 0% used [0x00000000d9980000,0x00000000d9980000,0x00000000da100000)
  to   space 8192K, 0% used [0x00000000dc100000,0x00000000dc100000,0x00000000dc900000)
 ParOldGen       total 49152K, used 14148K [0x0000000080000000, 0x0000000083000000, 0x00000000d5580000)
  object space 49152K, 28% used [0x0000000080000000,0x0000000080dd1308,0x0000000083000000)
 Metaspace       used 36669K, capacity 38094K, committed 38272K, reserved 1081344K
  class space    used 5135K, capacity 5422K, committed 5504K, reserved 1048576K
Event: 16.695 GC heap after
Heap after GC invocations=16 (full 2):
 PSYoungGen      total 100352K, used 5448K [0x00000000d5580000, 0x00000000dc680000, 0x0000000100000000)
  eden space 94720K, 0% used [0x00000000d5580000,0x00000000d5580000,0x00000000db200000)
  from space 5632K, 96% used [0x00000000dc100000,0x00000000dc652350,0x00000000dc680000)
  to   space 8192K, 0% used [0x00000000db680000,0x00000000db680000,0x00000000dbe80000)
 ParOldGen       total 49152K, used 14156K [0x0000000080000000, 0x0000000083000000, 0x00000000d5580000)
  object space 49152K, 28% used [0x0000000080000000,0x0000000080dd3308,0x0000000083000000)
 Metaspace       used 36669K, capacity 38094K, committed 38272K, reserved 1081344K
  class space    used 5135K, capacity 5422K, committed 5504K, reserved 1048576K
}
Event: 19.122 GC heap before
{Heap before GC invocations=17 (full 2):
 PSYoungGen      total 100352K, used 100168K [0x00000000d5580000, 0x00000000dc680000, 0x0000000100000000)
  eden space 94720K, 100% used [0x00000000d5580000,0x00000000db200000,0x00000000db200000)
  from space 5632K, 96% used [0x00000000dc100000,0x00000000dc652350,0x00000000dc680000)
  to   space 8192K, 0% used [0x00000000db680000,0x00000000db680000,0x00000000dbe80000)
 ParOldGen       total 49152K, used 14156K [0x0000000080000000, 0x0000000083000000, 0x00000000d5580000)
  object space 49152K, 28% used [0x0000000080000000,0x0000000080dd3308,0x0000000083000000)
 Metaspace       used 46072K, capacity 47892K, committed 48000K, reserved 1091584K
  class space    used 6355K, capacity 6740K, committed 6784K, reserved 1048576K
Event: 19.184 GC heap after
Heap after GC invocations=17 (full 2):
 PSYoungGen      total 107520K, used 8165K [0x00000000d5580000, 0x00000000deb00000, 0x0000000100000000)
  eden space 99328K, 0% used [0x00000000d5580000,0x00000000d5580000,0x00000000db680000)
  from space 8192K, 99% used [0x00000000db680000,0x00000000dbe797e8,0x00000000dbe80000)
  to   space 12288K, 0% used [0x00000000ddf00000,0x00000000ddf00000,0x00000000deb00000)
 ParOldGen       total 49152K, used 22483K [0x0000000080000000, 0x0000000083000000, 0x00000000d5580000)
  object space 49152K, 45% used [0x0000000080000000,0x00000000815f4c98,0x0000000083000000)
 Metaspace       used 46072K, capacity 47892K, committed 48000K, reserved 1091584K
  class space    used 6355K, capacity 6740K, committed 6784K, reserved 1048576K
}
Event: 21.210 GC heap before
{Heap before GC invocations=18 (full 2):
 PSYoungGen      total 107520K, used 107493K [0x00000000d5580000, 0x00000000deb00000, 0x0000000100000000)
  eden space 99328K, 100% used [0x00000000d5580000,0x00000000db680000,0x00000000db680000)
  from space 8192K, 99% used [0x00000000db680000,0x00000000dbe797e8,0x00000000dbe80000)
  to   space 12288K, 0% used [0x00000000ddf00000,0x00000000ddf00000,0x00000000deb00000)
 ParOldGen       total 49152K, used 22483K [0x0000000080000000, 0x0000000083000000, 0x00000000d5580000)
  object space 49152K, 45% used [0x0000000080000000,0x00000000815f4c98,0x0000000083000000)
 Metaspace       used 53686K, capacity 55680K, committed 55936K, reserved 1097728K
  class space    used 7291K, capacity 7682K, committed 7808K, reserved 1048576K
Event: 21.239 GC heap after
Heap after GC invocations=18 (full 2):
 PSYoungGen      total 138752K, used 11815K [0x00000000d5580000, 0x00000000df400000, 0x0000000100000000)
  eden space 126464K, 0% used [0x00000000d5580000,0x00000000d5580000,0x00000000dd100000)
  from space 12288K, 96% used [0x00000000ddf00000,0x00000000dea89e48,0x00000000deb00000)
  to   space 14336K, 0% used [0x00000000dd100000,0x00000000dd100000,0x00000000ddf00000)
 ParOldGen       total 49152K, used 27967K [0x0000000080000000, 0x0000000083000000, 0x00000000d5580000)
  object space 49152K, 56% used [0x0000000080000000,0x0000000081b4fcb0,0x0000000083000000)
 Metaspace       used 53686K, capacity 55680K, committed 55936K, reserved 1097728K
  class space    used 7291K, capacity 7682K, committed 7808K, reserved 1048576K
}
Event: 22.175 GC heap before
{Heap before GC invocations=19 (full 2):
 PSYoungGen      total 138752K, used 76518K [0x00000000d5580000, 0x00000000df400000, 0x0000000100000000)
  eden space 126464K, 51% used [0x00000000d5580000,0x00000000d94afcb0,0x00000000dd100000)
  from space 12288K, 96% used [0x00000000ddf00000,0x00000000dea89e48,0x00000000deb00000)
  to   space 14336K, 0% used [0x00000000dd100000,0x00000000dd100000,0x00000000ddf00000)
 ParOldGen       total 49152K, used 27967K [0x0000000080000000, 0x0000000083000000, 0x00000000d5580000)
  object space 49152K, 56% used [0x0000000080000000,0x0000000081b4fcb0,0x0000000083000000)
 Metaspace       used 56884K, capacity 59046K, committed 59160K, reserved 1099776K
  class space    used 7818K, capacity 8264K, committed 8320K, reserved 1048576K
Event: 22.196 GC heap after
Heap after GC invocations=19 (full 2):
 PSYoungGen      total 140800K, used 7338K [0x00000000d5580000, 0x00000000e0880000, 0x0000000100000000)
  eden space 126464K, 0% used [0x00000000d5580000,0x00000000d5580000,0x00000000dd100000)
  from space 14336K, 51% used [0x00000000dd100000,0x00000000dd82abb0,0x00000000ddf00000)
  to   space 13824K, 0% used [0x00000000dfb00000,0x00000000dfb00000,0x00000000e0880000)
 ParOldGen       total 49152K, used 33882K [0x0000000080000000, 0x0000000083000000, 0x00000000d5580000)
  object space 49152K, 68% used [0x0000000080000000,0x0000000082116a20,0x0000000083000000)
 Metaspace       used 56884K, capacity 59046K, committed 59160K, reserved 1099776K
  class space    used 7818K, capacity 8264K, committed 8320K, reserved 1048576K
}
Event: 22.196 GC heap before
{Heap before GC invocations=20 (full 3):
 PSYoungGen      total 140800K, used 7338K [0x00000000d5580000, 0x00000000e0880000, 0x0000000100000000)
  eden space 126464K, 0% used [0x00000000d5580000,0x00000000d5580000,0x00000000dd100000)
  from space 14336K, 51% used [0x00000000dd100000,0x00000000dd82abb0,0x00000000ddf00000)
  to   space 13824K, 0% used [0x00000000dfb00000,0x00000000dfb00000,0x00000000e0880000)
 ParOldGen       total 49152K, used 33882K [0x0000000080000000, 0x0000000083000000, 0x00000000d5580000)
  object space 49152K, 68% used [0x0000000080000000,0x0000000082116a20,0x0000000083000000)
 Metaspace       used 56884K, capacity 59046K, committed 59160K, reserved 1099776K
  class space    used 7818K, capacity 8264K, committed 8320K, reserved 1048576K
Event: 22.902 GC heap after
Heap after GC invocations=20 (full 3):
 PSYoungGen      total 140800K, used 0K [0x00000000d5580000, 0x00000000e0880000, 0x0000000100000000)
  eden space 126464K, 0% used [0x00000000d5580000,0x00000000d5580000,0x00000000dd100000)
  from space 14336K, 0% used [0x00000000dd100000,0x00000000dd100000,0x00000000ddf00000)
  to   space 13824K, 0% used [0x00000000dfb00000,0x00000000dfb00000,0x00000000e0880000)
 ParOldGen       total 85504K, used 34440K [0x0000000080000000, 0x0000000085380000, 0x00000000d5580000)
  object space 85504K, 40% used [0x0000000080000000,0x00000000821a2050,0x0000000085380000)
 Metaspace       used 56878K, capacity 59028K, committed 59160K, reserved 1099776K
  class space    used 7816K, capacity 8261K, committed 8320K, reserved 1048576K
}

