# JRE version: OpenJDK Runtime Environment (8.0_302-b08) (build 1.8.0_302-b08)
# Java VM: OpenJDK 64-Bit Server VM (25.302-b08 mixed mode windows-amd64 compressed oops)
Heap:
 PSYoungGen      total 157696K, used 47903K [0x00000000ebb80000, 0x00000000f9400000, 0x0000000100000000)
  eden space 128000K, 37% used [0x00000000ebb80000,0x00000000eea47f20,0x00000000f3880000)
  from space 29696K, 0% used [0x00000000f3880000,0x00000000f3880000,0x00000000f5580000)
  to   space 29184K, 0% used [0x00000000f7780000,0x00000000f7780000,0x00000000f9400000)
 ParOldGen       total 109056K, used 50634K [0x00000000c3200000, 0x00000000c9c80000, 0x00000000ebb80000)
  object space 109056K, 46% used [0x00000000c3200000,0x00000000c6372920,0x00000000c9c80000)
 Metaspace       used 60596K, capacity 61582K, committed 62080K, reserved 1103872K
  class space    used 7259K, capacity 7529K, committed 7552K, reserved 1048576K
GC Heap History (10 events):
Event: 4.509 GC heap before
{Heap before GC invocations=10 (full 2):
 PSYoungGen      total 120832K, used 16353K [0x00000000ebb80000, 0x00000000f4a80000, 0x0000000100000000)
  eden space 104448K, 0% used [0x00000000ebb80000,0x00000000ebb80000,0x00000000f2180000)
  from space 16384K, 99% used [0x00000000f3500000,0x00000000f44f8658,0x00000000f4500000)
  to   space 19968K, 0% used [0x00000000f2180000,0x00000000f2180000,0x00000000f3500000)
 ParOldGen       total 43520K, used 13655K [0x00000000c3200000, 0x00000000c5c80000, 0x00000000ebb80000)
  object space 43520K, 31% used [0x00000000c3200000,0x00000000c3f55d60,0x00000000c5c80000)
 Metaspace       used 34631K, capacity 35206K, committed 35496K, reserved 1081344K
  class space    used 4426K, capacity 4599K, committed 4608K, reserved 1048576K
Event: 4.631 GC heap after
Heap after GC invocations=10 (full 2):
 PSYoungGen      total 120832K, used 0K [0x00000000ebb80000, 0x00000000f4a80000, 0x0000000100000000)
  eden space 104448K, 0% used [0x00000000ebb80000,0x00000000ebb80000,0x00000000f2180000)
  from space 16384K, 0% used [0x00000000f3500000,0x00000000f3500000,0x00000000f4500000)
  to   space 19968K, 0% used [0x00000000f2180000,0x00000000f2180000,0x00000000f3500000)
 ParOldGen       total 70144K, used 29254K [0x00000000c3200000, 0x00000000c7680000, 0x00000000ebb80000)
  object space 70144K, 41% used [0x00000000c3200000,0x00000000c4e91aa0,0x00000000c7680000)
 Metaspace       used 34631K, capacity 35206K, committed 35496K, reserved 1081344K
  class space    used 4426K, capacity 4599K, committed 4608K, reserved 1048576K
}
Event: 6.272 GC heap before
{Heap before GC invocations=11 (full 2):
 PSYoungGen      total 120832K, used 104448K [0x00000000ebb80000, 0x00000000f4a80000, 0x0000000100000000)
  eden space 104448K, 100% used [0x00000000ebb80000,0x00000000f2180000,0x00000000f2180000)
  from space 16384K, 0% used [0x00000000f3500000,0x00000000f3500000,0x00000000f4500000)
  to   space 19968K, 0% used [0x00000000f2180000,0x00000000f2180000,0x00000000f3500000)
 ParOldGen       total 70144K, used 29254K [0x00000000c3200000, 0x00000000c7680000, 0x00000000ebb80000)
  object space 70144K, 41% used [0x00000000c3200000,0x00000000c4e91aa0,0x00000000c7680000)
 Metaspace       used 44596K, capacity 45342K, committed 45696K, reserved 1089536K
  class space    used 5546K, capacity 5725K, committed 5760K, reserved 1048576K
Event: 6.304 GC heap after
Heap after GC invocations=11 (full 2):
 PSYoungGen      total 124416K, used 19960K [0x00000000ebb80000, 0x00000000f6c80000, 0x0000000100000000)
  eden space 104448K, 0% used [0x00000000ebb80000,0x00000000ebb80000,0x00000000f2180000)
  from space 19968K, 99% used [0x00000000f2180000,0x00000000f34fe188,0x00000000f3500000)
  to   space 23552K, 0% used [0x00000000f5580000,0x00000000f5580000,0x00000000f6c80000)
 ParOldGen       total 70144K, used 29909K [0x00000000c3200000, 0x00000000c7680000, 0x00000000ebb80000)
  object space 70144K, 42% used [0x00000000c3200000,0x00000000c4f35460,0x00000000c7680000)
 Metaspace       used 44596K, capacity 45342K, committed 45696K, reserved 1089536K
  class space    used 5546K, capacity 5725K, committed 5760K, reserved 1048576K
}
Event: 9.805 GC heap before
{Heap before GC invocations=12 (full 2):
 PSYoungGen      total 124416K, used 124408K [0x00000000ebb80000, 0x00000000f6c80000, 0x0000000100000000)
  eden space 104448K, 100% used [0x00000000ebb80000,0x00000000f2180000,0x00000000f2180000)
  from space 19968K, 99% used [0x00000000f2180000,0x00000000f34fe188,0x00000000f3500000)
  to   space 23552K, 0% used [0x00000000f5580000,0x00000000f5580000,0x00000000f6c80000)
 ParOldGen       total 70144K, used 29909K [0x00000000c3200000, 0x00000000c7680000, 0x00000000ebb80000)
  object space 70144K, 42% used [0x00000000c3200000,0x00000000c4f35460,0x00000000c7680000)
 Metaspace       used 52545K, capacity 53540K, committed 53888K, reserved 1095680K
  class space    used 6424K, capacity 6702K, committed 6784K, reserved 1048576K
Event: 9.859 GC heap after
Heap after GC invocations=12 (full 2):
 PSYoungGen      total 151552K, used 23524K [0x00000000ebb80000, 0x00000000f7680000, 0x0000000100000000)
  eden space 128000K, 0% used [0x00000000ebb80000,0x00000000ebb80000,0x00000000f3880000)
  from space 23552K, 99% used [0x00000000f5580000,0x00000000f6c79170,0x00000000f6c80000)
  to   space 29696K, 0% used [0x00000000f3880000,0x00000000f3880000,0x00000000f5580000)
 ParOldGen       total 70144K, used 37134K [0x00000000c3200000, 0x00000000c7680000, 0x00000000ebb80000)
  object space 70144K, 52% used [0x00000000c3200000,0x00000000c5643970,0x00000000c7680000)
 Metaspace       used 52545K, capacity 53540K, committed 53888K, reserved 1095680K
  class space    used 6424K, capacity 6702K, committed 6784K, reserved 1048576K
}
Event: 10.634 GC heap before
{Heap before GC invocations=13 (full 2):
 PSYoungGen      total 151552K, used 54624K [0x00000000ebb80000, 0x00000000f7680000, 0x0000000100000000)
  eden space 128000K, 24% used [0x00000000ebb80000,0x00000000ed9df0b0,0x00000000f3880000)
  from space 23552K, 99% used [0x00000000f5580000,0x00000000f6c79170,0x00000000f6c80000)
  to   space 29696K, 0% used [0x00000000f3880000,0x00000000f3880000,0x00000000f5580000)
 ParOldGen       total 70144K, used 37134K [0x00000000c3200000, 0x00000000c7680000, 0x00000000ebb80000)
  object space 70144K, 52% used [0x00000000c3200000,0x00000000c5643970,0x00000000c7680000)
 Metaspace       used 57856K, capacity 58798K, committed 59160K, reserved 1101824K
  class space    used 6992K, capacity 7241K, committed 7296K, reserved 1048576K
Event: 10.666 GC heap after
Heap after GC invocations=13 (full 2):
 PSYoungGen      total 157696K, used 6678K [0x00000000ebb80000, 0x00000000f9400000, 0x0000000100000000)
  eden space 128000K, 0% used [0x00000000ebb80000,0x00000000ebb80000,0x00000000f3880000)
  from space 29696K, 22% used [0x00000000f3880000,0x00000000f3f05928,0x00000000f5580000)
  to   space 29184K, 0% used [0x00000000f7780000,0x00000000f7780000,0x00000000f9400000)
 ParOldGen       total 70144K, used 59527K [0x00000000c3200000, 0x00000000c7680000, 0x00000000ebb80000)
  object space 70144K, 84% used [0x00000000c3200000,0x00000000c6c21e58,0x00000000c7680000)
 Metaspace       used 57856K, capacity 58798K, committed 59160K, reserved 1101824K
  class space    used 6992K, capacity 7241K, committed 7296K, reserved 1048576K
}
Event: 10.666 GC heap before
{Heap before GC invocations=14 (full 3):
 PSYoungGen      total 157696K, used 6678K [0x00000000ebb80000, 0x00000000f9400000, 0x0000000100000000)
  eden space 128000K, 0% used [0x00000000ebb80000,0x00000000ebb80000,0x00000000f3880000)
  from space 29696K, 22% used [0x00000000f3880000,0x00000000f3f05928,0x00000000f5580000)
  to   space 29184K, 0% used [0x00000000f7780000,0x00000000f7780000,0x00000000f9400000)
 ParOldGen       total 70144K, used 59527K [0x00000000c3200000, 0x00000000c7680000, 0x00000000ebb80000)
  object space 70144K, 84% used [0x00000000c3200000,0x00000000c6c21e58,0x00000000c7680000)
 Metaspace       used 57856K, capacity 58798K, committed 59160K, reserved 1101824K
  class space    used 6992K, capacity 7241K, committed 7296K, reserved 1048576K
Event: 10.939 GC heap after
Heap after GC invocations=14 (full 3):
 PSYoungGen      total 157696K, used 0K [0x00000000ebb80000, 0x00000000f9400000, 0x0000000100000000)
  eden space 128000K, 0% used [0x00000000ebb80000,0x00000000ebb80000,0x00000000f3880000)
  from space 29696K, 0% used [0x00000000f3880000,0x00000000f3880000,0x00000000f5580000)
  to   space 29184K, 0% used [0x00000000f7780000,0x00000000f7780000,0x00000000f9400000)
 ParOldGen       total 109056K, used 50634K [0x00000000c3200000, 0x00000000c9c80000, 0x00000000ebb80000)
  object space 109056K, 46% used [0x00000000c3200000,0x00000000c6372920,0x00000000c9c80000)
 Metaspace       used 57856K, capacity 58798K, committed 59160K, reserved 1101824K
  class space    used 6992K, capacity 7241K, committed 7296K, reserved 1048576K
}

