# JRE version: OpenJDK Runtime Environment (8.0_302-b08) (build 1.8.0_302-b08)
# Java VM: OpenJDK 64-Bit Server VM (25.302-b08 mixed mode windows-amd64 compressed oops)
Heap:
 PSYoungGen      total 95232K, used 2854K [0x00000000d5580000, 0x00000000dbd80000, 0x0000000100000000)
  eden space 84480K, 0% used [0x00000000d5580000,0x00000000d5580000,0x00000000da800000)
  from space 10752K, 26% used [0x00000000da800000,0x00000000daac9800,0x00000000db280000)
  to   space 9216K, 0% used [0x00000000db280000,0x00000000db280000,0x00000000dbb80000)
 ParOldGen       total 33280K, used 15075K [0x0000000080000000, 0x0000000082080000, 0x00000000d5580000)
  object space 33280K, 45% used [0x0000000080000000,0x0000000080eb8e38,0x0000000082080000)
 Metaspace       used 34228K, capacity 35366K, committed 35496K, reserved 1079296K
  class space    used 4748K, capacity 5050K, committed 5120K, reserved 1048576K
GC Heap History (10 events):
Event: 3.816 GC heap after
Heap after GC invocations=8 (full 0):
 PSYoungGen      total 67584K, used 4185K [0x00000000d5580000, 0x00000000da180000, 0x0000000100000000)
  eden space 61952K, 0% used [0x00000000d5580000,0x00000000d5580000,0x00000000d9200000)
  from space 5632K, 74% used [0x00000000d9900000,0x00000000d9d164f8,0x00000000d9e80000)
  to   space 7168K, 0% used [0x00000000d9200000,0x00000000d9200000,0x00000000d9900000)
 ParOldGen       total 42496K, used 8411K [0x0000000080000000, 0x0000000082980000, 0x00000000d5580000)
  object space 42496K, 19% used [0x0000000080000000,0x0000000080836e40,0x0000000082980000)
 Metaspace       used 20423K, capacity 21160K, committed 21296K, reserved 1067008K
  class space    used 2918K, capacity 3124K, committed 3200K, reserved 1048576K
}
Event: 3.816 GC heap before
{Heap before GC invocations=9 (full 1):
 PSYoungGen      total 67584K, used 4185K [0x00000000d5580000, 0x00000000da180000, 0x0000000100000000)
  eden space 61952K, 0% used [0x00000000d5580000,0x00000000d5580000,0x00000000d9200000)
  from space 5632K, 74% used [0x00000000d9900000,0x00000000d9d164f8,0x00000000d9e80000)
  to   space 7168K, 0% used [0x00000000d9200000,0x00000000d9200000,0x00000000d9900000)
 ParOldGen       total 42496K, used 8411K [0x0000000080000000, 0x0000000082980000, 0x00000000d5580000)
  object space 42496K, 19% used [0x0000000080000000,0x0000000080836e40,0x0000000082980000)
 Metaspace       used 20423K, capacity 21160K, committed 21296K, reserved 1067008K
  class space    used 2918K, capacity 3124K, committed 3200K, reserved 1048576K
Event: 3.862 GC heap after
Heap after GC invocations=9 (full 1):
 PSYoungGen      total 67584K, used 0K [0x00000000d5580000, 0x00000000da180000, 0x0000000100000000)
  eden space 61952K, 0% used [0x00000000d5580000,0x00000000d5580000,0x00000000d9200000)
  from space 5632K, 0% used [0x00000000d9900000,0x00000000d9900000,0x00000000d9e80000)
  to   space 7168K, 0% used [0x00000000d9200000,0x00000000d9200000,0x00000000d9900000)
 ParOldGen       total 33280K, used 8939K [0x0000000080000000, 0x0000000082080000, 0x00000000d5580000)
  object space 33280K, 26% used [0x0000000080000000,0x00000000808badb8,0x0000000082080000)
 Metaspace       used 20423K, capacity 21160K, committed 21296K, reserved 1067008K
  class space    used 2918K, capacity 3124K, committed 3200K, reserved 1048576K
}
Event: 5.142 GC heap before
{Heap before GC invocations=10 (full 1):
 PSYoungGen      total 67584K, used 61952K [0x00000000d5580000, 0x00000000da180000, 0x0000000100000000)
  eden space 61952K, 100% used [0x00000000d5580000,0x00000000d9200000,0x00000000d9200000)
  from space 5632K, 0% used [0x00000000d9900000,0x00000000d9900000,0x00000000d9e80000)
  to   space 7168K, 0% used [0x00000000d9200000,0x00000000d9200000,0x00000000d9900000)
 ParOldGen       total 33280K, used 8939K [0x0000000080000000, 0x0000000082080000, 0x00000000d5580000)
  object space 33280K, 26% used [0x0000000080000000,0x00000000808badb8,0x0000000082080000)
 Metaspace       used 24277K, capacity 25268K, committed 25344K, reserved 1071104K
  class space    used 3551K, capacity 3830K, committed 3840K, reserved 1048576K
Event: 5.146 GC heap after
Heap after GC invocations=10 (full 1):
 PSYoungGen      total 69120K, used 5437K [0x00000000d5580000, 0x00000000dbb80000, 0x0000000100000000)
  eden space 61952K, 0% used [0x00000000d5580000,0x00000000d5580000,0x00000000d9200000)
  from space 7168K, 75% used [0x00000000d9200000,0x00000000d974f768,0x00000000d9900000)
  to   space 9216K, 0% used [0x00000000db280000,0x00000000db280000,0x00000000dbb80000)
 ParOldGen       total 33280K, used 8947K [0x0000000080000000, 0x0000000082080000, 0x00000000d5580000)
  object space 33280K, 26% used [0x0000000080000000,0x00000000808bcdb8,0x0000000082080000)
 Metaspace       used 24277K, capacity 25268K, committed 25344K, reserved 1071104K
  class space    used 3551K, capacity 3830K, committed 3840K, reserved 1048576K
}
Event: 6.223 GC heap before
{Heap before GC invocations=11 (full 1):
 PSYoungGen      total 69120K, used 67389K [0x00000000d5580000, 0x00000000dbb80000, 0x0000000100000000)
  eden space 61952K, 100% used [0x00000000d5580000,0x00000000d9200000,0x00000000d9200000)
  from space 7168K, 75% used [0x00000000d9200000,0x00000000d974f768,0x00000000d9900000)
  to   space 9216K, 0% used [0x00000000db280000,0x00000000db280000,0x00000000dbb80000)
 ParOldGen       total 33280K, used 8947K [0x0000000080000000, 0x0000000082080000, 0x00000000d5580000)
  object space 33280K, 26% used [0x0000000080000000,0x00000000808bcdb8,0x0000000082080000)
 Metaspace       used 32519K, capacity 33554K, committed 33792K, reserved 1079296K
  class space    used 4495K, capacity 4756K, committed 4864K, reserved 1048576K
Event: 6.237 GC heap after
Heap after GC invocations=11 (full 1):
 PSYoungGen      total 93696K, used 9201K [0x00000000d5580000, 0x00000000dbd80000, 0x0000000100000000)
  eden space 84480K, 0% used [0x00000000d5580000,0x00000000d5580000,0x00000000da800000)
  from space 9216K, 99% used [0x00000000db280000,0x00000000dbb7c558,0x00000000dbb80000)
  to   space 10752K, 0% used [0x00000000da800000,0x00000000da800000,0x00000000db280000)
 ParOldGen       total 33280K, used 9586K [0x0000000080000000, 0x0000000082080000, 0x00000000d5580000)
  object space 33280K, 28% used [0x0000000080000000,0x000000008095c998,0x0000000082080000)
 Metaspace       used 32519K, capacity 33554K, committed 33792K, reserved 1079296K
  class space    used 4495K, capacity 4756K, committed 4864K, reserved 1048576K
}
Event: 6.652 GC heap before
{Heap before GC invocations=12 (full 1):
 PSYoungGen      total 93696K, used 34572K [0x00000000d5580000, 0x00000000dbd80000, 0x0000000100000000)
  eden space 84480K, 30% used [0x00000000d5580000,0x00000000d6e46b20,0x00000000da800000)
  from space 9216K, 99% used [0x00000000db280000,0x00000000dbb7c558,0x00000000dbb80000)
  to   space 10752K, 0% used [0x00000000da800000,0x00000000da800000,0x00000000db280000)
 ParOldGen       total 33280K, used 9586K [0x0000000080000000, 0x0000000082080000, 0x00000000d5580000)
  object space 33280K, 28% used [0x0000000080000000,0x000000008095c998,0x0000000082080000)
 Metaspace       used 34228K, capacity 35366K, committed 35496K, reserved 1079296K
  class space    used 4748K, capacity 5050K, committed 5120K, reserved 1048576K
Event: 6.667 GC heap after
Heap after GC invocations=12 (full 1):
 PSYoungGen      total 95232K, used 2854K [0x00000000d5580000, 0x00000000dbd80000, 0x0000000100000000)
  eden space 84480K, 0% used [0x00000000d5580000,0x00000000d5580000,0x00000000da800000)
  from space 10752K, 26% used [0x00000000da800000,0x00000000daac9800,0x00000000db280000)
  to   space 9216K, 0% used [0x00000000db280000,0x00000000db280000,0x00000000dbb80000)
 ParOldGen       total 33280K, used 15075K [0x0000000080000000, 0x0000000082080000, 0x00000000d5580000)
  object space 33280K, 45% used [0x0000000080000000,0x0000000080eb8e38,0x0000000082080000)
 Metaspace       used 34228K, capacity 35366K, committed 35496K, reserved 1079296K
  class space    used 4748K, capacity 5050K, committed 5120K, reserved 1048576K
}
Event: 6.667 GC heap before
{Heap before GC invocations=13 (full 2):
 PSYoungGen      total 95232K, used 2854K [0x00000000d5580000, 0x00000000dbd80000, 0x0000000100000000)
  eden space 84480K, 0% used [0x00000000d5580000,0x00000000d5580000,0x00000000da800000)
  from space 10752K, 26% used [0x00000000da800000,0x00000000daac9800,0x00000000db280000)
  to   space 9216K, 0% used [0x00000000db280000,0x00000000db280000,0x00000000dbb80000)
 ParOldGen       total 33280K, used 15075K [0x0000000080000000, 0x0000000082080000, 0x00000000d5580000)
  object space 33280K, 45% used [0x0000000080000000,0x0000000080eb8e38,0x0000000082080000)
 Metaspace       used 34228K, capacity 35366K, committed 35496K, reserved 1079296K
  class space    used 4748K, capacity 5050K, committed 5120K, reserved 1048576K

