# JRE version: OpenJDK Runtime Environment (8.0_302-b08) (build 1.8.0_302-b08)
# Java VM: OpenJDK 64-Bit Server VM (25.302-b08 mixed mode windows-amd64 compressed oops)
Heap:
 PSYoungGen      total 364544K, used 148904K [0x00000000d5580000, 0x00000000f0480000, 0x0000000100000000)
  eden space 317440K, 32% used [0x00000000d5580000,0x00000000db8ecc48,0x00000000e8b80000)
  from space 47104K, 99% used [0x00000000ec480000,0x00000000ef27d568,0x00000000ef280000)
  to   space 58368K, 0% used [0x00000000e8b80000,0x00000000e8b80000,0x00000000ec480000)
 ParOldGen       total 383488K, used 266646K [0x0000000080000000, 0x0000000097680000, 0x00000000d5580000)
  object space 383488K, 69% used [0x0000000080000000,0x00000000904659e8,0x0000000097680000)
 Metaspace       used 108062K, capacity 113324K, committed 113536K, reserved 1146880K
  class space    used 14740K, capacity 15709K, committed 15744K, reserved 1048576K
GC Heap History (10 events):
Event: 31.835 GC heap before
{Heap before GC invocations=21 (full 4):
 PSYoungGen      total 329728K, used 325886K [0x00000000d5580000, 0x00000000f0780000, 0x0000000100000000)
  eden space 304640K, 100% used [0x00000000d5580000,0x00000000e7f00000,0x00000000e7f00000)
  from space 25088K, 84% used [0x00000000eab00000,0x00000000ebfbfb08,0x00000000ec380000)
  to   space 45056K, 0% used [0x00000000e7f00000,0x00000000e7f00000,0x00000000eab00000)
 ParOldGen       total 177152K, used 91331K [0x0000000080000000, 0x000000008ad00000, 0x00000000d5580000)
  object space 177152K, 51% used [0x0000000080000000,0x0000000085930f20,0x000000008ad00000)
 Metaspace       used 77264K, capacity 80704K, committed 81024K, reserved 1118208K
  class space    used 10864K, capacity 11528K, committed 11648K, reserved 1048576K
Event: 32.217 GC heap after
Heap after GC invocations=21 (full 4):
 PSYoungGen      total 329728K, used 325886K [0x00000000d5580000, 0x00000000f0780000, 0x0000000100000000)
  eden space 304640K, 100% used [0x00000000d5580000,0x00000000e7f00000,0x00000000e7f00000)
  from space 25088K, 84% used [0x00000000eab00000,0x00000000ebfbfb08,0x00000000ec380000)
  to   space 45056K, 99% used [0x00000000e7f00000,0x00000000eaafb4e8,0x00000000eab00000)
 ParOldGen       total 203776K, used 203586K [0x0000000080000000, 0x000000008c700000, 0x00000000d5580000)
  object space 203776K, 99% used [0x0000000080000000,0x000000008c6d09a0,0x000000008c700000)
 Metaspace       used 77264K, capacity 80704K, committed 81024K, reserved 1118208K
  class space    used 10864K, capacity 11528K, committed 11648K, reserved 1048576K
}
Event: 32.217 GC heap before
{Heap before GC invocations=22 (full 5):
 PSYoungGen      total 329728K, used 325886K [0x00000000d5580000, 0x00000000f0780000, 0x0000000100000000)
  eden space 304640K, 100% used [0x00000000d5580000,0x00000000e7f00000,0x00000000e7f00000)
  from space 25088K, 84% used [0x00000000eab00000,0x00000000ebfbfb08,0x00000000ec380000)
  to   space 45056K, 99% used [0x00000000e7f00000,0x00000000eaafb4e8,0x00000000eab00000)
 ParOldGen       total 203776K, used 203586K [0x0000000080000000, 0x000000008c700000, 0x00000000d5580000)
  object space 203776K, 99% used [0x0000000080000000,0x000000008c6d09a0,0x000000008c700000)
 Metaspace       used 77264K, capacity 80704K, committed 81024K, reserved 1118208K
  class space    used 10864K, capacity 11528K, committed 11648K, reserved 1048576K
Event: 33.611 GC heap after
Heap after GC invocations=22 (full 5):
 PSYoungGen      total 329728K, used 0K [0x00000000d5580000, 0x00000000f0780000, 0x0000000100000000)
  eden space 304640K, 0% used [0x00000000d5580000,0x00000000d5580000,0x00000000e7f00000)
  from space 25088K, 0% used [0x00000000eab00000,0x00000000eab00000,0x00000000ec380000)
  to   space 45056K, 11% used [0x00000000e7f00000,0x00000000e843d108,0x00000000eab00000)
 ParOldGen       total 306176K, used 203540K [0x0000000080000000, 0x0000000092b00000, 0x00000000d5580000)
  object space 306176K, 66% used [0x0000000080000000,0x000000008c6c5200,0x0000000092b00000)
 Metaspace       used 77259K, capacity 80686K, committed 81024K, reserved 1118208K
  class space    used 10863K, capacity 11525K, committed 11648K, reserved 1048576K
}
Event: 37.047 GC heap before
{Heap before GC invocations=23 (full 6):
 PSYoungGen      total 329728K, used 304640K [0x00000000d5580000, 0x00000000f0780000, 0x0000000100000000)
  eden space 304640K, 100% used [0x00000000d5580000,0x00000000e7f00000,0x00000000e7f00000)
  from space 25088K, 0% used [0x00000000eab00000,0x00000000eab00000,0x00000000ec380000)
  to   space 45056K, 11% used [0x00000000e7f00000,0x00000000e843d108,0x00000000eab00000)
 ParOldGen       total 306176K, used 203540K [0x0000000080000000, 0x0000000092b00000, 0x00000000d5580000)
  object space 306176K, 66% used [0x0000000080000000,0x000000008c6c5200,0x0000000092b00000)
 Metaspace       used 78371K, capacity 82172K, committed 82432K, reserved 1120256K
  class space    used 10986K, capacity 11680K, committed 11776K, reserved 1048576K
Event: 38.127 GC heap after
Heap after GC invocations=23 (full 6):
 PSYoungGen      total 329728K, used 0K [0x00000000d5580000, 0x00000000f0780000, 0x0000000100000000)
  eden space 304640K, 0% used [0x00000000d5580000,0x00000000d5580000,0x00000000e7f00000)
  from space 25088K, 0% used [0x00000000eab00000,0x00000000eab00000,0x00000000ec380000)
  to   space 45056K, 0% used [0x00000000e7f00000,0x00000000e7f00000,0x00000000eab00000)
 ParOldGen       total 383488K, used 257691K [0x0000000080000000, 0x0000000097680000, 0x00000000d5580000)
  object space 383488K, 67% used [0x0000000080000000,0x000000008fba6d80,0x0000000097680000)
 Metaspace       used 78367K, capacity 82160K, committed 82432K, reserved 1120256K
  class space    used 10985K, capacity 11678K, committed 11776K, reserved 1048576K
}
Event: 59.040 GC heap before
{Heap before GC invocations=24 (full 6):
 PSYoungGen      total 329728K, used 304640K [0x00000000d5580000, 0x00000000f0780000, 0x0000000100000000)
  eden space 304640K, 100% used [0x00000000d5580000,0x00000000e7f00000,0x00000000e7f00000)
  from space 25088K, 0% used [0x00000000eab00000,0x00000000eab00000,0x00000000ec380000)
  to   space 45056K, 0% used [0x00000000e7f00000,0x00000000e7f00000,0x00000000eab00000)
 ParOldGen       total 383488K, used 257691K [0x0000000080000000, 0x0000000097680000, 0x00000000d5580000)
  object space 383488K, 67% used [0x0000000080000000,0x000000008fba6d80,0x0000000097680000)
 Metaspace       used 82211K, capacity 86044K, committed 86272K, reserved 1124352K
  class space    used 11293K, capacity 11978K, committed 12032K, reserved 1048576K
Event: 59.153 GC heap after
Heap after GC invocations=24 (full 6):
 PSYoungGen      total 349696K, used 28941K [0x00000000d5580000, 0x00000000ef280000, 0x0000000100000000)
  eden space 304640K, 0% used [0x00000000d5580000,0x00000000d5580000,0x00000000e7f00000)
  from space 45056K, 64% used [0x00000000e7f00000,0x00000000e9b43640,0x00000000eab00000)
  to   space 47104K, 0% used [0x00000000ec480000,0x00000000ec480000,0x00000000ef280000)
 ParOldGen       total 383488K, used 257699K [0x0000000080000000, 0x0000000097680000, 0x00000000d5580000)
  object space 383488K, 67% used [0x0000000080000000,0x000000008fba8d80,0x0000000097680000)
 Metaspace       used 82211K, capacity 86044K, committed 86272K, reserved 1124352K
  class space    used 11293K, capacity 11978K, committed 12032K, reserved 1048576K
}
Event: 127.959 GC heap before
{Heap before GC invocations=25 (full 6):
 PSYoungGen      total 349696K, used 333581K [0x00000000d5580000, 0x00000000ef280000, 0x0000000100000000)
  eden space 304640K, 100% used [0x00000000d5580000,0x00000000e7f00000,0x00000000e7f00000)
  from space 45056K, 64% used [0x00000000e7f00000,0x00000000e9b43640,0x00000000eab00000)
  to   space 47104K, 0% used [0x00000000ec480000,0x00000000ec480000,0x00000000ef280000)
 ParOldGen       total 383488K, used 257699K [0x0000000080000000, 0x0000000097680000, 0x00000000d5580000)
  object space 383488K, 67% used [0x0000000080000000,0x000000008fba8d80,0x0000000097680000)
 Metaspace       used 101650K, capacity 106546K, committed 106880K, reserved 1140736K
  class space    used 13732K, capacity 14599K, committed 14720K, reserved 1048576K
Event: 128.460 GC heap after
Heap after GC invocations=25 (full 6):
 PSYoungGen      total 364544K, used 47093K [0x00000000d5580000, 0x00000000f0480000, 0x0000000100000000)
  eden space 317440K, 0% used [0x00000000d5580000,0x00000000d5580000,0x00000000e8b80000)
  from space 47104K, 99% used [0x00000000ec480000,0x00000000ef27d568,0x00000000ef280000)
  to   space 58368K, 0% used [0x00000000e8b80000,0x00000000e8b80000,0x00000000ec480000)
 ParOldGen       total 383488K, used 266646K [0x0000000080000000, 0x0000000097680000, 0x00000000d5580000)
  object space 383488K, 69% used [0x0000000080000000,0x00000000904659e8,0x0000000097680000)
 Metaspace       used 101650K, capacity 106546K, committed 106880K, reserved 1140736K
  class space    used 13732K, capacity 14599K, committed 14720K, reserved 1048576K
}

