# JRE version: OpenJDK Runtime Environment (8.0_302-b08) (build 1.8.0_302-b08)
# Java VM: OpenJDK 64-Bit Server VM (25.302-b08 mixed mode windows-amd64 compressed oops)
Heap:
 PSYoungGen      total 162304K, used 108709K [0x00000000d5580000, 0x00000000e3600000, 0x0000000100000000)
  eden space 146944K, 73% used [0x00000000d5580000,0x00000000dbfa95f0,0x00000000de500000)
  from space 15360K, 0% used [0x00000000de500000,0x00000000de500000,0x00000000df400000)
  to   space 17408K, 0% used [0x00000000e2500000,0x00000000e2500000,0x00000000e3600000)
 ParOldGen       total 50176K, used 37804K [0x0000000080000000, 0x0000000083100000, 0x00000000d5580000)
  object space 50176K, 75% used [0x0000000080000000,0x00000000824eb110,0x0000000083100000)
 Metaspace       used 63057K, capacity 65636K, committed 66048K, reserved 1105920K
  class space    used 8858K, capacity 9354K, committed 9472K, reserved 1048576K
GC Heap History (10 events):
Event: 8.308 GC heap before
{Heap before GC invocations=14 (full 2):
 PSYoungGen      total 125440K, used 1025K [0x00000000d5580000, 0x00000000def80000, 0x0000000100000000)
  eden space 115712K, 0% used [0x00000000d5580000,0x00000000d5580000,0x00000000dc680000)
  from space 9728K, 10% used [0x00000000dd000000,0x00000000dd100560,0x00000000dd980000)
  to   space 9728K, 0% used [0x00000000dc680000,0x00000000dc680000,0x00000000dd000000)
 ParOldGen       total 33792K, used 16893K [0x0000000080000000, 0x0000000082100000, 0x00000000d5580000)
  object space 33792K, 49% used [0x0000000080000000,0x000000008107f4a0,0x0000000082100000)
 Metaspace       used 34315K, capacity 35444K, committed 35496K, reserved 1079296K
  class space    used 4832K, capacity 5097K, committed 5120K, reserved 1048576K
Event: 8.389 GC heap after
Heap after GC invocations=14 (full 2):
 PSYoungGen      total 125440K, used 0K [0x00000000d5580000, 0x00000000def80000, 0x0000000100000000)
  eden space 115712K, 0% used [0x00000000d5580000,0x00000000d5580000,0x00000000dc680000)
  from space 9728K, 0% used [0x00000000dd000000,0x00000000dd000000,0x00000000dd980000)
  to   space 9728K, 0% used [0x00000000dc680000,0x00000000dc680000,0x00000000dd000000)
 ParOldGen       total 50176K, used 14421K [0x0000000080000000, 0x0000000083100000, 0x00000000d5580000)
  object space 50176K, 28% used [0x0000000080000000,0x0000000080e156a8,0x0000000083100000)
 Metaspace       used 34315K, capacity 35444K, committed 35496K, reserved 1079296K
  class space    used 4832K, capacity 5097K, committed 5120K, reserved 1048576K
}
Event: 9.736 GC heap before
{Heap before GC invocations=15 (full 2):
 PSYoungGen      total 125440K, used 115712K [0x00000000d5580000, 0x00000000def80000, 0x0000000100000000)
  eden space 115712K, 100% used [0x00000000d5580000,0x00000000dc680000,0x00000000dc680000)
  from space 9728K, 0% used [0x00000000dd000000,0x00000000dd000000,0x00000000dd980000)
  to   space 9728K, 0% used [0x00000000dc680000,0x00000000dc680000,0x00000000dd000000)
 ParOldGen       total 50176K, used 14421K [0x0000000080000000, 0x0000000083100000, 0x00000000d5580000)
  object space 50176K, 28% used [0x0000000080000000,0x0000000080e156a8,0x0000000083100000)
 Metaspace       used 37071K, capacity 38634K, committed 38784K, reserved 1083392K
  class space    used 5198K, capacity 5504K, committed 5504K, reserved 1048576K
Event: 9.748 GC heap after
Heap after GC invocations=15 (full 2):
 PSYoungGen      total 125440K, used 7134K [0x00000000d5580000, 0x00000000dfe00000, 0x0000000100000000)
  eden space 115712K, 0% used [0x00000000d5580000,0x00000000d5580000,0x00000000dc680000)
  from space 9728K, 73% used [0x00000000dc680000,0x00000000dcd779f8,0x00000000dd000000)
  to   space 10240K, 0% used [0x00000000df400000,0x00000000df400000,0x00000000dfe00000)
 ParOldGen       total 50176K, used 14429K [0x0000000080000000, 0x0000000083100000, 0x00000000d5580000)
  object space 50176K, 28% used [0x0000000080000000,0x0000000080e176a8,0x0000000083100000)
 Metaspace       used 37071K, capacity 38634K, committed 38784K, reserved 1083392K
  class space    used 5198K, capacity 5504K, committed 5504K, reserved 1048576K
}
Event: 12.113 GC heap before
{Heap before GC invocations=16 (full 2):
 PSYoungGen      total 125440K, used 122846K [0x00000000d5580000, 0x00000000dfe00000, 0x0000000100000000)
  eden space 115712K, 100% used [0x00000000d5580000,0x00000000dc680000,0x00000000dc680000)
  from space 9728K, 73% used [0x00000000dc680000,0x00000000dcd779f8,0x00000000dd000000)
  to   space 10240K, 0% used [0x00000000df400000,0x00000000df400000,0x00000000dfe00000)
 ParOldGen       total 50176K, used 14429K [0x0000000080000000, 0x0000000083100000, 0x00000000d5580000)
  object space 50176K, 28% used [0x0000000080000000,0x0000000080e176a8,0x0000000083100000)
 Metaspace       used 48538K, capacity 50510K, committed 50688K, reserved 1093632K
  class space    used 6676K, capacity 7053K, committed 7168K, reserved 1048576K
Event: 12.138 GC heap after
Heap after GC invocations=16 (full 2):
 PSYoungGen      total 157184K, used 10232K [0x00000000d5580000, 0x00000000e0600000, 0x0000000100000000)
  eden space 146944K, 0% used [0x00000000d5580000,0x00000000d5580000,0x00000000de500000)
  from space 10240K, 99% used [0x00000000df400000,0x00000000dfdfe358,0x00000000dfe00000)
  to   space 15360K, 0% used [0x00000000de500000,0x00000000de500000,0x00000000df400000)
 ParOldGen       total 50176K, used 23581K [0x0000000080000000, 0x0000000083100000, 0x00000000d5580000)
  object space 50176K, 46% used [0x0000000080000000,0x00000000817074a0,0x0000000083100000)
 Metaspace       used 48538K, capacity 50510K, committed 50688K, reserved 1093632K
  class space    used 6676K, capacity 7053K, committed 7168K, reserved 1048576K
}
Event: 14.019 GC heap before
{Heap before GC invocations=17 (full 2):
 PSYoungGen      total 157184K, used 143925K [0x00000000d5580000, 0x00000000e0600000, 0x0000000100000000)
  eden space 146944K, 90% used [0x00000000d5580000,0x00000000dd80f1c0,0x00000000de500000)
  from space 10240K, 99% used [0x00000000df400000,0x00000000dfdfe358,0x00000000dfe00000)
  to   space 15360K, 0% used [0x00000000de500000,0x00000000de500000,0x00000000df400000)
 ParOldGen       total 50176K, used 23581K [0x0000000080000000, 0x0000000083100000, 0x00000000d5580000)
  object space 50176K, 46% used [0x0000000080000000,0x00000000817074a0,0x0000000083100000)
 Metaspace       used 56916K, capacity 59076K, committed 59160K, reserved 1099776K
  class space    used 7823K, capacity 8269K, committed 8320K, reserved 1048576K
Event: 14.087 GC heap after
Heap after GC invocations=17 (full 2):
 PSYoungGen      total 162304K, used 14643K [0x00000000d5580000, 0x00000000e3600000, 0x0000000100000000)
  eden space 146944K, 0% used [0x00000000d5580000,0x00000000d5580000,0x00000000de500000)
  from space 15360K, 95% used [0x00000000de500000,0x00000000df34cec0,0x00000000df400000)
  to   space 17408K, 0% used [0x00000000e2500000,0x00000000e2500000,0x00000000e3600000)
 ParOldGen       total 50176K, used 30420K [0x0000000080000000, 0x0000000083100000, 0x00000000d5580000)
  object space 50176K, 60% used [0x0000000080000000,0x0000000081db53d0,0x0000000083100000)
 Metaspace       used 56916K, capacity 59076K, committed 59160K, reserved 1099776K
  class space    used 7823K, capacity 8269K, committed 8320K, reserved 1048576K
}
Event: 14.087 GC heap before
{Heap before GC invocations=18 (full 3):
 PSYoungGen      total 162304K, used 14643K [0x00000000d5580000, 0x00000000e3600000, 0x0000000100000000)
  eden space 146944K, 0% used [0x00000000d5580000,0x00000000d5580000,0x00000000de500000)
  from space 15360K, 95% used [0x00000000de500000,0x00000000df34cec0,0x00000000df400000)
  to   space 17408K, 0% used [0x00000000e2500000,0x00000000e2500000,0x00000000e3600000)
 ParOldGen       total 50176K, used 30420K [0x0000000080000000, 0x0000000083100000, 0x00000000d5580000)
  object space 50176K, 60% used [0x0000000080000000,0x0000000081db53d0,0x0000000083100000)
 Metaspace       used 56916K, capacity 59076K, committed 59160K, reserved 1099776K
  class space    used 7823K, capacity 8269K, committed 8320K, reserved 1048576K
Event: 14.455 GC heap after
Heap after GC invocations=18 (full 3):
 PSYoungGen      total 162304K, used 0K [0x00000000d5580000, 0x00000000e3600000, 0x0000000100000000)
  eden space 146944K, 0% used [0x00000000d5580000,0x00000000d5580000,0x00000000de500000)
  from space 15360K, 0% used [0x00000000de500000,0x00000000de500000,0x00000000df400000)
  to   space 17408K, 0% used [0x00000000e2500000,0x00000000e2500000,0x00000000e3600000)
 ParOldGen       total 50176K, used 37804K [0x0000000080000000, 0x0000000083100000, 0x00000000d5580000)
  object space 50176K, 75% used [0x0000000080000000,0x00000000824eb110,0x0000000083100000)
 Metaspace       used 56902K, capacity 59028K, committed 59160K, reserved 1099776K
  class space    used 7818K, capacity 8261K, committed 8320K, reserved 1048576K
}

