# JRE version: OpenJDK Runtime Environment (8.0_302-b08) (build 1.8.0_302-b08)
# Java VM: OpenJDK 64-Bit Server VM (25.302-b08 mixed mode windows-amd64 compressed oops)
Heap:
 PSYoungGen      total 233472K, used 101905K [0x00000000d5580000, 0x00000000e9400000, 0x0000000100000000)
  eden space 212992K, 47% used [0x00000000d5580000,0x00000000db9046f8,0x00000000e2580000)
  from space 20480K, 0% used [0x00000000e2580000,0x00000000e2580000,0x00000000e3980000)
  to   space 19456K, 0% used [0x00000000e8100000,0x00000000e8100000,0x00000000e9400000)
 ParOldGen       total 88576K, used 34313K [0x0000000080000000, 0x0000000085680000, 0x00000000d5580000)
  object space 88576K, 38% used [0x0000000080000000,0x0000000082182500,0x0000000085680000)
 Metaspace       used 62795K, capacity 65212K, committed 65408K, reserved 1105920K
  class space    used 8789K, capacity 9280K, committed 9344K, reserved 1048576K
GC Heap History (10 events):
Event: 8.028 GC heap before
{Heap before GC invocations=12 (full 2):
 PSYoungGen      total 179712K, used 8660K [0x00000000d5580000, 0x00000000e1600000, 0x0000000100000000)
  eden space 167424K, 0% used [0x00000000d5580000,0x00000000d5580000,0x00000000df900000)
  from space 12288K, 70% used [0x00000000e0580000,0x00000000e0df5200,0x00000000e1180000)
  to   space 12800K, 0% used [0x00000000df900000,0x00000000df900000,0x00000000e0580000)
 ParOldGen       total 33792K, used 12282K [0x0000000080000000, 0x0000000082100000, 0x00000000d5580000)
  object space 33792K, 36% used [0x0000000080000000,0x0000000080bfeb20,0x0000000082100000)
 Metaspace       used 34369K, capacity 35444K, committed 35496K, reserved 1079296K
  class space    used 4839K, capacity 5097K, committed 5120K, reserved 1048576K
Event: 8.109 GC heap after
Heap after GC invocations=12 (full 2):
 PSYoungGen      total 179712K, used 0K [0x00000000d5580000, 0x00000000e1600000, 0x0000000100000000)
  eden space 167424K, 0% used [0x00000000d5580000,0x00000000d5580000,0x00000000df900000)
  from space 12288K, 0% used [0x00000000e0580000,0x00000000e0580000,0x00000000e1180000)
  to   space 12800K, 0% used [0x00000000df900000,0x00000000df900000,0x00000000e0580000)
 ParOldGen       total 52736K, used 15204K [0x0000000080000000, 0x0000000083380000, 0x00000000d5580000)
  object space 52736K, 28% used [0x0000000080000000,0x0000000080ed92f0,0x0000000083380000)
 Metaspace       used 34369K, capacity 35444K, committed 35496K, reserved 1079296K
  class space    used 4839K, capacity 5097K, committed 5120K, reserved 1048576K
}
Event: 10.301 GC heap before
{Heap before GC invocations=13 (full 2):
 PSYoungGen      total 179712K, used 167424K [0x00000000d5580000, 0x00000000e1600000, 0x0000000100000000)
  eden space 167424K, 100% used [0x00000000d5580000,0x00000000df900000,0x00000000df900000)
  from space 12288K, 0% used [0x00000000e0580000,0x00000000e0580000,0x00000000e1180000)
  to   space 12800K, 0% used [0x00000000df900000,0x00000000df900000,0x00000000e0580000)
 ParOldGen       total 52736K, used 15204K [0x0000000080000000, 0x0000000083380000, 0x00000000d5580000)
  object space 52736K, 28% used [0x0000000080000000,0x0000000080ed92f0,0x0000000083380000)
 Metaspace       used 41021K, capacity 42766K, committed 43008K, reserved 1085440K
  class space    used 5741K, capacity 6069K, committed 6144K, reserved 1048576K
Event: 10.324 GC heap after
Heap after GC invocations=13 (full 2):
 PSYoungGen      total 180224K, used 11380K [0x00000000d5580000, 0x00000000e4780000, 0x0000000100000000)
  eden space 167424K, 0% used [0x00000000d5580000,0x00000000d5580000,0x00000000df900000)
  from space 12800K, 88% used [0x00000000df900000,0x00000000e041d140,0x00000000e0580000)
  to   space 14336K, 0% used [0x00000000e3980000,0x00000000e3980000,0x00000000e4780000)
 ParOldGen       total 52736K, used 15212K [0x0000000080000000, 0x0000000083380000, 0x00000000d5580000)
  object space 52736K, 28% used [0x0000000080000000,0x0000000080edb2f0,0x0000000083380000)
 Metaspace       used 41021K, capacity 42766K, committed 43008K, reserved 1085440K
  class space    used 5741K, capacity 6069K, committed 6144K, reserved 1048576K
}
Event: 13.291 GC heap before
{Heap before GC invocations=14 (full 2):
 PSYoungGen      total 180224K, used 178804K [0x00000000d5580000, 0x00000000e4780000, 0x0000000100000000)
  eden space 167424K, 100% used [0x00000000d5580000,0x00000000df900000,0x00000000df900000)
  from space 12800K, 88% used [0x00000000df900000,0x00000000e041d140,0x00000000e0580000)
  to   space 14336K, 0% used [0x00000000e3980000,0x00000000e3980000,0x00000000e4780000)
 ParOldGen       total 52736K, used 15212K [0x0000000080000000, 0x0000000083380000, 0x00000000d5580000)
  object space 52736K, 28% used [0x0000000080000000,0x0000000080edb2f0,0x0000000083380000)
 Metaspace       used 53848K, capacity 55914K, committed 56192K, reserved 1097728K
  class space    used 7309K, capacity 7756K, committed 7808K, reserved 1048576K
Event: 13.386 GC heap after
Heap after GC invocations=14 (full 2):
 PSYoungGen      total 227328K, used 14322K [0x00000000d5580000, 0x00000000e5500000, 0x0000000100000000)
  eden space 212992K, 0% used [0x00000000d5580000,0x00000000d5580000,0x00000000e2580000)
  from space 14336K, 99% used [0x00000000e3980000,0x00000000e477c968,0x00000000e4780000)
  to   space 20480K, 0% used [0x00000000e2580000,0x00000000e2580000,0x00000000e3980000)
 ParOldGen       total 52736K, used 25978K [0x0000000080000000, 0x0000000083380000, 0x00000000d5580000)
  object space 52736K, 49% used [0x0000000080000000,0x000000008195eb18,0x0000000083380000)
 Metaspace       used 53848K, capacity 55914K, committed 56192K, reserved 1097728K
  class space    used 7309K, capacity 7756K, committed 7808K, reserved 1048576K
}
Event: 14.113 GC heap before
{Heap before GC invocations=15 (full 2):
 PSYoungGen      total 227328K, used 55919K [0x00000000d5580000, 0x00000000e5500000, 0x0000000100000000)
  eden space 212992K, 19% used [0x00000000d5580000,0x00000000d7e1f5e8,0x00000000e2580000)
  from space 14336K, 99% used [0x00000000e3980000,0x00000000e477c968,0x00000000e4780000)
  to   space 20480K, 0% used [0x00000000e2580000,0x00000000e2580000,0x00000000e3980000)
 ParOldGen       total 52736K, used 25978K [0x0000000080000000, 0x0000000083380000, 0x00000000d5580000)
  object space 52736K, 49% used [0x0000000080000000,0x000000008195eb18,0x0000000083380000)
 Metaspace       used 56993K, capacity 59130K, committed 59160K, reserved 1099776K
  class space    used 7834K, capacity 8294K, committed 8320K, reserved 1048576K
Event: 14.151 GC heap after
Heap after GC invocations=15 (full 2):
 PSYoungGen      total 233472K, used 5261K [0x00000000d5580000, 0x00000000e9400000, 0x0000000100000000)
  eden space 212992K, 0% used [0x00000000d5580000,0x00000000d5580000,0x00000000e2580000)
  from space 20480K, 25% used [0x00000000e2580000,0x00000000e2aa3570,0x00000000e3980000)
  to   space 19456K, 0% used [0x00000000e8100000,0x00000000e8100000,0x00000000e9400000)
 ParOldGen       total 52736K, used 37172K [0x0000000080000000, 0x0000000083380000, 0x00000000d5580000)
  object space 52736K, 70% used [0x0000000080000000,0x000000008244d028,0x0000000083380000)
 Metaspace       used 56993K, capacity 59130K, committed 59160K, reserved 1099776K
  class space    used 7834K, capacity 8294K, committed 8320K, reserved 1048576K
}
Event: 14.151 GC heap before
{Heap before GC invocations=16 (full 3):
 PSYoungGen      total 233472K, used 5261K [0x00000000d5580000, 0x00000000e9400000, 0x0000000100000000)
  eden space 212992K, 0% used [0x00000000d5580000,0x00000000d5580000,0x00000000e2580000)
  from space 20480K, 25% used [0x00000000e2580000,0x00000000e2aa3570,0x00000000e3980000)
  to   space 19456K, 0% used [0x00000000e8100000,0x00000000e8100000,0x00000000e9400000)
 ParOldGen       total 52736K, used 37172K [0x0000000080000000, 0x0000000083380000, 0x00000000d5580000)
  object space 52736K, 70% used [0x0000000080000000,0x000000008244d028,0x0000000083380000)
 Metaspace       used 56993K, capacity 59130K, committed 59160K, reserved 1099776K
  class space    used 7834K, capacity 8294K, committed 8320K, reserved 1048576K
Event: 14.545 GC heap after
Heap after GC invocations=16 (full 3):
 PSYoungGen      total 233472K, used 0K [0x00000000d5580000, 0x00000000e9400000, 0x0000000100000000)
  eden space 212992K, 0% used [0x00000000d5580000,0x00000000d5580000,0x00000000e2580000)
  from space 20480K, 0% used [0x00000000e2580000,0x00000000e2580000,0x00000000e3980000)
  to   space 19456K, 0% used [0x00000000e8100000,0x00000000e8100000,0x00000000e9400000)
 ParOldGen       total 88576K, used 34313K [0x0000000080000000, 0x0000000085680000, 0x00000000d5580000)
  object space 88576K, 38% used [0x0000000080000000,0x0000000082182500,0x0000000085680000)
 Metaspace       used 56992K, capacity 59124K, committed 59160K, reserved 1099776K
  class space    used 7834K, capacity 8293K, committed 8320K, reserved 1048576K
}

