# JRE version: OpenJDK Runtime Environment (8.0_302-b08) (build 1.8.0_302-b08)
# Java VM: OpenJDK 64-Bit Server VM (25.302-b08 mixed mode windows-amd64 compressed oops)
Heap:
 PSYoungGen      total 184320K, used 11677K [0x00000000d5580000, 0x00000000e1c80000, 0x0000000100000000)
  eden space 172032K, 6% used [0x00000000d5580000,0x00000000d60e77b8,0x00000000dfd80000)
  from space 12288K, 0% used [0x00000000e0a00000,0x00000000e0a00000,0x00000000e1600000)
  to   space 12800K, 0% used [0x00000000dfd80000,0x00000000dfd80000,0x00000000e0a00000)
 ParOldGen       total 54784K, used 15033K [0x0000000080000000, 0x0000000083580000, 0x00000000d5580000)
  object space 54784K, 27% used [0x0000000080000000,0x0000000080eae518,0x0000000083580000)
 Metaspace       used 34767K, capacity 35912K, committed 36224K, reserved 1081344K
  class space    used 4894K, capacity 5169K, committed 5248K, reserved 1048576K
GC Heap History (10 events):
Event: 6.106 GC heap before
{Heap before GC invocations=8 (full 0):
 PSYoungGen      total 69120K, used 19828K [0x00000000d5580000, 0x00000000de280000, 0x0000000100000000)
  eden space 62464K, 21% used [0x00000000d5580000,0x00000000d6263cf0,0x00000000d9280000)
  from space 6656K, 99% used [0x00000000d9280000,0x00000000d98f93a0,0x00000000d9900000)
  to   space 9728K, 0% used [0x00000000dd900000,0x00000000dd900000,0x00000000de280000)
 ParOldGen       total 42496K, used 8330K [0x0000000080000000, 0x0000000082980000, 0x00000000d5580000)
  object space 42496K, 19% used [0x0000000080000000,0x00000000808228a8,0x0000000082980000)
 Metaspace       used 20639K, capacity 21256K, committed 21296K, reserved 1067008K
  class space    used 2953K, capacity 3172K, committed 3200K, reserved 1048576K
Event: 6.116 GC heap after
Heap after GC invocations=8 (full 0):
 PSYoungGen      total 133632K, used 4546K [0x00000000d5580000, 0x00000000de180000, 0x0000000100000000)
  eden space 124928K, 0% used [0x00000000d5580000,0x00000000d5580000,0x00000000dcf80000)
  from space 8704K, 52% used [0x00000000dd900000,0x00000000ddd70878,0x00000000de180000)
  to   space 9216K, 0% used [0x00000000dcf80000,0x00000000dcf80000,0x00000000dd880000)
 ParOldGen       total 42496K, used 8946K [0x0000000080000000, 0x0000000082980000, 0x00000000d5580000)
  object space 42496K, 21% used [0x0000000080000000,0x00000000808bc8a8,0x0000000082980000)
 Metaspace       used 20639K, capacity 21256K, committed 21296K, reserved 1067008K
  class space    used 2953K, capacity 3172K, committed 3200K, reserved 1048576K
}
Event: 6.116 GC heap before
{Heap before GC invocations=9 (full 1):
 PSYoungGen      total 133632K, used 4546K [0x00000000d5580000, 0x00000000de180000, 0x0000000100000000)
  eden space 124928K, 0% used [0x00000000d5580000,0x00000000d5580000,0x00000000dcf80000)
  from space 8704K, 52% used [0x00000000dd900000,0x00000000ddd70878,0x00000000de180000)
  to   space 9216K, 0% used [0x00000000dcf80000,0x00000000dcf80000,0x00000000dd880000)
 ParOldGen       total 42496K, used 8946K [0x0000000080000000, 0x0000000082980000, 0x00000000d5580000)
  object space 42496K, 21% used [0x0000000080000000,0x00000000808bc8a8,0x0000000082980000)
 Metaspace       used 20639K, capacity 21256K, committed 21296K, reserved 1067008K
  class space    used 2953K, capacity 3172K, committed 3200K, reserved 1048576K
Event: 6.165 GC heap after
Heap after GC invocations=9 (full 1):
 PSYoungGen      total 133632K, used 0K [0x00000000d5580000, 0x00000000de180000, 0x0000000100000000)
  eden space 124928K, 0% used [0x00000000d5580000,0x00000000d5580000,0x00000000dcf80000)
  from space 8704K, 0% used [0x00000000dd900000,0x00000000dd900000,0x00000000de180000)
  to   space 9216K, 0% used [0x00000000dcf80000,0x00000000dcf80000,0x00000000dd880000)
 ParOldGen       total 34816K, used 9245K [0x0000000080000000, 0x0000000082200000, 0x00000000d5580000)
  object space 34816K, 26% used [0x0000000080000000,0x00000000809076c8,0x0000000082200000)
 Metaspace       used 20639K, capacity 21256K, committed 21296K, reserved 1067008K
  class space    used 2953K, capacity 3172K, committed 3200K, reserved 1048576K
}
Event: 10.174 GC heap before
{Heap before GC invocations=10 (full 1):
 PSYoungGen      total 133632K, used 124928K [0x00000000d5580000, 0x00000000de180000, 0x0000000100000000)
  eden space 124928K, 100% used [0x00000000d5580000,0x00000000dcf80000,0x00000000dcf80000)
  from space 8704K, 0% used [0x00000000dd900000,0x00000000dd900000,0x00000000de180000)
  to   space 9216K, 0% used [0x00000000dcf80000,0x00000000dcf80000,0x00000000dd880000)
 ParOldGen       total 34816K, used 9245K [0x0000000080000000, 0x0000000082200000, 0x00000000d5580000)
  object space 34816K, 26% used [0x0000000080000000,0x00000000809076c8,0x0000000082200000)
 Metaspace       used 32774K, capacity 33700K, committed 33792K, reserved 1079296K
  class space    used 4567K, capacity 4782K, committed 4864K, reserved 1048576K
Event: 10.218 GC heap after
Heap after GC invocations=10 (full 1):
 PSYoungGen      total 134144K, used 9191K [0x00000000d5580000, 0x00000000e1600000, 0x0000000100000000)
  eden space 124928K, 0% used [0x00000000d5580000,0x00000000d5580000,0x00000000dcf80000)
  from space 9216K, 99% used [0x00000000dcf80000,0x00000000dd879cb8,0x00000000dd880000)
  to   space 12288K, 0% used [0x00000000e0a00000,0x00000000e0a00000,0x00000000e1600000)
 ParOldGen       total 34816K, used 14081K [0x0000000080000000, 0x0000000082200000, 0x00000000d5580000)
  object space 34816K, 40% used [0x0000000080000000,0x0000000080dc0730,0x0000000082200000)
 Metaspace       used 32774K, capacity 33700K, committed 33792K, reserved 1079296K
  class space    used 4567K, capacity 4782K, committed 4864K, reserved 1048576K
}
Event: 10.790 GC heap before
{Heap before GC invocations=11 (full 1):
 PSYoungGen      total 134144K, used 46080K [0x00000000d5580000, 0x00000000e1600000, 0x0000000100000000)
  eden space 124928K, 29% used [0x00000000d5580000,0x00000000d7986448,0x00000000dcf80000)
  from space 9216K, 99% used [0x00000000dcf80000,0x00000000dd879cb8,0x00000000dd880000)
  to   space 12288K, 0% used [0x00000000e0a00000,0x00000000e0a00000,0x00000000e1600000)
 ParOldGen       total 34816K, used 14081K [0x0000000080000000, 0x0000000082200000, 0x00000000d5580000)
  object space 34816K, 40% used [0x0000000080000000,0x0000000080dc0730,0x0000000082200000)
 Metaspace       used 34313K, capacity 35444K, committed 35496K, reserved 1079296K
  class space    used 4831K, capacity 5097K, committed 5120K, reserved 1048576K
Event: 10.810 GC heap after
Heap after GC invocations=11 (full 1):
 PSYoungGen      total 184320K, used 8642K [0x00000000d5580000, 0x00000000e1c80000, 0x0000000100000000)
  eden space 172032K, 0% used [0x00000000d5580000,0x00000000d5580000,0x00000000dfd80000)
  from space 12288K, 70% used [0x00000000e0a00000,0x00000000e1270b58,0x00000000e1600000)
  to   space 12800K, 0% used [0x00000000dfd80000,0x00000000dfd80000,0x00000000e0a00000)
 ParOldGen       total 34816K, used 14089K [0x0000000080000000, 0x0000000082200000, 0x00000000d5580000)
  object space 34816K, 40% used [0x0000000080000000,0x0000000080dc2730,0x0000000082200000)
 Metaspace       used 34313K, capacity 35444K, committed 35496K, reserved 1079296K
  class space    used 4831K, capacity 5097K, committed 5120K, reserved 1048576K
}
Event: 10.810 GC heap before
{Heap before GC invocations=12 (full 2):
 PSYoungGen      total 184320K, used 8642K [0x00000000d5580000, 0x00000000e1c80000, 0x0000000100000000)
  eden space 172032K, 0% used [0x00000000d5580000,0x00000000d5580000,0x00000000dfd80000)
  from space 12288K, 70% used [0x00000000e0a00000,0x00000000e1270b58,0x00000000e1600000)
  to   space 12800K, 0% used [0x00000000dfd80000,0x00000000dfd80000,0x00000000e0a00000)
 ParOldGen       total 34816K, used 14089K [0x0000000080000000, 0x0000000082200000, 0x00000000d5580000)
  object space 34816K, 40% used [0x0000000080000000,0x0000000080dc2730,0x0000000082200000)
 Metaspace       used 34313K, capacity 35444K, committed 35496K, reserved 1079296K
  class space    used 4831K, capacity 5097K, committed 5120K, reserved 1048576K
Event: 11.000 GC heap after
Heap after GC invocations=12 (full 2):
 PSYoungGen      total 184320K, used 0K [0x00000000d5580000, 0x00000000e1c80000, 0x0000000100000000)
  eden space 172032K, 0% used [0x00000000d5580000,0x00000000d5580000,0x00000000dfd80000)
  from space 12288K, 0% used [0x00000000e0a00000,0x00000000e0a00000,0x00000000e1600000)
  to   space 12800K, 0% used [0x00000000dfd80000,0x00000000dfd80000,0x00000000e0a00000)
 ParOldGen       total 54784K, used 15033K [0x0000000080000000, 0x0000000083580000, 0x00000000d5580000)
  object space 54784K, 27% used [0x0000000080000000,0x0000000080eae518,0x0000000083580000)
 Metaspace       used 34313K, capacity 35444K, committed 35496K, reserved 1079296K
  class space    used 4831K, capacity 5097K, committed 5120K, reserved 1048576K
}

