# JRE version: OpenJDK Runtime Environment (8.0_302-b08) (build 1.8.0_302-b08)
# Java VM: OpenJDK 64-Bit Server VM (25.302-b08 mixed mode windows-amd64 compressed oops)
Heap:
 PSYoungGen      total 143360K, used 60199K [0x00000000d5580000, 0x00000000df780000, 0x0000000100000000)
  eden space 128512K, 37% used [0x00000000d5580000,0x00000000d84578a0,0x00000000dd300000)
  from space 14848K, 82% used [0x00000000de300000,0x00000000deef2368,0x00000000df180000)
  to   space 16384K, 0% used [0x00000000dd300000,0x00000000dd300000,0x00000000de300000)
 ParOldGen       total 86016K, used 32115K [0x0000000080000000, 0x0000000085400000, 0x00000000d5580000)
  object space 86016K, 37% used [0x0000000080000000,0x0000000081f5cd48,0x0000000085400000)
 Metaspace       used 65429K, capacity 68286K, committed 68608K, reserved 1107968K
  class space    used 8817K, capacity 9363K, committed 9472K, reserved 1048576K
GC Heap History (10 events):
Event: 473.916 GC heap before
{Heap before GC invocations=17 (full 2):
 PSYoungGen      total 107008K, used 106992K [0x00000000d5580000, 0x00000000dcb80000, 0x0000000100000000)
  eden space 96256K, 100% used [0x00000000d5580000,0x00000000db380000,0x00000000db380000)
  from space 10752K, 99% used [0x00000000dc080000,0x00000000dcafc220,0x00000000dcb00000)
  to   space 12288K, 0% used [0x00000000db380000,0x00000000db380000,0x00000000dbf80000)
 ParOldGen       total 52736K, used 14618K [0x0000000080000000, 0x0000000083380000, 0x00000000d5580000)
  object space 52736K, 27% used [0x0000000080000000,0x0000000080e46950,0x0000000083380000)
 Metaspace       used 44948K, capacity 47114K, committed 47232K, reserved 1089536K
  class space    used 6065K, capacity 6430K, committed 6528K, reserved 1048576K
Event: 473.955 GC heap after
Heap after GC invocations=17 (full 2):
 PSYoungGen      total 108544K, used 5407K [0x00000000d5580000, 0x00000000ddb00000, 0x0000000100000000)
  eden space 96256K, 0% used [0x00000000d5580000,0x00000000d5580000,0x00000000db380000)
  from space 12288K, 44% used [0x00000000db380000,0x00000000db8c7ce8,0x00000000dbf80000)
  to   space 11776K, 0% used [0x00000000dcf80000,0x00000000dcf80000,0x00000000ddb00000)
 ParOldGen       total 52736K, used 22904K [0x0000000080000000, 0x0000000083380000, 0x00000000d5580000)
  object space 52736K, 43% used [0x0000000080000000,0x000000008165e1c0,0x0000000083380000)
 Metaspace       used 44948K, capacity 47114K, committed 47232K, reserved 1089536K
  class space    used 6065K, capacity 6430K, committed 6528K, reserved 1048576K
}
Event: 476.230 GC heap before
{Heap before GC invocations=18 (full 2):
 PSYoungGen      total 108544K, used 101663K [0x00000000d5580000, 0x00000000ddb00000, 0x0000000100000000)
  eden space 96256K, 100% used [0x00000000d5580000,0x00000000db380000,0x00000000db380000)
  from space 12288K, 44% used [0x00000000db380000,0x00000000db8c7ce8,0x00000000dbf80000)
  to   space 11776K, 0% used [0x00000000dcf80000,0x00000000dcf80000,0x00000000ddb00000)
 ParOldGen       total 52736K, used 22904K [0x0000000080000000, 0x0000000083380000, 0x00000000d5580000)
  object space 52736K, 43% used [0x0000000080000000,0x000000008165e1c0,0x0000000083380000)
 Metaspace       used 54997K, capacity 57444K, committed 57728K, reserved 1099776K
  class space    used 7344K, capacity 7787K, committed 7808K, reserved 1048576K
Event: 476.255 GC heap after
Heap after GC invocations=18 (full 2):
 PSYoungGen      total 121344K, used 11758K [0x00000000d5580000, 0x00000000de280000, 0x0000000100000000)
  eden space 109568K, 0% used [0x00000000d5580000,0x00000000d5580000,0x00000000dc080000)
  from space 11776K, 99% used [0x00000000dcf80000,0x00000000ddafba28,0x00000000ddb00000)
  to   space 15360K, 0% used [0x00000000dc080000,0x00000000dc080000,0x00000000dcf80000)
 ParOldGen       total 52736K, used 27704K [0x0000000080000000, 0x0000000083380000, 0x00000000d5580000)
  object space 52736K, 52% used [0x0000000080000000,0x0000000081b0e2d8,0x0000000083380000)
 Metaspace       used 54997K, capacity 57444K, committed 57728K, reserved 1099776K
  class space    used 7344K, capacity 7787K, committed 7808K, reserved 1048576K
}
Event: 476.561 GC heap before
{Heap before GC invocations=19 (full 2):
 PSYoungGen      total 121344K, used 28780K [0x00000000d5580000, 0x00000000de280000, 0x0000000100000000)
  eden space 109568K, 15% used [0x00000000d5580000,0x00000000d661f5f0,0x00000000dc080000)
  from space 11776K, 99% used [0x00000000dcf80000,0x00000000ddafba28,0x00000000ddb00000)
  to   space 15360K, 0% used [0x00000000dc080000,0x00000000dc080000,0x00000000dcf80000)
 ParOldGen       total 52736K, used 27704K [0x0000000080000000, 0x0000000083380000, 0x00000000d5580000)
  object space 52736K, 52% used [0x0000000080000000,0x0000000081b0e2d8,0x0000000083380000)
 Metaspace       used 56306K, capacity 58814K, committed 59136K, reserved 1099776K
  class space    used 7487K, capacity 7920K, committed 7936K, reserved 1048576K
Event: 476.576 GC heap after
Heap after GC invocations=19 (full 2):
 PSYoungGen      total 124928K, used 3252K [0x00000000d5580000, 0x00000000df180000, 0x0000000100000000)
  eden space 109568K, 0% used [0x00000000d5580000,0x00000000d5580000,0x00000000dc080000)
  from space 15360K, 21% used [0x00000000dc080000,0x00000000dc3ad1e8,0x00000000dcf80000)
  to   space 14848K, 0% used [0x00000000de300000,0x00000000de300000,0x00000000df180000)
 ParOldGen       total 52736K, used 37590K [0x0000000080000000, 0x0000000083380000, 0x00000000d5580000)
  object space 52736K, 71% used [0x0000000080000000,0x00000000824b5a90,0x0000000083380000)
 Metaspace       used 56306K, capacity 58814K, committed 59136K, reserved 1099776K
  class space    used 7487K, capacity 7920K, committed 7936K, reserved 1048576K
}
Event: 476.577 GC heap before
{Heap before GC invocations=20 (full 3):
 PSYoungGen      total 124928K, used 3252K [0x00000000d5580000, 0x00000000df180000, 0x0000000100000000)
  eden space 109568K, 0% used [0x00000000d5580000,0x00000000d5580000,0x00000000dc080000)
  from space 15360K, 21% used [0x00000000dc080000,0x00000000dc3ad1e8,0x00000000dcf80000)
  to   space 14848K, 0% used [0x00000000de300000,0x00000000de300000,0x00000000df180000)
 ParOldGen       total 52736K, used 37590K [0x0000000080000000, 0x0000000083380000, 0x00000000d5580000)
  object space 52736K, 71% used [0x0000000080000000,0x00000000824b5a90,0x0000000083380000)
 Metaspace       used 56306K, capacity 58814K, committed 59136K, reserved 1099776K
  class space    used 7487K, capacity 7920K, committed 7936K, reserved 1048576K
Event: 476.851 GC heap after
Heap after GC invocations=20 (full 3):
 PSYoungGen      total 124928K, used 0K [0x00000000d5580000, 0x00000000df180000, 0x0000000100000000)
  eden space 109568K, 0% used [0x00000000d5580000,0x00000000d5580000,0x00000000dc080000)
  from space 15360K, 0% used [0x00000000dc080000,0x00000000dc080000,0x00000000dcf80000)
  to   space 14848K, 0% used [0x00000000de300000,0x00000000de300000,0x00000000df180000)
 ParOldGen       total 86016K, used 32107K [0x0000000080000000, 0x0000000085400000, 0x00000000d5580000)
  object space 86016K, 37% used [0x0000000080000000,0x0000000081f5ad48,0x0000000085400000)
 Metaspace       used 56199K, capacity 58566K, committed 59136K, reserved 1099776K
  class space    used 7460K, capacity 7888K, committed 7936K, reserved 1048576K
}
Event: 478.573 GC heap before
{Heap before GC invocations=21 (full 3):
 PSYoungGen      total 124928K, used 109568K [0x00000000d5580000, 0x00000000df180000, 0x0000000100000000)
  eden space 109568K, 100% used [0x00000000d5580000,0x00000000dc080000,0x00000000dc080000)
  from space 15360K, 0% used [0x00000000dc080000,0x00000000dc080000,0x00000000dcf80000)
  to   space 14848K, 0% used [0x00000000de300000,0x00000000de300000,0x00000000df180000)
 ParOldGen       total 86016K, used 32107K [0x0000000080000000, 0x0000000085400000, 0x00000000d5580000)
  object space 86016K, 37% used [0x0000000080000000,0x0000000081f5ad48,0x0000000085400000)
 Metaspace       used 62723K, capacity 65380K, committed 65536K, reserved 1105920K
  class space    used 8368K, capacity 8869K, committed 8960K, reserved 1048576K
Event: 478.597 GC heap after
Heap after GC invocations=21 (full 3):
 PSYoungGen      total 143360K, used 12232K [0x00000000d5580000, 0x00000000df780000, 0x0000000100000000)
  eden space 128512K, 0% used [0x00000000d5580000,0x00000000d5580000,0x00000000dd300000)
  from space 14848K, 82% used [0x00000000de300000,0x00000000deef2368,0x00000000df180000)
  to   space 16384K, 0% used [0x00000000dd300000,0x00000000dd300000,0x00000000de300000)
 ParOldGen       total 86016K, used 32115K [0x0000000080000000, 0x0000000085400000, 0x00000000d5580000)
  object space 86016K, 37% used [0x0000000080000000,0x0000000081f5cd48,0x0000000085400000)
 Metaspace       used 62723K, capacity 65380K, committed 65536K, reserved 1105920K
  class space    used 8368K, capacity 8869K, committed 8960K, reserved 1048576K
}

