# JRE version: OpenJDK Runtime Environment (8.0_302-b08) (build 1.8.0_302-b08)
# Java VM: OpenJDK 64-Bit Server VM (25.302-b08 mixed mode windows-amd64 compressed oops)
Heap:
 PSYoungGen      total 232448K, used 57440K [0x00000000d5580000, 0x00000000e5c80000, 0x0000000100000000)
  eden space 217600K, 26% used [0x00000000d5580000,0x00000000d8d980a0,0x00000000e2a00000)
  from space 14848K, 0% used [0x00000000e3f80000,0x00000000e3f80000,0x00000000e4e00000)
  to   space 22016K, 0% used [0x00000000e2a00000,0x00000000e2a00000,0x00000000e3f80000)
 ParOldGen       total 89600K, used 39315K [0x0000000080000000, 0x0000000085780000, 0x00000000d5580000)
  object space 89600K, 43% used [0x0000000080000000,0x0000000082664db0,0x0000000085780000)
 Metaspace       used 58231K, capacity 60496K, committed 60800K, reserved 1101824K
  class space    used 7776K, capacity 8211K, committed 8320K, reserved 1048576K
GC Heap History (10 events):
Event: 9.969 GC heap before
{Heap before GC invocations=11 (full 1):
 PSYoungGen      total 134144K, used 40177K [0x00000000d5580000, 0x00000000e1800000, 0x0000000100000000)
  eden space 124928K, 24% used [0x00000000d5580000,0x00000000d73bfac8,0x00000000dcf80000)
  from space 9216K, 99% used [0x00000000dcf80000,0x00000000dd87caf8,0x00000000dd880000)
  to   space 11776K, 0% used [0x00000000e0c80000,0x00000000e0c80000,0x00000000e1800000)
 ParOldGen       total 33280K, used 12381K [0x0000000080000000, 0x0000000082080000, 0x00000000d5580000)
  object space 33280K, 37% used [0x0000000080000000,0x0000000080c17478,0x0000000082080000)
 Metaspace       used 34374K, capacity 35430K, committed 35456K, reserved 1079296K
  class space    used 4741K, capacity 4986K, committed 4992K, reserved 1048576K
Event: 9.996 GC heap after
Heap after GC invocations=11 (full 1):
 PSYoungGen      total 186880K, used 8601K [0x00000000d5580000, 0x00000000e1a80000, 0x0000000100000000)
  eden space 175104K, 0% used [0x00000000d5580000,0x00000000d5580000,0x00000000e0080000)
  from space 11776K, 73% used [0x00000000e0c80000,0x00000000e14e64a0,0x00000000e1800000)
  to   space 12288K, 0% used [0x00000000e0080000,0x00000000e0080000,0x00000000e0c80000)
 ParOldGen       total 33280K, used 12389K [0x0000000080000000, 0x0000000082080000, 0x00000000d5580000)
  object space 33280K, 37% used [0x0000000080000000,0x0000000080c19478,0x0000000082080000)
 Metaspace       used 34374K, capacity 35430K, committed 35456K, reserved 1079296K
  class space    used 4741K, capacity 4986K, committed 4992K, reserved 1048576K
}
Event: 9.996 GC heap before
{Heap before GC invocations=12 (full 2):
 PSYoungGen      total 186880K, used 8601K [0x00000000d5580000, 0x00000000e1a80000, 0x0000000100000000)
  eden space 175104K, 0% used [0x00000000d5580000,0x00000000d5580000,0x00000000e0080000)
  from space 11776K, 73% used [0x00000000e0c80000,0x00000000e14e64a0,0x00000000e1800000)
  to   space 12288K, 0% used [0x00000000e0080000,0x00000000e0080000,0x00000000e0c80000)
 ParOldGen       total 33280K, used 12389K [0x0000000080000000, 0x0000000082080000, 0x00000000d5580000)
  object space 33280K, 37% used [0x0000000080000000,0x0000000080c19478,0x0000000082080000)
 Metaspace       used 34374K, capacity 35430K, committed 35456K, reserved 1079296K
  class space    used 4741K, capacity 4986K, committed 4992K, reserved 1048576K
Event: 10.182 GC heap after
Heap after GC invocations=12 (full 2):
 PSYoungGen      total 186880K, used 0K [0x00000000d5580000, 0x00000000e1a80000, 0x0000000100000000)
  eden space 175104K, 0% used [0x00000000d5580000,0x00000000d5580000,0x00000000e0080000)
  from space 11776K, 0% used [0x00000000e0c80000,0x00000000e0c80000,0x00000000e1800000)
  to   space 12288K, 0% used [0x00000000e0080000,0x00000000e0080000,0x00000000e0c80000)
 ParOldGen       total 50176K, used 15019K [0x0000000080000000, 0x0000000083100000, 0x00000000d5580000)
  object space 50176K, 29% used [0x0000000080000000,0x0000000080eaadc0,0x0000000083100000)
 Metaspace       used 34374K, capacity 35430K, committed 35456K, reserved 1079296K
  class space    used 4741K, capacity 4986K, committed 4992K, reserved 1048576K
}
Event: 14.177 GC heap before
{Heap before GC invocations=13 (full 2):
 PSYoungGen      total 186880K, used 175104K [0x00000000d5580000, 0x00000000e1a80000, 0x0000000100000000)
  eden space 175104K, 100% used [0x00000000d5580000,0x00000000e0080000,0x00000000e0080000)
  from space 11776K, 0% used [0x00000000e0c80000,0x00000000e0c80000,0x00000000e1800000)
  to   space 12288K, 0% used [0x00000000e0080000,0x00000000e0080000,0x00000000e0c80000)
 ParOldGen       total 50176K, used 15019K [0x0000000080000000, 0x0000000083100000, 0x00000000d5580000)
  object space 50176K, 29% used [0x0000000080000000,0x0000000080eaadc0,0x0000000083100000)
 Metaspace       used 42355K, capacity 44186K, committed 44288K, reserved 1087488K
  class space    used 5793K, capacity 6141K, committed 6144K, reserved 1048576K
Event: 14.203 GC heap after
Heap after GC invocations=13 (full 2):
 PSYoungGen      total 187392K, used 12267K [0x00000000d5580000, 0x00000000e4e00000, 0x0000000100000000)
  eden space 175104K, 0% used [0x00000000d5580000,0x00000000d5580000,0x00000000e0080000)
  from space 12288K, 99% used [0x00000000e0080000,0x00000000e0c7afd0,0x00000000e0c80000)
  to   space 14848K, 0% used [0x00000000e3f80000,0x00000000e3f80000,0x00000000e4e00000)
 ParOldGen       total 50176K, used 17127K [0x0000000080000000, 0x0000000083100000, 0x00000000d5580000)
  object space 50176K, 34% used [0x0000000080000000,0x00000000810b9e48,0x0000000083100000)
 Metaspace       used 42355K, capacity 44186K, committed 44288K, reserved 1087488K
  class space    used 5793K, capacity 6141K, committed 6144K, reserved 1048576K
}
Event: 18.963 GC heap before
{Heap before GC invocations=14 (full 2):
 PSYoungGen      total 187392K, used 187371K [0x00000000d5580000, 0x00000000e4e00000, 0x0000000100000000)
  eden space 175104K, 100% used [0x00000000d5580000,0x00000000e0080000,0x00000000e0080000)
  from space 12288K, 99% used [0x00000000e0080000,0x00000000e0c7afd0,0x00000000e0c80000)
  to   space 14848K, 0% used [0x00000000e3f80000,0x00000000e3f80000,0x00000000e4e00000)
 ParOldGen       total 50176K, used 17127K [0x0000000080000000, 0x0000000083100000, 0x00000000d5580000)
  object space 50176K, 34% used [0x0000000080000000,0x00000000810b9e48,0x0000000083100000)
 Metaspace       used 56716K, capacity 59014K, committed 59096K, reserved 1099776K
  class space    used 7597K, capacity 8017K, committed 8064K, reserved 1048576K
Event: 19.110 GC heap after
Heap after GC invocations=14 (full 2):
 PSYoungGen      total 232448K, used 14816K [0x00000000d5580000, 0x00000000e5c80000, 0x0000000100000000)
  eden space 217600K, 0% used [0x00000000d5580000,0x00000000d5580000,0x00000000e2a00000)
  from space 14848K, 99% used [0x00000000e3f80000,0x00000000e4df8298,0x00000000e4e00000)
  to   space 22016K, 0% used [0x00000000e2a00000,0x00000000e2a00000,0x00000000e3f80000)
 ParOldGen       total 50176K, used 29909K [0x0000000080000000, 0x0000000083100000, 0x00000000d5580000)
  object space 50176K, 59% used [0x0000000080000000,0x0000000081d35578,0x0000000083100000)
 Metaspace       used 56716K, capacity 59014K, committed 59096K, reserved 1099776K
  class space    used 7597K, capacity 8017K, committed 8064K, reserved 1048576K
}
Event: 19.110 GC heap before
{Heap before GC invocations=15 (full 3):
 PSYoungGen      total 232448K, used 14816K [0x00000000d5580000, 0x00000000e5c80000, 0x0000000100000000)
  eden space 217600K, 0% used [0x00000000d5580000,0x00000000d5580000,0x00000000e2a00000)
  from space 14848K, 99% used [0x00000000e3f80000,0x00000000e4df8298,0x00000000e4e00000)
  to   space 22016K, 0% used [0x00000000e2a00000,0x00000000e2a00000,0x00000000e3f80000)
 ParOldGen       total 50176K, used 29909K [0x0000000080000000, 0x0000000083100000, 0x00000000d5580000)
  object space 50176K, 59% used [0x0000000080000000,0x0000000081d35578,0x0000000083100000)
 Metaspace       used 56716K, capacity 59014K, committed 59096K, reserved 1099776K
  class space    used 7597K, capacity 8017K, committed 8064K, reserved 1048576K
Event: 19.671 GC heap after
Heap after GC invocations=15 (full 3):
 PSYoungGen      total 232448K, used 0K [0x00000000d5580000, 0x00000000e5c80000, 0x0000000100000000)
  eden space 217600K, 0% used [0x00000000d5580000,0x00000000d5580000,0x00000000e2a00000)
  from space 14848K, 0% used [0x00000000e3f80000,0x00000000e3f80000,0x00000000e4e00000)
  to   space 22016K, 0% used [0x00000000e2a00000,0x00000000e2a00000,0x00000000e3f80000)
 ParOldGen       total 89600K, used 39315K [0x0000000080000000, 0x0000000085780000, 0x00000000d5580000)
  object space 89600K, 43% used [0x0000000080000000,0x0000000082664db0,0x0000000085780000)
 Metaspace       used 56655K, capacity 58866K, committed 59096K, reserved 1099776K
  class space    used 7581K, capacity 7997K, committed 8064K, reserved 1048576K
}

