# JRE version: OpenJDK Runtime Environment (8.0_302-b08) (build 1.8.0_302-b08)
# Java VM: OpenJDK 64-Bit Server VM (25.302-b08 mixed mode windows-amd64 compressed oops)
Heap:
 PSYoungGen      total 220160K, used 119829K [0x00000000d5580000, 0x00000000e6000000, 0x0000000100000000)
  eden space 195072K, 48% used [0x00000000d5580000,0x00000000db2acde0,0x00000000e1400000)
  from space 25088K, 97% used [0x00000000e1400000,0x00000000e2bd8828,0x00000000e2c80000)
  to   space 29184K, 0% used [0x00000000e4380000,0x00000000e4380000,0x00000000e6000000)
 ParOldGen       total 89088K, used 47014K [0x0000000080000000, 0x0000000085700000, 0x00000000d5580000)
  object space 89088K, 52% used [0x0000000080000000,0x0000000082de9928,0x0000000085700000)
 Metaspace       used 78716K, capacity 82212K, committed 82432K, reserved 1120256K
  class space    used 10817K, capacity 11460K, committed 11520K, reserved 1048576K
GC Heap History (10 events):
Event: 17.138 GC heap before
{Heap before GC invocations=18 (full 3):
 PSYoungGen      total 157184K, used 14647K [0x00000000d5580000, 0x00000000e2800000, 0x0000000100000000)
  eden space 142336K, 0% used [0x00000000d5580000,0x00000000d5580000,0x00000000de080000)
  from space 14848K, 98% used [0x00000000de080000,0x00000000deecde50,0x00000000def00000)
  to   space 16896K, 0% used [0x00000000e1780000,0x00000000e1780000,0x00000000e2800000)
 ParOldGen       total 50176K, used 30941K [0x0000000080000000, 0x0000000083100000, 0x00000000d5580000)
  object space 50176K, 61% used [0x0000000080000000,0x0000000081e37668,0x0000000083100000)
 Metaspace       used 56893K, capacity 59094K, committed 59160K, reserved 1099776K
  class space    used 7819K, capacity 8272K, committed 8320K, reserved 1048576K
Event: 17.460 GC heap after
Heap after GC invocations=18 (full 3):
 PSYoungGen      total 157184K, used 0K [0x00000000d5580000, 0x00000000e2800000, 0x0000000100000000)
  eden space 142336K, 0% used [0x00000000d5580000,0x00000000d5580000,0x00000000de080000)
  from space 14848K, 0% used [0x00000000de080000,0x00000000de080000,0x00000000def00000)
  to   space 16896K, 0% used [0x00000000e1780000,0x00000000e1780000,0x00000000e2800000)
 ParOldGen       total 89088K, used 37771K [0x0000000080000000, 0x0000000085700000, 0x00000000d5580000)
  object space 89088K, 42% used [0x0000000080000000,0x00000000824e2f58,0x0000000085700000)
 Metaspace       used 56874K, capacity 59028K, committed 59160K, reserved 1099776K
  class space    used 7813K, capacity 8261K, committed 8320K, reserved 1048576K
}
Event: 20.013 GC heap before
{Heap before GC invocations=19 (full 3):
 PSYoungGen      total 157184K, used 142336K [0x00000000d5580000, 0x00000000e2800000, 0x0000000100000000)
  eden space 142336K, 100% used [0x00000000d5580000,0x00000000de080000,0x00000000de080000)
  from space 14848K, 0% used [0x00000000de080000,0x00000000de080000,0x00000000def00000)
  to   space 16896K, 0% used [0x00000000e1780000,0x00000000e1780000,0x00000000e2800000)
 ParOldGen       total 89088K, used 37771K [0x0000000080000000, 0x0000000085700000, 0x00000000d5580000)
  object space 89088K, 42% used [0x0000000080000000,0x00000000824e2f58,0x0000000085700000)
 Metaspace       used 65151K, capacity 67706K, committed 67840K, reserved 1107968K
  class space    used 9120K, capacity 9661K, committed 9728K, reserved 1048576K
Event: 20.041 GC heap after
Heap after GC invocations=19 (full 3):
 PSYoungGen      total 189440K, used 14492K [0x00000000d5580000, 0x00000000e2600000, 0x0000000100000000)
  eden space 174592K, 0% used [0x00000000d5580000,0x00000000d5580000,0x00000000e0000000)
  from space 14848K, 97% used [0x00000000e1780000,0x00000000e25a7138,0x00000000e2600000)
  to   space 18944K, 0% used [0x00000000e0100000,0x00000000e0100000,0x00000000e1380000)
 ParOldGen       total 89088K, used 37779K [0x0000000080000000, 0x0000000085700000, 0x00000000d5580000)
  object space 89088K, 42% used [0x0000000080000000,0x00000000824e4f58,0x0000000085700000)
 Metaspace       used 65151K, capacity 67706K, committed 67840K, reserved 1107968K
  class space    used 9120K, capacity 9661K, committed 9728K, reserved 1048576K
}
Event: 36.247 GC heap before
{Heap before GC invocations=20 (full 3):
 PSYoungGen      total 189440K, used 189084K [0x00000000d5580000, 0x00000000e2600000, 0x0000000100000000)
  eden space 174592K, 100% used [0x00000000d5580000,0x00000000e0000000,0x00000000e0000000)
  from space 14848K, 97% used [0x00000000e1780000,0x00000000e25a7138,0x00000000e2600000)
  to   space 18944K, 0% used [0x00000000e0100000,0x00000000e0100000,0x00000000e1380000)
 ParOldGen       total 89088K, used 37779K [0x0000000080000000, 0x0000000085700000, 0x00000000d5580000)
  object space 89088K, 42% used [0x0000000080000000,0x00000000824e4f58,0x0000000085700000)
 Metaspace       used 68823K, capacity 71802K, committed 71936K, reserved 1112064K
  class space    used 9552K, capacity 10159K, committed 10240K, reserved 1048576K
Event: 36.284 GC heap after
Heap after GC invocations=20 (full 3):
 PSYoungGen      total 194560K, used 18923K [0x00000000d5580000, 0x00000000e4280000, 0x0000000100000000)
  eden space 175616K, 0% used [0x00000000d5580000,0x00000000d5580000,0x00000000e0100000)
  from space 18944K, 99% used [0x00000000e0100000,0x00000000e137aff8,0x00000000e1380000)
  to   space 22528K, 0% used [0x00000000e2c80000,0x00000000e2c80000,0x00000000e4280000)
 ParOldGen       total 89088K, used 38889K [0x0000000080000000, 0x0000000085700000, 0x00000000d5580000)
  object space 89088K, 43% used [0x0000000080000000,0x00000000825fa528,0x0000000085700000)
 Metaspace       used 68823K, capacity 71802K, committed 71936K, reserved 1112064K
  class space    used 9552K, capacity 10159K, committed 10240K, reserved 1048576K
}
Event: 45.384 GC heap before
{Heap before GC invocations=21 (full 3):
 PSYoungGen      total 194560K, used 194539K [0x00000000d5580000, 0x00000000e4280000, 0x0000000100000000)
  eden space 175616K, 100% used [0x00000000d5580000,0x00000000e0100000,0x00000000e0100000)
  from space 18944K, 99% used [0x00000000e0100000,0x00000000e137aff8,0x00000000e1380000)
  to   space 22528K, 0% used [0x00000000e2c80000,0x00000000e2c80000,0x00000000e4280000)
 ParOldGen       total 89088K, used 38889K [0x0000000080000000, 0x0000000085700000, 0x00000000d5580000)
  object space 89088K, 43% used [0x0000000080000000,0x00000000825fa528,0x0000000085700000)
 Metaspace       used 72520K, capacity 75576K, committed 75648K, reserved 1114112K
  class space    used 10034K, capacity 10612K, committed 10624K, reserved 1048576K
Event: 45.432 GC heap after
Heap after GC invocations=21 (full 3):
 PSYoungGen      total 217600K, used 20396K [0x00000000d5580000, 0x00000000e4600000, 0x0000000100000000)
  eden space 195072K, 0% used [0x00000000d5580000,0x00000000d5580000,0x00000000e1400000)
  from space 22528K, 90% used [0x00000000e2c80000,0x00000000e406b108,0x00000000e4280000)
  to   space 25088K, 0% used [0x00000000e1400000,0x00000000e1400000,0x00000000e2c80000)
 ParOldGen       total 89088K, used 47006K [0x0000000080000000, 0x0000000085700000, 0x00000000d5580000)
  object space 89088K, 52% used [0x0000000080000000,0x0000000082de7928,0x0000000085700000)
 Metaspace       used 72520K, capacity 75576K, committed 75648K, reserved 1114112K
  class space    used 10034K, capacity 10612K, committed 10624K, reserved 1048576K
}
Event: 65.852 GC heap before
{Heap before GC invocations=22 (full 3):
 PSYoungGen      total 217600K, used 215468K [0x00000000d5580000, 0x00000000e4600000, 0x0000000100000000)
  eden space 195072K, 100% used [0x00000000d5580000,0x00000000e1400000,0x00000000e1400000)
  from space 22528K, 90% used [0x00000000e2c80000,0x00000000e406b108,0x00000000e4280000)
  to   space 25088K, 0% used [0x00000000e1400000,0x00000000e1400000,0x00000000e2c80000)
 ParOldGen       total 89088K, used 47006K [0x0000000080000000, 0x0000000085700000, 0x00000000d5580000)
  object space 89088K, 52% used [0x0000000080000000,0x0000000082de7928,0x0000000085700000)
 Metaspace       used 74753K, capacity 78054K, committed 78336K, reserved 1116160K
  class space    used 10273K, capacity 10891K, committed 11008K, reserved 1048576K
Event: 65.889 GC heap after
Heap after GC invocations=22 (full 3):
 PSYoungGen      total 220160K, used 24418K [0x00000000d5580000, 0x00000000e6000000, 0x0000000100000000)
  eden space 195072K, 0% used [0x00000000d5580000,0x00000000d5580000,0x00000000e1400000)
  from space 25088K, 97% used [0x00000000e1400000,0x00000000e2bd8828,0x00000000e2c80000)
  to   space 29184K, 0% used [0x00000000e4380000,0x00000000e4380000,0x00000000e6000000)
 ParOldGen       total 89088K, used 47014K [0x0000000080000000, 0x0000000085700000, 0x00000000d5580000)
  object space 89088K, 52% used [0x0000000080000000,0x0000000082de9928,0x0000000085700000)
 Metaspace       used 74753K, capacity 78054K, committed 78336K, reserved 1116160K
  class space    used 10273K, capacity 10891K, committed 11008K, reserved 1048576K
}

