# JRE version: OpenJDK Runtime Environment (8.0_302-b08) (build 1.8.0_302-b08)
# Java VM: OpenJDK 64-Bit Server VM (25.302-b08 mixed mode windows-amd64 compressed oops)
Heap:
 PSYoungGen      total 358912K, used 205827K [0x00000000d5580000, 0x00000000ede00000, 0x0000000100000000)
  eden space 323072K, 53% used [0x00000000d5580000,0x00000000dffb1648,0x00000000e9100000)
  from space 35840K, 88% used [0x00000000e9100000,0x00000000eafcf6f8,0x00000000eb400000)
  to   space 31744K, 0% used [0x00000000eb400000,0x00000000eb400000,0x00000000ed300000)
 ParOldGen       total 86528K, used 64274K [0x0000000080000000, 0x0000000085480000, 0x00000000d5580000)
  object space 86528K, 74% used [0x0000000080000000,0x0000000083ec4850,0x0000000085480000)
 Metaspace       used 94023K, capacity 98476K, committed 98600K, reserved 1134592K
  class space    used 12818K, capacity 13639K, committed 13696K, reserved 1048576K
GC Heap History (10 events):
Event: 17.537 GC heap before
{Heap before GC invocations=16 (full 3):
 PSYoungGen      total 235008K, used 2786K [0x00000000d5580000, 0x00000000e9400000, 0x0000000100000000)
  eden space 213504K, 0% used [0x00000000d5580000,0x00000000d5580000,0x00000000e2600000)
  from space 21504K, 12% used [0x00000000e2600000,0x00000000e28b8880,0x00000000e3b00000)
  to   space 20992K, 0% used [0x00000000e7f80000,0x00000000e7f80000,0x00000000e9400000)
 ParOldGen       total 51712K, used 39021K [0x0000000080000000, 0x0000000083280000, 0x00000000d5580000)
  object space 51712K, 75% used [0x0000000080000000,0x000000008261b668,0x0000000083280000)
 Metaspace       used 56919K, capacity 59098K, committed 59160K, reserved 1099776K
  class space    used 7830K, capacity 8298K, committed 8320K, reserved 1048576K
Event: 17.783 GC heap after
Heap after GC invocations=16 (full 3):
 PSYoungGen      total 235008K, used 0K [0x00000000d5580000, 0x00000000e9400000, 0x0000000100000000)
  eden space 213504K, 0% used [0x00000000d5580000,0x00000000d5580000,0x00000000e2600000)
  from space 21504K, 0% used [0x00000000e2600000,0x00000000e2600000,0x00000000e3b00000)
  to   space 20992K, 0% used [0x00000000e7f80000,0x00000000e7f80000,0x00000000e9400000)
 ParOldGen       total 86528K, used 33532K [0x0000000080000000, 0x0000000085480000, 0x00000000d5580000)
  object space 86528K, 38% used [0x0000000080000000,0x00000000820bf220,0x0000000085480000)
 Metaspace       used 56910K, capacity 59068K, committed 59160K, reserved 1099776K
  class space    used 7827K, capacity 8293K, committed 8320K, reserved 1048576K
}
Event: 41.706 GC heap before
{Heap before GC invocations=17 (full 3):
 PSYoungGen      total 235008K, used 213504K [0x00000000d5580000, 0x00000000e9400000, 0x0000000100000000)
  eden space 213504K, 100% used [0x00000000d5580000,0x00000000e2600000,0x00000000e2600000)
  from space 21504K, 0% used [0x00000000e2600000,0x00000000e2600000,0x00000000e3b00000)
  to   space 20992K, 0% used [0x00000000e7f80000,0x00000000e7f80000,0x00000000e9400000)
 ParOldGen       total 86528K, used 33532K [0x0000000080000000, 0x0000000085480000, 0x00000000d5580000)
  object space 86528K, 38% used [0x0000000080000000,0x00000000820bf220,0x0000000085480000)
 Metaspace       used 67431K, capacity 70390K, committed 70528K, reserved 1110016K
  class space    used 9430K, capacity 10031K, committed 10112K, reserved 1048576K
Event: 41.798 GC heap after
Heap after GC invocations=17 (full 3):
 PSYoungGen      total 288256K, used 20220K [0x00000000d5580000, 0x00000000e9380000, 0x0000000100000000)
  eden space 267776K, 0% used [0x00000000d5580000,0x00000000d5580000,0x00000000e5b00000)
  from space 20480K, 98% used [0x00000000e7f80000,0x00000000e933f3c8,0x00000000e9380000)
  to   space 24064K, 0% used [0x00000000e6480000,0x00000000e6480000,0x00000000e7c00000)
 ParOldGen       total 86528K, used 33540K [0x0000000080000000, 0x0000000085480000, 0x00000000d5580000)
  object space 86528K, 38% used [0x0000000080000000,0x00000000820c1220,0x0000000085480000)
 Metaspace       used 67431K, capacity 70390K, committed 70528K, reserved 1110016K
  class space    used 9430K, capacity 10031K, committed 10112K, reserved 1048576K
}
Event: 166.971 GC heap before
{Heap before GC invocations=18 (full 3):
 PSYoungGen      total 288256K, used 287996K [0x00000000d5580000, 0x00000000e9380000, 0x0000000100000000)
  eden space 267776K, 100% used [0x00000000d5580000,0x00000000e5b00000,0x00000000e5b00000)
  from space 20480K, 98% used [0x00000000e7f80000,0x00000000e933f3c8,0x00000000e9380000)
  to   space 24064K, 0% used [0x00000000e6480000,0x00000000e6480000,0x00000000e7c00000)
 ParOldGen       total 86528K, used 33540K [0x0000000080000000, 0x0000000085480000, 0x00000000d5580000)
  object space 86528K, 38% used [0x0000000080000000,0x00000000820c1220,0x0000000085480000)
 Metaspace       used 72617K, capacity 75798K, committed 75904K, reserved 1114112K
  class space    used 9994K, capacity 10583K, committed 10624K, reserved 1048576K
Event: 167.469 GC heap after
Heap after GC invocations=18 (full 3):
 PSYoungGen      total 301568K, used 24062K [0x00000000d5580000, 0x00000000ed300000, 0x0000000100000000)
  eden space 277504K, 0% used [0x00000000d5580000,0x00000000d5580000,0x00000000e6480000)
  from space 24064K, 99% used [0x00000000e6480000,0x00000000e7bffb80,0x00000000e7c00000)
  to   space 31744K, 0% used [0x00000000eb400000,0x00000000eb400000,0x00000000ed300000)
 ParOldGen       total 86528K, used 43176K [0x0000000080000000, 0x0000000085480000, 0x00000000d5580000)
  object space 86528K, 49% used [0x0000000080000000,0x0000000082a2a0a8,0x0000000085480000)
 Metaspace       used 72617K, capacity 75798K, committed 75904K, reserved 1114112K
  class space    used 9994K, capacity 10583K, committed 10624K, reserved 1048576K
}
Event: 213.174 GC heap before
{Heap before GC invocations=19 (full 3):
 PSYoungGen      total 301568K, used 301169K [0x00000000d5580000, 0x00000000ed300000, 0x0000000100000000)
  eden space 277504K, 99% used [0x00000000d5580000,0x00000000e641c8e8,0x00000000e6480000)
  from space 24064K, 99% used [0x00000000e6480000,0x00000000e7bffb80,0x00000000e7c00000)
  to   space 31744K, 0% used [0x00000000eb400000,0x00000000eb400000,0x00000000ed300000)
 ParOldGen       total 86528K, used 43176K [0x0000000080000000, 0x0000000085480000, 0x00000000d5580000)
  object space 86528K, 49% used [0x0000000080000000,0x0000000082a2a0a8,0x0000000085480000)
 Metaspace       used 82247K, capacity 85698K, committed 86016K, reserved 1124352K
  class space    used 11265K, capacity 11908K, committed 12032K, reserved 1048576K
Event: 213.255 GC heap after
Heap after GC invocations=19 (full 3):
 PSYoungGen      total 354816K, used 27532K [0x00000000d5580000, 0x00000000ede00000, 0x0000000100000000)
  eden space 323072K, 0% used [0x00000000d5580000,0x00000000d5580000,0x00000000e9100000)
  from space 31744K, 86% used [0x00000000eb400000,0x00000000ecee33b8,0x00000000ed300000)
  to   space 35840K, 0% used [0x00000000e9100000,0x00000000e9100000,0x00000000eb400000)
 ParOldGen       total 86528K, used 64266K [0x0000000080000000, 0x0000000085480000, 0x00000000d5580000)
  object space 86528K, 74% used [0x0000000080000000,0x0000000083ec2850,0x0000000085480000)
 Metaspace       used 82247K, capacity 85698K, committed 86016K, reserved 1124352K
  class space    used 11265K, capacity 11908K, committed 12032K, reserved 1048576K
}
Event: 221.633 GC heap before
{Heap before GC invocations=20 (full 3):
 PSYoungGen      total 354816K, used 350604K [0x00000000d5580000, 0x00000000ede00000, 0x0000000100000000)
  eden space 323072K, 100% used [0x00000000d5580000,0x00000000e9100000,0x00000000e9100000)
  from space 31744K, 86% used [0x00000000eb400000,0x00000000ecee33b8,0x00000000ed300000)
  to   space 35840K, 0% used [0x00000000e9100000,0x00000000e9100000,0x00000000eb400000)
 ParOldGen       total 86528K, used 64266K [0x0000000080000000, 0x0000000085480000, 0x00000000d5580000)
  object space 86528K, 74% used [0x0000000080000000,0x0000000083ec2850,0x0000000085480000)
 Metaspace       used 85142K, capacity 88608K, committed 88960K, reserved 1126400K
  class space    used 11460K, capacity 12077K, committed 12160K, reserved 1048576K
Event: 221.704 GC heap after
Heap after GC invocations=20 (full 3):
 PSYoungGen      total 358912K, used 31549K [0x00000000d5580000, 0x00000000ede00000, 0x0000000100000000)
  eden space 323072K, 0% used [0x00000000d5580000,0x00000000d5580000,0x00000000e9100000)
  from space 35840K, 88% used [0x00000000e9100000,0x00000000eafcf6f8,0x00000000eb400000)
  to   space 31744K, 0% used [0x00000000eb400000,0x00000000eb400000,0x00000000ed300000)
 ParOldGen       total 86528K, used 64274K [0x0000000080000000, 0x0000000085480000, 0x00000000d5580000)
  object space 86528K, 74% used [0x0000000080000000,0x0000000083ec4850,0x0000000085480000)
 Metaspace       used 85142K, capacity 88608K, committed 88960K, reserved 1126400K
  class space    used 11460K, capacity 12077K, committed 12160K, reserved 1048576K
}

