# JRE version: OpenJDK Runtime Environment (8.0_302-b08) (build 1.8.0_302-b08)
# Java VM: OpenJDK 64-Bit Server VM (25.302-b08 mixed mode windows-amd64 compressed oops)
Heap:
 PSYoungGen      total 566784K, used 97692K [0x00000000d5580000, 0x0000000100000000, 0x0000000100000000)
  eden space 514560K, 18% used [0x00000000d5580000,0x00000000db4e93b0,0x00000000f4c00000)
  from space 52224K, 0% used [0x00000000fcd00000,0x00000000fcd00000,0x0000000100000000)
  to   space 92160K, 0% used [0x00000000f4c00000,0x00000000f4c00000,0x00000000fa600000)
 ParOldGen       total 340992K, used 193926K [0x0000000080000000, 0x0000000094d00000, 0x00000000d5580000)
  object space 340992K, 56% used [0x0000000080000000,0x000000008bd61870,0x0000000094d00000)
 Metaspace       used 86785K, capacity 91232K, committed 91520K, reserved 1128448K
  class space    used 11834K, capacity 12630K, committed 12672K, reserved 1048576K
GC Heap History (10 events):
Event: 179.121 GC heap before
{Heap before GC invocations=52 (full 7):
 PSYoungGen      total 641536K, used 11042K [0x00000000d5580000, 0x0000000100000000, 0x0000000100000000)
  eden space 584192K, 0% used [0x00000000d5580000,0x00000000d5580000,0x00000000f9000000)
  from space 57344K, 19% used [0x00000000f9000000,0x00000000f9ac8b28,0x00000000fc800000)
  to   space 56320K, 0% used [0x00000000fc900000,0x00000000fc900000,0x0000000100000000)
 ParOldGen       total 232448K, used 222216K [0x0000000080000000, 0x000000008e300000, 0x00000000d5580000)
  object space 232448K, 95% used [0x0000000080000000,0x000000008d9022d8,0x000000008e300000)
 Metaspace       used 85997K, capacity 90324K, committed 90368K, reserved 1126400K
  class space    used 11769K, capacity 12542K, committed 12544K, reserved 1048576K
Event: 179.438 GC heap after
Heap after GC invocations=52 (full 7):
 PSYoungGen      total 641536K, used 0K [0x00000000d5580000, 0x0000000100000000, 0x0000000100000000)
  eden space 584192K, 0% used [0x00000000d5580000,0x00000000d5580000,0x00000000f9000000)
  from space 57344K, 0% used [0x00000000f9000000,0x00000000f9000000,0x00000000fc800000)
  to   space 56320K, 0% used [0x00000000fc900000,0x00000000fc900000,0x0000000100000000)
 ParOldGen       total 240128K, used 128659K [0x0000000080000000, 0x000000008ea80000, 0x00000000d5580000)
  object space 240128K, 53% used [0x0000000080000000,0x0000000087da4ec8,0x000000008ea80000)
 Metaspace       used 85997K, capacity 90324K, committed 90368K, reserved 1126400K
  class space    used 11769K, capacity 12542K, committed 12544K, reserved 1048576K
}
Event: 180.691 GC heap before
{Heap before GC invocations=53 (full 7):
 PSYoungGen      total 641536K, used 584192K [0x00000000d5580000, 0x0000000100000000, 0x0000000100000000)
  eden space 584192K, 100% used [0x00000000d5580000,0x00000000f9000000,0x00000000f9000000)
  from space 57344K, 0% used [0x00000000f9000000,0x00000000f9000000,0x00000000fc800000)
  to   space 56320K, 0% used [0x00000000fc900000,0x00000000fc900000,0x0000000100000000)
 ParOldGen       total 240128K, used 128659K [0x0000000080000000, 0x000000008ea80000, 0x00000000d5580000)
  object space 240128K, 53% used [0x0000000080000000,0x0000000087da4ec8,0x000000008ea80000)
 Metaspace       used 86061K, capacity 90388K, committed 90624K, reserved 1128448K
  class space    used 11769K, capacity 12542K, committed 12544K, reserved 1048576K
Event: 180.730 GC heap after
Heap after GC invocations=53 (full 7):
 PSYoungGen      total 634368K, used 23755K [0x00000000d5580000, 0x00000000ff900000, 0x0000000100000000)
  eden space 585216K, 0% used [0x00000000d5580000,0x00000000d5580000,0x00000000f9100000)
  from space 49152K, 48% used [0x00000000fc900000,0x00000000fe032c38,0x00000000ff900000)
  to   space 53248K, 0% used [0x00000000f9100000,0x00000000f9100000,0x00000000fc500000)
 ParOldGen       total 240128K, used 128659K [0x0000000080000000, 0x000000008ea80000, 0x00000000d5580000)
  object space 240128K, 53% used [0x0000000080000000,0x0000000087da4ec8,0x000000008ea80000)
 Metaspace       used 86061K, capacity 90388K, committed 90624K, reserved 1128448K
  class space    used 11769K, capacity 12542K, committed 12544K, reserved 1048576K
}
Event: 182.408 GC heap before
{Heap before GC invocations=54 (full 7):
 PSYoungGen      total 634368K, used 608971K [0x00000000d5580000, 0x00000000ff900000, 0x0000000100000000)
  eden space 585216K, 100% used [0x00000000d5580000,0x00000000f9100000,0x00000000f9100000)
  from space 49152K, 48% used [0x00000000fc900000,0x00000000fe032c38,0x00000000ff900000)
  to   space 53248K, 0% used [0x00000000f9100000,0x00000000f9100000,0x00000000fc500000)
 ParOldGen       total 240128K, used 128659K [0x0000000080000000, 0x000000008ea80000, 0x00000000d5580000)
  object space 240128K, 53% used [0x0000000080000000,0x0000000087da4ec8,0x000000008ea80000)
 Metaspace       used 86066K, capacity 90388K, committed 90624K, reserved 1128448K
  class space    used 11769K, capacity 12542K, committed 12544K, reserved 1048576K
Event: 182.431 GC heap after
Heap after GC invocations=54 (full 7):
 PSYoungGen      total 638464K, used 10032K [0x00000000d5580000, 0x0000000100000000, 0x0000000100000000)
  eden space 585216K, 0% used [0x00000000d5580000,0x00000000d5580000,0x00000000f9100000)
  from space 53248K, 18% used [0x00000000f9100000,0x00000000f9acc010,0x00000000fc500000)
  to   space 52224K, 0% used [0x00000000fcd00000,0x00000000fcd00000,0x0000000100000000)
 ParOldGen       total 240128K, used 136907K [0x0000000080000000, 0x000000008ea80000, 0x00000000d5580000)
  object space 240128K, 57% used [0x0000000080000000,0x00000000885b2f10,0x000000008ea80000)
 Metaspace       used 86066K, capacity 90388K, committed 90624K, reserved 1128448K
  class space    used 11769K, capacity 12542K, committed 12544K, reserved 1048576K
}
Event: 185.814 GC heap before
{Heap before GC invocations=55 (full 7):
 PSYoungGen      total 638464K, used 595248K [0x00000000d5580000, 0x0000000100000000, 0x0000000100000000)
  eden space 585216K, 100% used [0x00000000d5580000,0x00000000f9100000,0x00000000f9100000)
  from space 53248K, 18% used [0x00000000f9100000,0x00000000f9acc010,0x00000000fc500000)
  to   space 52224K, 0% used [0x00000000fcd00000,0x00000000fcd00000,0x0000000100000000)
 ParOldGen       total 240128K, used 136907K [0x0000000080000000, 0x000000008ea80000, 0x00000000d5580000)
  object space 240128K, 57% used [0x0000000080000000,0x00000000885b2f10,0x000000008ea80000)
 Metaspace       used 86768K, capacity 91190K, committed 91264K, reserved 1128448K
  class space    used 11836K, capacity 12635K, committed 12672K, reserved 1048576K
Event: 186.068 GC heap after
Heap after GC invocations=55 (full 7):
 PSYoungGen      total 566784K, used 52198K [0x00000000d5580000, 0x0000000100000000, 0x0000000100000000)
  eden space 514560K, 0% used [0x00000000d5580000,0x00000000d5580000,0x00000000f4c00000)
  from space 52224K, 99% used [0x00000000fcd00000,0x00000000ffff9968,0x0000000100000000)
  to   space 92160K, 0% used [0x00000000f4c00000,0x00000000f4c00000,0x00000000fa600000)
 ParOldGen       total 240128K, used 221611K [0x0000000080000000, 0x000000008ea80000, 0x00000000d5580000)
  object space 240128K, 92% used [0x0000000080000000,0x000000008d86ad50,0x000000008ea80000)
 Metaspace       used 86768K, capacity 91190K, committed 91264K, reserved 1128448K
  class space    used 11836K, capacity 12635K, committed 12672K, reserved 1048576K
}
Event: 186.068 GC heap before
{Heap before GC invocations=56 (full 8):
 PSYoungGen      total 566784K, used 52198K [0x00000000d5580000, 0x0000000100000000, 0x0000000100000000)
  eden space 514560K, 0% used [0x00000000d5580000,0x00000000d5580000,0x00000000f4c00000)
  from space 52224K, 99% used [0x00000000fcd00000,0x00000000ffff9968,0x0000000100000000)
  to   space 92160K, 0% used [0x00000000f4c00000,0x00000000f4c00000,0x00000000fa600000)
 ParOldGen       total 240128K, used 221611K [0x0000000080000000, 0x000000008ea80000, 0x00000000d5580000)
  object space 240128K, 92% used [0x0000000080000000,0x000000008d86ad50,0x000000008ea80000)
 Metaspace       used 86768K, capacity 91190K, committed 91264K, reserved 1128448K
  class space    used 11836K, capacity 12635K, committed 12672K, reserved 1048576K
Event: 186.845 GC heap after
Heap after GC invocations=56 (full 8):
 PSYoungGen      total 566784K, used 0K [0x00000000d5580000, 0x0000000100000000, 0x0000000100000000)
  eden space 514560K, 0% used [0x00000000d5580000,0x00000000d5580000,0x00000000f4c00000)
  from space 52224K, 0% used [0x00000000fcd00000,0x00000000fcd00000,0x0000000100000000)
  to   space 92160K, 0% used [0x00000000f4c00000,0x00000000f4c00000,0x00000000fa600000)
 ParOldGen       total 340992K, used 193926K [0x0000000080000000, 0x0000000094d00000, 0x00000000d5580000)
  object space 340992K, 56% used [0x0000000080000000,0x000000008bd61870,0x0000000094d00000)
 Metaspace       used 86760K, capacity 91168K, committed 91264K, reserved 1128448K
  class space    used 11833K, capacity 12630K, committed 12672K, reserved 1048576K
}

