# JRE version: OpenJDK Runtime Environment (8.0_302-b08) (build 1.8.0_302-b08)
# Java VM: OpenJDK 64-Bit Server VM (25.302-b08 mixed mode windows-amd64 compressed oops)
Heap:
 PSYoungGen      total 235008K, used 24806K [0x00000000d5580000, 0x00000000eb280000, 0x0000000100000000)
  eden space 214528K, 11% used [0x00000000d5580000,0x00000000d6db9ab0,0x00000000e2700000)
  from space 20480K, 0% used [0x00000000e2700000,0x00000000e2700000,0x00000000e3b00000)
  to   space 19968K, 0% used [0x00000000e9f00000,0x00000000e9f00000,0x00000000eb280000)
 ParOldGen       total 81920K, used 34136K [0x0000000080000000, 0x0000000085000000, 0x00000000d5580000)
  object space 81920K, 41% used [0x0000000080000000,0x0000000082156338,0x0000000085000000)
 Metaspace       used 58506K, capacity 60776K, committed 61056K, reserved 1101824K
  class space    used 8088K, capacity 8524K, committed 8576K, reserved 1048576K
GC Heap History (10 events):
Event: 10.040 GC heap before
{Heap before GC invocations=12 (full 2):
 PSYoungGen      total 181248K, used 8676K [0x00000000d5580000, 0x00000000e1c00000, 0x0000000100000000)
  eden space 168960K, 0% used [0x00000000d5580000,0x00000000d5580000,0x00000000dfa80000)
  from space 12288K, 70% used [0x00000000e0700000,0x00000000e0f791f0,0x00000000e1300000)
  to   space 12800K, 0% used [0x00000000dfa80000,0x00000000dfa80000,0x00000000e0700000)
 ParOldGen       total 34816K, used 14056K [0x0000000080000000, 0x0000000082200000, 0x00000000d5580000)
  object space 34816K, 40% used [0x0000000080000000,0x0000000080dba1e8,0x0000000082200000)
 Metaspace       used 34381K, capacity 35444K, committed 35496K, reserved 1079296K
  class space    used 4843K, capacity 5097K, committed 5120K, reserved 1048576K
Event: 10.149 GC heap after
Heap after GC invocations=12 (full 2):
 PSYoungGen      total 181248K, used 0K [0x00000000d5580000, 0x00000000e1c00000, 0x0000000100000000)
  eden space 168960K, 0% used [0x00000000d5580000,0x00000000d5580000,0x00000000dfa80000)
  from space 12288K, 0% used [0x00000000e0700000,0x00000000e0700000,0x00000000e1300000)
  to   space 12800K, 0% used [0x00000000dfa80000,0x00000000dfa80000,0x00000000e0700000)
 ParOldGen       total 51712K, used 15158K [0x0000000080000000, 0x0000000083280000, 0x00000000d5580000)
  object space 51712K, 29% used [0x0000000080000000,0x0000000080ecd908,0x0000000083280000)
 Metaspace       used 34381K, capacity 35444K, committed 35496K, reserved 1079296K
  class space    used 4843K, capacity 5097K, committed 5120K, reserved 1048576K
}
Event: 15.091 GC heap before
{Heap before GC invocations=13 (full 2):
 PSYoungGen      total 181248K, used 168960K [0x00000000d5580000, 0x00000000e1c00000, 0x0000000100000000)
  eden space 168960K, 100% used [0x00000000d5580000,0x00000000dfa80000,0x00000000dfa80000)
  from space 12288K, 0% used [0x00000000e0700000,0x00000000e0700000,0x00000000e1300000)
  to   space 12800K, 0% used [0x00000000dfa80000,0x00000000dfa80000,0x00000000e0700000)
 ParOldGen       total 51712K, used 15158K [0x0000000080000000, 0x0000000083280000, 0x00000000d5580000)
  object space 51712K, 29% used [0x0000000080000000,0x0000000080ecd908,0x0000000083280000)
 Metaspace       used 41212K, capacity 43038K, committed 43264K, reserved 1087488K
  class space    used 5759K, capacity 6133K, committed 6144K, reserved 1048576K
Event: 15.115 GC heap after
Heap after GC invocations=13 (full 2):
 PSYoungGen      total 181760K, used 11421K [0x00000000d5580000, 0x00000000e4900000, 0x0000000100000000)
  eden space 168960K, 0% used [0x00000000d5580000,0x00000000d5580000,0x00000000dfa80000)
  from space 12800K, 89% used [0x00000000dfa80000,0x00000000e05a7710,0x00000000e0700000)
  to   space 14336K, 0% used [0x00000000e3b00000,0x00000000e3b00000,0x00000000e4900000)
 ParOldGen       total 51712K, used 15166K [0x0000000080000000, 0x0000000083280000, 0x00000000d5580000)
  object space 51712K, 29% used [0x0000000080000000,0x0000000080ecf908,0x0000000083280000)
 Metaspace       used 41212K, capacity 43038K, committed 43264K, reserved 1087488K
  class space    used 5759K, capacity 6133K, committed 6144K, reserved 1048576K
}
Event: 18.547 GC heap before
{Heap before GC invocations=14 (full 2):
 PSYoungGen      total 181760K, used 180381K [0x00000000d5580000, 0x00000000e4900000, 0x0000000100000000)
  eden space 168960K, 100% used [0x00000000d5580000,0x00000000dfa80000,0x00000000dfa80000)
  from space 12800K, 89% used [0x00000000dfa80000,0x00000000e05a7710,0x00000000e0700000)
  to   space 14336K, 0% used [0x00000000e3b00000,0x00000000e3b00000,0x00000000e4900000)
 ParOldGen       total 51712K, used 15166K [0x0000000080000000, 0x0000000083280000, 0x00000000d5580000)
  object space 51712K, 29% used [0x0000000080000000,0x0000000080ecf908,0x0000000083280000)
 Metaspace       used 53966K, capacity 56066K, committed 56192K, reserved 1097728K
  class space    used 7317K, capacity 7756K, committed 7808K, reserved 1048576K
Event: 18.597 GC heap after
Heap after GC invocations=14 (full 2):
 PSYoungGen      total 228864K, used 14318K [0x00000000d5580000, 0x00000000e5300000, 0x0000000100000000)
  eden space 214528K, 0% used [0x00000000d5580000,0x00000000d5580000,0x00000000e2700000)
  from space 14336K, 99% used [0x00000000e3b00000,0x00000000e48fb8a8,0x00000000e4900000)
  to   space 20480K, 0% used [0x00000000e2700000,0x00000000e2700000,0x00000000e3b00000)
 ParOldGen       total 51712K, used 26250K [0x0000000080000000, 0x0000000083280000, 0x00000000d5580000)
  object space 51712K, 50% used [0x0000000080000000,0x00000000819a2808,0x0000000083280000)
 Metaspace       used 53966K, capacity 56066K, committed 56192K, reserved 1097728K
  class space    used 7317K, capacity 7756K, committed 7808K, reserved 1048576K
}
Event: 19.339 GC heap before
{Heap before GC invocations=15 (full 2):
 PSYoungGen      total 228864K, used 49556K [0x00000000d5580000, 0x00000000e5300000, 0x0000000100000000)
  eden space 214528K, 16% used [0x00000000d5580000,0x00000000d77e98f8,0x00000000e2700000)
  from space 14336K, 99% used [0x00000000e3b00000,0x00000000e48fb8a8,0x00000000e4900000)
  to   space 20480K, 0% used [0x00000000e2700000,0x00000000e2700000,0x00000000e3b00000)
 ParOldGen       total 51712K, used 26250K [0x0000000080000000, 0x0000000083280000, 0x00000000d5580000)
  object space 51712K, 50% used [0x0000000080000000,0x00000000819a2808,0x0000000083280000)
 Metaspace       used 56885K, capacity 59042K, committed 59160K, reserved 1099776K
  class space    used 7803K, capacity 8262K, committed 8320K, reserved 1048576K
Event: 19.603 GC heap after
Heap after GC invocations=15 (full 2):
 PSYoungGen      total 235008K, used 4681K [0x00000000d5580000, 0x00000000eb280000, 0x0000000100000000)
  eden space 214528K, 0% used [0x00000000d5580000,0x00000000d5580000,0x00000000e2700000)
  from space 20480K, 22% used [0x00000000e2700000,0x00000000e2b926a8,0x00000000e3b00000)
  to   space 19968K, 0% used [0x00000000e9f00000,0x00000000e9f00000,0x00000000eb280000)
 ParOldGen       total 51712K, used 37699K [0x0000000080000000, 0x0000000083280000, 0x00000000d5580000)
  object space 51712K, 72% used [0x0000000080000000,0x00000000824d0dc8,0x0000000083280000)
 Metaspace       used 56885K, capacity 59042K, committed 59160K, reserved 1099776K
  class space    used 7803K, capacity 8262K, committed 8320K, reserved 1048576K
}
Event: 19.603 GC heap before
{Heap before GC invocations=16 (full 3):
 PSYoungGen      total 235008K, used 4681K [0x00000000d5580000, 0x00000000eb280000, 0x0000000100000000)
  eden space 214528K, 0% used [0x00000000d5580000,0x00000000d5580000,0x00000000e2700000)
  from space 20480K, 22% used [0x00000000e2700000,0x00000000e2b926a8,0x00000000e3b00000)
  to   space 19968K, 0% used [0x00000000e9f00000,0x00000000e9f00000,0x00000000eb280000)
 ParOldGen       total 51712K, used 37699K [0x0000000080000000, 0x0000000083280000, 0x00000000d5580000)
  object space 51712K, 72% used [0x0000000080000000,0x00000000824d0dc8,0x0000000083280000)
 Metaspace       used 56885K, capacity 59042K, committed 59160K, reserved 1099776K
  class space    used 7803K, capacity 8262K, committed 8320K, reserved 1048576K
Event: 19.984 GC heap after
Heap after GC invocations=16 (full 3):
 PSYoungGen      total 235008K, used 0K [0x00000000d5580000, 0x00000000eb280000, 0x0000000100000000)
  eden space 214528K, 0% used [0x00000000d5580000,0x00000000d5580000,0x00000000e2700000)
  from space 20480K, 0% used [0x00000000e2700000,0x00000000e2700000,0x00000000e3b00000)
  to   space 19968K, 0% used [0x00000000e9f00000,0x00000000e9f00000,0x00000000eb280000)
 ParOldGen       total 81920K, used 34136K [0x0000000080000000, 0x0000000085000000, 0x00000000d5580000)
  object space 81920K, 41% used [0x0000000080000000,0x0000000082156338,0x0000000085000000)
 Metaspace       used 56884K, capacity 59036K, committed 59160K, reserved 1099776K
  class space    used 7802K, capacity 8261K, committed 8320K, reserved 1048576K
}

