# JRE version: OpenJDK Runtime Environment (8.0_302-b08) (build 1.8.0_302-b08)
# Java VM: OpenJDK 64-Bit Server VM (25.302-b08 mixed mode windows-amd64 compressed oops)
Heap:
 PSYoungGen      total 135680K, used 35479K [0x00000000d5580000, 0x00000000de480000, 0x0000000100000000)
  eden space 125952K, 20% used [0x00000000d5580000,0x00000000d6ead9f8,0x00000000dd080000)
  from space 9728K, 99% used [0x00000000dd080000,0x00000000dd9f8550,0x00000000dda00000)
  to   space 8704K, 0% used [0x00000000dda00000,0x00000000dda00000,0x00000000de280000)
 ParOldGen       total 39424K, used 12720K [0x0000000080000000, 0x0000000082680000, 0x00000000d5580000)
  object space 39424K, 32% used [0x0000000080000000,0x0000000080c6c3f0,0x0000000082680000)
 Metaspace       used 33100K, capacity 34264K, committed 34432K, reserved 1079296K
  class space    used 4596K, capacity 4894K, committed 4992K, reserved 1048576K
GC Heap History (10 events):
Event: 2.247 GC heap before
{Heap before GC invocations=4 (full 0):
 PSYoungGen      total 34304K, used 34272K [0x00000000d5580000, 0x00000000d9880000, 0x0000000100000000)
  eden space 31744K, 100% used [0x00000000d5580000,0x00000000d7480000,0x00000000d7480000)
  from space 2560K, 98% used [0x00000000d7480000,0x00000000d76f8040,0x00000000d7700000)
  to   space 2560K, 0% used [0x00000000d9600000,0x00000000d9600000,0x00000000d9880000)
 ParOldGen       total 42496K, used 1733K [0x0000000080000000, 0x0000000082980000, 0x00000000d5580000)
  object space 42496K, 4% used [0x0000000080000000,0x00000000801b1450,0x0000000082980000)
 Metaspace       used 11196K, capacity 11466K, committed 11648K, reserved 1058816K
  class space    used 1519K, capacity 1607K, committed 1664K, reserved 1048576K
Event: 2.256 GC heap after
Heap after GC invocations=4 (full 0):
 PSYoungGen      total 66048K, used 2544K [0x00000000d5580000, 0x00000000d9880000, 0x0000000100000000)
  eden space 63488K, 0% used [0x00000000d5580000,0x00000000d5580000,0x00000000d9380000)
  from space 2560K, 99% used [0x00000000d9600000,0x00000000d987c010,0x00000000d9880000)
  to   space 2560K, 0% used [0x00000000d9380000,0x00000000d9380000,0x00000000d9600000)
 ParOldGen       total 42496K, used 4762K [0x0000000080000000, 0x0000000082980000, 0x00000000d5580000)
  object space 42496K, 11% used [0x0000000080000000,0x00000000804a6a50,0x0000000082980000)
 Metaspace       used 11196K, capacity 11466K, committed 11648K, reserved 1058816K
  class space    used 1519K, capacity 1607K, committed 1664K, reserved 1048576K
}
Event: 3.261 GC heap before
{Heap before GC invocations=5 (full 0):
 PSYoungGen      total 66048K, used 66032K [0x00000000d5580000, 0x00000000d9880000, 0x0000000100000000)
  eden space 63488K, 100% used [0x00000000d5580000,0x00000000d9380000,0x00000000d9380000)
  from space 2560K, 99% used [0x00000000d9600000,0x00000000d987c010,0x00000000d9880000)
  to   space 2560K, 0% used [0x00000000d9380000,0x00000000d9380000,0x00000000d9600000)
 ParOldGen       total 42496K, used 4762K [0x0000000080000000, 0x0000000082980000, 0x00000000d5580000)
  object space 42496K, 11% used [0x0000000080000000,0x00000000804a6a50,0x0000000082980000)
 Metaspace       used 16971K, capacity 17602K, committed 17920K, reserved 1064960K
  class space    used 2355K, capacity 2509K, committed 2560K, reserved 1048576K
Event: 3.280 GC heap after
Heap after GC invocations=5 (full 0):
 PSYoungGen      total 66048K, used 2528K [0x00000000d5580000, 0x00000000de280000, 0x0000000100000000)
  eden space 63488K, 0% used [0x00000000d5580000,0x00000000d5580000,0x00000000d9380000)
  from space 2560K, 98% used [0x00000000d9380000,0x00000000d95f8020,0x00000000d9600000)
  to   space 8704K, 0% used [0x00000000dda00000,0x00000000dda00000,0x00000000de280000)
 ParOldGen       total 42496K, used 10714K [0x0000000080000000, 0x0000000082980000, 0x00000000d5580000)
  object space 42496K, 25% used [0x0000000080000000,0x0000000080a76b08,0x0000000082980000)
 Metaspace       used 16971K, capacity 17602K, committed 17920K, reserved 1064960K
  class space    used 2355K, capacity 2509K, committed 2560K, reserved 1048576K
}
Event: 3.956 GC heap before
{Heap before GC invocations=6 (full 0):
 PSYoungGen      total 66048K, used 42680K [0x00000000d5580000, 0x00000000de280000, 0x0000000100000000)
  eden space 63488K, 63% used [0x00000000d5580000,0x00000000d7cb6318,0x00000000d9380000)
  from space 2560K, 98% used [0x00000000d9380000,0x00000000d95f8020,0x00000000d9600000)
  to   space 8704K, 0% used [0x00000000dda00000,0x00000000dda00000,0x00000000de280000)
 ParOldGen       total 42496K, used 10714K [0x0000000080000000, 0x0000000082980000, 0x00000000d5580000)
  object space 42496K, 25% used [0x0000000080000000,0x0000000080a76b08,0x0000000082980000)
 Metaspace       used 20488K, capacity 21212K, committed 21296K, reserved 1067008K
  class space    used 2932K, capacity 3162K, committed 3200K, reserved 1048576K
Event: 3.964 GC heap after
Heap after GC invocations=6 (full 0):
 PSYoungGen      total 134656K, used 7086K [0x00000000d5580000, 0x00000000de480000, 0x0000000100000000)
  eden space 125952K, 0% used [0x00000000d5580000,0x00000000d5580000,0x00000000dd080000)
  from space 8704K, 81% used [0x00000000dda00000,0x00000000de0eb8f8,0x00000000de280000)
  to   space 9728K, 0% used [0x00000000dd080000,0x00000000dd080000,0x00000000dda00000)
 ParOldGen       total 42496K, used 10722K [0x0000000080000000, 0x0000000082980000, 0x00000000d5580000)
  object space 42496K, 25% used [0x0000000080000000,0x0000000080a78b08,0x0000000082980000)
 Metaspace       used 20488K, capacity 21212K, committed 21296K, reserved 1067008K
  class space    used 2932K, capacity 3162K, committed 3200K, reserved 1048576K
}
Event: 3.964 GC heap before
{Heap before GC invocations=7 (full 1):
 PSYoungGen      total 134656K, used 7086K [0x00000000d5580000, 0x00000000de480000, 0x0000000100000000)
  eden space 125952K, 0% used [0x00000000d5580000,0x00000000d5580000,0x00000000dd080000)
  from space 8704K, 81% used [0x00000000dda00000,0x00000000de0eb8f8,0x00000000de280000)
  to   space 9728K, 0% used [0x00000000dd080000,0x00000000dd080000,0x00000000dda00000)
 ParOldGen       total 42496K, used 10722K [0x0000000080000000, 0x0000000082980000, 0x00000000d5580000)
  object space 42496K, 25% used [0x0000000080000000,0x0000000080a78b08,0x0000000082980000)
 Metaspace       used 20488K, capacity 21212K, committed 21296K, reserved 1067008K
  class space    used 2932K, capacity 3162K, committed 3200K, reserved 1048576K
Event: 4.013 GC heap after
Heap after GC invocations=7 (full 1):
 PSYoungGen      total 134656K, used 0K [0x00000000d5580000, 0x00000000de480000, 0x0000000100000000)
  eden space 125952K, 0% used [0x00000000d5580000,0x00000000d5580000,0x00000000dd080000)
  from space 8704K, 0% used [0x00000000dda00000,0x00000000dda00000,0x00000000de280000)
  to   space 9728K, 0% used [0x00000000dd080000,0x00000000dd080000,0x00000000dda00000)
 ParOldGen       total 39424K, used 9725K [0x0000000080000000, 0x0000000082680000, 0x00000000d5580000)
  object space 39424K, 24% used [0x0000000080000000,0x000000008097f478,0x0000000082680000)
 Metaspace       used 20488K, capacity 21212K, committed 21296K, reserved 1067008K
  class space    used 2932K, capacity 3162K, committed 3200K, reserved 1048576K
}
Event: 5.909 GC heap before
{Heap before GC invocations=8 (full 1):
 PSYoungGen      total 134656K, used 125952K [0x00000000d5580000, 0x00000000de480000, 0x0000000100000000)
  eden space 125952K, 100% used [0x00000000d5580000,0x00000000dd080000,0x00000000dd080000)
  from space 8704K, 0% used [0x00000000dda00000,0x00000000dda00000,0x00000000de280000)
  to   space 9728K, 0% used [0x00000000dd080000,0x00000000dd080000,0x00000000dda00000)
 ParOldGen       total 39424K, used 9725K [0x0000000080000000, 0x0000000082680000, 0x00000000d5580000)
  object space 39424K, 24% used [0x0000000080000000,0x000000008097f478,0x0000000082680000)
 Metaspace       used 32135K, capacity 33120K, committed 33408K, reserved 1077248K
  class space    used 4448K, capacity 4721K, committed 4736K, reserved 1048576K
Event: 5.930 GC heap after
Heap after GC invocations=8 (full 1):
 PSYoungGen      total 135680K, used 9697K [0x00000000d5580000, 0x00000000de480000, 0x0000000100000000)
  eden space 125952K, 0% used [0x00000000d5580000,0x00000000d5580000,0x00000000dd080000)
  from space 9728K, 99% used [0x00000000dd080000,0x00000000dd9f8550,0x00000000dda00000)
  to   space 8704K, 0% used [0x00000000dda00000,0x00000000dda00000,0x00000000de280000)
 ParOldGen       total 39424K, used 12720K [0x0000000080000000, 0x0000000082680000, 0x00000000d5580000)
  object space 39424K, 32% used [0x0000000080000000,0x0000000080c6c3f0,0x0000000082680000)
 Metaspace       used 32135K, capacity 33120K, committed 33408K, reserved 1077248K
  class space    used 4448K, capacity 4721K, committed 4736K, reserved 1048576K
}

